This is pdfTeX, Version 3.141592653-2.6-1.40.26 (TeX Live 2024) (preloaded format=pdflatex 2024.9.30)  14 NOV 2024 19:08
entering extended mode
 restricted \write18 enabled.
 %&-line parsing enabled.
**nucleardatapy.tex
(./nucleardatapy.tex
LaTeX2e <2023-11-01> patch level 1
L3 programming layer <2024-02-20>
(./sphinxmanual.cls
Document Class: sphinxmanual 2019/12/01 v2.3.0 Document class (Sphinx manual)
(/usr/local/texlive/2024/texmf-dist/tex/latex/base/report.cls
Document Class: report 2023/05/17 v1.4n Standard LaTeX document class
(/usr/local/texlive/2024/texmf-dist/tex/latex/base/size10.clo
File: size10.clo 2023/05/17 v1.4n Standard LaTeX file (size option)
)
\c@part=\count188
\c@chapter=\count189
\c@section=\count190
\c@subsection=\count191
\c@subsubsection=\count192
\c@paragraph=\count193
\c@subparagraph=\count194
\c@figure=\count195
\c@table=\count196
\abovecaptionskip=\skip48
\belowcaptionskip=\skip49
\bibindent=\dimen140
)
LaTeX Info: Redefining \and on input line 35.
)
(/usr/local/texlive/2024/texmf-dist/tex/latex/base/inputenc.sty
Package: inputenc 2021/02/14 v1.3d Input encoding file
\inpenc@prehook=\toks17
\inpenc@posthook=\toks18
)
   defining Unicode char U+00A0 (decimal 160)
   defining Unicode char U+2500 (decimal 9472)
   defining Unicode char U+2502 (decimal 9474)
   defining Unicode char U+2514 (decimal 9492)
   defining Unicode char U+251C (decimal 9500)
   defining Unicode char U+2572 (decimal 9586)

(/usr/local/texlive/2024/texmf-dist/tex/latex/cmap/cmap.sty
Package: cmap 2021/02/06 v1.0j CMap support: searchable PDF
)
(/usr/local/texlive/2024/texmf-dist/tex/latex/base/fontenc.sty
Package: fontenc 2021/04/29 v2.0v Standard LaTeX package
<<t1.cmap>>)
(/usr/local/texlive/2024/texmf-dist/tex/latex/amsmath/amsmath.sty
Package: amsmath 2023/05/13 v2.17o AMS math features
\@mathmargin=\skip50

For additional information on amsmath, use the `?' option.
(/usr/local/texlive/2024/texmf-dist/tex/latex/amsmath/amstext.sty
Package: amstext 2021/08/26 v2.01 AMS text

(/usr/local/texlive/2024/texmf-dist/tex/latex/amsmath/amsgen.sty
File: amsgen.sty 1999/11/30 v2.0 generic functions
\@emptytoks=\toks19
\ex@=\dimen141
))
(/usr/local/texlive/2024/texmf-dist/tex/latex/amsmath/amsbsy.sty
Package: amsbsy 1999/11/29 v1.2d Bold Symbols
\pmbraise@=\dimen142
)
(/usr/local/texlive/2024/texmf-dist/tex/latex/amsmath/amsopn.sty
Package: amsopn 2022/04/08 v2.04 operator names
)
\inf@bad=\count197
LaTeX Info: Redefining \frac on input line 234.
\uproot@=\count198
\leftroot@=\count199
LaTeX Info: Redefining \overline on input line 399.
LaTeX Info: Redefining \colon on input line 410.
\classnum@=\count266
\DOTSCASE@=\count267
LaTeX Info: Redefining \ldots on input line 496.
LaTeX Info: Redefining \dots on input line 499.
LaTeX Info: Redefining \cdots on input line 620.
\Mathstrutbox@=\box51
\strutbox@=\box52
LaTeX Info: Redefining \big on input line 722.
LaTeX Info: Redefining \Big on input line 723.
LaTeX Info: Redefining \bigg on input line 724.
LaTeX Info: Redefining \Bigg on input line 725.
\big@size=\dimen143
LaTeX Font Info:    Redeclaring font encoding OML on input line 743.
LaTeX Font Info:    Redeclaring font encoding OMS on input line 744.
\macc@depth=\count268
LaTeX Info: Redefining \bmod on input line 905.
LaTeX Info: Redefining \pmod on input line 910.
LaTeX Info: Redefining \smash on input line 940.
LaTeX Info: Redefining \relbar on input line 970.
LaTeX Info: Redefining \Relbar on input line 971.
\c@MaxMatrixCols=\count269
\dotsspace@=\muskip16
\c@parentequation=\count270
\dspbrk@lvl=\count271
\tag@help=\toks20
\row@=\count272
\column@=\count273
\maxfields@=\count274
\andhelp@=\toks21
\eqnshift@=\dimen144
\alignsep@=\dimen145
\tagshift@=\dimen146
\tagwidth@=\dimen147
\totwidth@=\dimen148
\lineht@=\dimen149
\@envbody=\toks22
\multlinegap=\skip51
\multlinetaggap=\skip52
\mathdisplay@stack=\toks23
LaTeX Info: Redefining \[ on input line 2953.
LaTeX Info: Redefining \] on input line 2954.
)
(/usr/local/texlive/2024/texmf-dist/tex/latex/amsfonts/amssymb.sty
Package: amssymb 2013/01/14 v3.01 AMS font symbols

(/usr/local/texlive/2024/texmf-dist/tex/latex/amsfonts/amsfonts.sty
Package: amsfonts 2013/01/14 v3.01 Basic AMSFonts support
\symAMSa=\mathgroup4
\symAMSb=\mathgroup5
LaTeX Font Info:    Redeclaring math symbol \hbar on input line 98.
LaTeX Font Info:    Overwriting math alphabet `\mathfrak' in version `bold'
(Font)                  U/euf/m/n --> U/euf/b/n on input line 106.
))
(/usr/local/texlive/2024/texmf-dist/tex/generic/babel/babel.sty
Package: babel 2024/02/07 v24.2 The Babel package
\babel@savecnt=\count275
\U@D=\dimen150
\l@unhyphenated=\language89

(/usr/local/texlive/2024/texmf-dist/tex/generic/babel/txtbabel.def)
\bbl@readstream=\read2
\bbl@dirlevel=\count276

(/usr/local/texlive/2024/texmf-dist/tex/generic/babel-english/english.ldf
Language: english 2017/06/06 v3.3r English support from the babel system
Package babel Info: Hyphen rules for 'canadian' set to \l@english
(babel)             (\language0). Reported on input line 102.
Package babel Info: Hyphen rules for 'australian' set to \l@ukenglish
(babel)             (\language23). Reported on input line 105.
Package babel Info: Hyphen rules for 'newzealand' set to \l@ukenglish
(babel)             (\language23). Reported on input line 108.
))
(/usr/local/texlive/2024/texmf-dist/tex/generic/babel/locale/en/babel-english.t
ex
Package babel Info: Importing font and identification data for english
(babel)             from babel-en.ini. Reported on input line 11.
) (/usr/local/texlive/2024/texmf-dist/tex/latex/tex-gyre/tgtermes.sty
Package: tgtermes 2009/09/27 v1.2 TeX Gyre Termes as default roman family

(/usr/local/texlive/2024/texmf-dist/tex/latex/kvoptions/kvoptions.sty
Package: kvoptions 2022-06-15 v3.15 Key value format for package options (HO)

(/usr/local/texlive/2024/texmf-dist/tex/latex/graphics/keyval.sty
Package: keyval 2022/05/29 v1.15 key=value parser (DPC)
\KV@toks@=\toks24
)
(/usr/local/texlive/2024/texmf-dist/tex/generic/ltxcmds/ltxcmds.sty
Package: ltxcmds 2023-12-04 v1.26 LaTeX kernel commands for general use (HO)
)
(/usr/local/texlive/2024/texmf-dist/tex/latex/kvsetkeys/kvsetkeys.sty
Package: kvsetkeys 2022-10-05 v1.19 Key value parser (HO)
)))
(/usr/local/texlive/2024/texmf-dist/tex/latex/tex-gyre/tgheros.sty
Package: tgheros 2009/09/27 v1.2 TeX Gyre Heros as default sans serif family
)
(/usr/local/texlive/2024/texmf-dist/tex/latex/fncychap/fncychap.sty
Package: fncychap 2007/07/30 v1.34 LaTeX package (Revised chapters)
\RW=\skip53
\mylen=\skip54
\myhi=\skip55
\px=\skip56
\py=\skip57
\pyy=\skip58
\pxx=\skip59
\c@AlphaCnt=\count277
\c@AlphaDecCnt=\count278
)
(./sphinx.sty
Package: sphinx 2024/10/11 v8.1.1 Sphinx LaTeX package (sphinx-doc)
 (/usr/local/texlive/2024/texmf-dist/tex/latex/xcolor/xcolor.sty
Package: xcolor 2023/11/15 v3.01 LaTeX color extensions (UK)

(/usr/local/texlive/2024/texmf-dist/tex/latex/graphics-cfg/color.cfg
File: color.cfg 2016/01/02 v1.6 sample color configuration
)
Package xcolor Info: Driver file: pdftex.def on input line 274.

(/usr/local/texlive/2024/texmf-dist/tex/latex/graphics-def/pdftex.def
File: pdftex.def 2022/09/22 v1.2b Graphics/color driver for pdftex
)
(/usr/local/texlive/2024/texmf-dist/tex/latex/graphics/mathcolor.ltx)
Package xcolor Info: Model `cmy' substituted by `cmy0' on input line 1350.
Package xcolor Info: Model `hsb' substituted by `rgb' on input line 1354.
Package xcolor Info: Model `RGB' extended on input line 1366.
Package xcolor Info: Model `HTML' substituted by `rgb' on input line 1368.
Package xcolor Info: Model `Hsb' substituted by `hsb' on input line 1369.
Package xcolor Info: Model `tHsb' substituted by `hsb' on input line 1370.
Package xcolor Info: Model `HSB' substituted by `hsb' on input line 1371.
Package xcolor Info: Model `Gray' substituted by `gray' on input line 1372.
Package xcolor Info: Model `wave' substituted by `hsb' on input line 1373.
)
(./sphinxoptionshyperref.sty
Package: sphinxoptionshyperref 2021/01/27 hyperref
) (./sphinxoptionsgeometry.sty
Package: sphinxoptionsgeometry 2021/01/27 geometry
)
(/usr/local/texlive/2024/texmf-dist/tex/latex/base/textcomp.sty
Package: textcomp 2020/02/02 v2.0n Standard LaTeX package
)
(/usr/local/texlive/2024/texmf-dist/tex/latex/float/float.sty
Package: float 2001/11/08 v1.3d Float enhancements (AL)
\c@float@type=\count279
\float@exts=\toks25
\float@box=\box53
\@float@everytoks=\toks26
\@floatcapt=\box54
)
(/usr/local/texlive/2024/texmf-dist/tex/latex/wrapfig/wrapfig.sty
\wrapoverhang=\dimen151
\WF@size=\dimen152
\c@WF@wrappedlines=\count280
\WF@box=\box55
\WF@everypar=\toks27
Package: wrapfig 2003/01/31  v 3.6
)
(/usr/local/texlive/2024/texmf-dist/tex/latex/capt-of/capt-of.sty
Package: capt-of 2009/12/29 v0.2 standard captions outside of floats
)
(/usr/local/texlive/2024/texmf-dist/tex/latex/tools/multicol.sty
Package: multicol 2023/03/30 v1.9f multicolumn formatting (FMi)
\c@tracingmulticols=\count281
\mult@box=\box56
\multicol@leftmargin=\dimen153
\c@unbalance=\count282
\c@collectmore=\count283
\doublecol@number=\count284
\multicoltolerance=\count285
\multicolpretolerance=\count286
\full@width=\dimen154
\page@free=\dimen155
\premulticols=\dimen156
\postmulticols=\dimen157
\multicolsep=\skip60
\multicolbaselineskip=\skip61
\partial@page=\box57
\last@line=\box58
\mc@boxedresult=\box59
\maxbalancingoverflow=\dimen158
\mult@rightbox=\box60
\mult@grightbox=\box61
\mult@firstbox=\box62
\mult@gfirstbox=\box63
\@tempa=\box64
\@tempa=\box65
\@tempa=\box66
\@tempa=\box67
\@tempa=\box68
\@tempa=\box69
\@tempa=\box70
\@tempa=\box71
\@tempa=\box72
\@tempa=\box73
\@tempa=\box74
\@tempa=\box75
\@tempa=\box76
\@tempa=\box77
\@tempa=\box78
\@tempa=\box79
\@tempa=\box80
\@tempa=\box81
\@tempa=\box82
\@tempa=\box83
\@tempa=\box84
\@tempa=\box85
\@tempa=\box86
\@tempa=\box87
\@tempa=\box88
\@tempa=\box89
\@tempa=\box90
\@tempa=\box91
\@tempa=\box92
\@tempa=\box93
\@tempa=\box94
\@tempa=\box95
\@tempa=\box96
\@tempa=\box97
\@tempa=\box98
\@tempa=\box99
\c@minrows=\count287
\c@columnbadness=\count288
\c@finalcolumnbadness=\count289
\last@try=\dimen159
\multicolovershoot=\dimen160
\multicolundershoot=\dimen161
\mult@nat@firstbox=\box100
\colbreak@box=\box101
\mc@col@check@num=\count290
)
(/usr/local/texlive/2024/texmf-dist/tex/latex/graphics/graphicx.sty
Package: graphicx 2021/09/16 v1.2d Enhanced LaTeX Graphics (DPC,SPQR)

(/usr/local/texlive/2024/texmf-dist/tex/latex/graphics/graphics.sty
Package: graphics 2022/03/10 v1.4e Standard LaTeX Graphics (DPC,SPQR)

(/usr/local/texlive/2024/texmf-dist/tex/latex/graphics/trig.sty
Package: trig 2021/08/11 v1.11 sin cos tan (DPC)
)
(/usr/local/texlive/2024/texmf-dist/tex/latex/graphics-cfg/graphics.cfg
File: graphics.cfg 2016/06/04 v1.11 sample graphics configuration
)
Package graphics Info: Driver file: pdftex.def on input line 107.
)
\Gin@req@height=\dimen162
\Gin@req@width=\dimen163
)
(./sphinxlatexgraphics.sty
Package: sphinxlatexgraphics 2024/08/13 v8.1.0 graphics
\spx@image@maxheight=\dimen164
\spx@image@box=\box102
) (./sphinxpackageboxes.sty
Package: sphinxpackageboxes 2024/07/01 v7.4.0 advanced colored boxes

(/usr/local/texlive/2024/texmf-dist/tex/latex/pict2e/pict2e.sty
Package: pict2e 2020/09/30 v0.4b Improved picture commands (HjG,RN,JT)

(/usr/local/texlive/2024/texmf-dist/tex/latex/pict2e/pict2e.cfg
File: pict2e.cfg 2016/02/05 v0.1u pict2e configuration for teTeX/TeXLive
)
Package pict2e Info: Driver file: pdftex.def on input line 112.
Package pict2e Info: Driver file for pict2e: p2e-pdftex.def on input line 114.

(/usr/local/texlive/2024/texmf-dist/tex/latex/pict2e/p2e-pdftex.def
File: p2e-pdftex.def 2016/02/05 v0.1u Driver-dependant file (RN,HjG,JT)
)
\pIIe@GRAPH=\toks28
\@arclen=\dimen165
\@arcrad=\dimen166
\pIIe@tempdima=\dimen167
\pIIe@tempdimb=\dimen168
\pIIe@tempdimc=\dimen169
\pIIe@tempdimd=\dimen170
\pIIe@tempdime=\dimen171
\pIIe@tempdimf=\dimen172
)
(/usr/local/texlive/2024/texmf-dist/tex/latex/ellipse/ellipse.sty
Package: ellipse 2004/11/05 v1.0 .dtx ellipse file
)
\@tempdimd=\dimen173
\spx@tempboxa=\box103
\spx@tempboxb=\box104
\spx@boxes@border@top=\dimen174
\spx@boxes@border@right=\dimen175
\spx@boxes@border@bottom=\dimen176
\spx@boxes@border@left=\dimen177
\spx@boxes@padding@top=\dimen178
\spx@boxes@padding@right=\dimen179
\spx@boxes@padding@bottom=\dimen180
\spx@boxes@padding@left=\dimen181
\spx@boxes@shadow@xoffset=\dimen182
\spx@boxes@shadow@yoffset=\dimen183
\spx@boxes@radius@topleft@x=\dimen184
\spx@boxes@radius@topright@x=\dimen185
\spx@boxes@radius@bottomright@x=\dimen186
\spx@boxes@radius@bottomleft@x=\dimen187
\spx@boxes@radius@topleft@y=\dimen188
\spx@boxes@radius@topright@y=\dimen189
\spx@boxes@radius@bottomright@y=\dimen190
\spx@boxes@radius@bottomleft@y=\dimen191
)
(./sphinxlatexadmonitions.sty
Package: sphinxlatexadmonitions 2024/10/11 v8.1.1 admonitions

(/usr/local/texlive/2024/texmf-dist/tex/latex/framed/framed.sty
Package: framed 2011/10/22 v 0.96: framed or shaded text with page breaks
\OuterFrameSep=\skip62
\fb@frw=\dimen192
\fb@frh=\dimen193
\FrameRule=\dimen194
\FrameSep=\dimen195
)
(./sphinxpackagefootnote.sty
Package: sphinxpackagefootnote 2024/05/17 v7.3.x Sphinx custom footnotehyper pa
ckage (Sphinx team)
\FNH@notes=\box105
\FNH@toks=\toks29
\FNH@width=\dimen196
\c@sphinxfootnotemark=\count291
)
\spx@notice@border=\dimen197
\c@sphinxtodo=\count292
) (./sphinxlatexliterals.sty
Package: sphinxlatexliterals 2024/07/01 v7.4.0 code-blocks and parsed literals

(/usr/local/texlive/2024/texmf-dist/tex/latex/fancyvrb/fancyvrb.sty
Package: fancyvrb 2024/01/20 4.5c verbatim text (tvz,hv)
\FV@CodeLineNo=\count293
\FV@InFile=\read3
\FV@TabBox=\box106
\c@FancyVerbLine=\count294
\FV@StepNumber=\count295
\FV@OutFile=\write3
)
(/usr/local/texlive/2024/texmf-dist/tex/latex/base/alltt.sty
Package: alltt 2021/01/29 v2.0g defines alltt environment
)
(/usr/local/texlive/2024/texmf-dist/tex/latex/upquote/upquote.sty
Package: upquote 2012/04/19 v1.3 upright-quote and grave-accent glyphs in verba
tim
)
(/usr/local/texlive/2024/texmf-dist/tex/latex/needspace/needspace.sty
Package: needspace 2010/09/12 v1.3d reserve vertical space
)
\sphinxcontinuationbox=\box107
\sphinxvisiblespacebox=\box108
\sphinxVerbatim@TitleBox=\box109
\sphinxVerbatim@ContentsBox=\box110
)
(./sphinxlatexshadowbox.sty
Package: sphinxlatexshadowbox 2024/07/28 v8.1.0 sphinxShadowBox
) (./sphinxlatexcontainers.sty
Package: sphinxlatexcontainers 2021/05/03 containers
)
(./sphinxhighlight.sty
Package: sphinxhighlight 2022/06/30 stylesheet for highlighting with pygments
) (./sphinxlatextables.sty
Package: sphinxlatextables 2024/07/01 v7.4.0 tables

(/usr/local/texlive/2024/texmf-dist/tex/latex/tabulary/tabulary.sty
Package: tabulary 2014/06/11 v0.10 tabulary package (DPC)

(/usr/local/texlive/2024/texmf-dist/tex/latex/tools/array.sty
Package: array 2023/10/16 v2.5g Tabular extension package (FMi)
\col@sep=\dimen198
\ar@mcellbox=\box111
\extrarowheight=\dimen199
\NC@list=\toks30
\extratabsurround=\skip63
\backup@length=\skip64
\ar@cellbox=\box112
)
\TY@count=\count296
\TY@linewidth=\dimen256
\tymin=\dimen257
\tymax=\dimen258
\TY@tablewidth=\dimen259
)
(/usr/local/texlive/2024/texmf-dist/tex/latex/tools/longtable.sty
Package: longtable 2023-11-01 v4.19 Multi-page Table package (DPC)
\LTleft=\skip65
\LTright=\skip66
\LTpre=\skip67
\LTpost=\skip68
\LTchunksize=\count297
\LTcapwidth=\dimen260
\LT@head=\box113
\LT@firsthead=\box114
\LT@foot=\box115
\LT@lastfoot=\box116
\LT@gbox=\box117
\LT@cols=\count298
\LT@rows=\count299
\c@LT@tables=\count300
\c@LT@chunks=\count301
\LT@p@ftn=\toks31
)
(/usr/local/texlive/2024/texmf-dist/tex/latex/varwidth/varwidth.sty
Package: varwidth 2009/03/30 ver 0.92;  Variable-width minipages
\@vwid@box=\box118
\sift@deathcycles=\count302
\@vwid@loff=\dimen261
\@vwid@roff=\dimen262
)
\sphinx@TY@tablewidth=\dimen263

(/usr/local/texlive/2024/texmf-dist/tex/latex/colortbl/colortbl.sty
Package: colortbl 2024/02/20 v1.0g Color table columns (DPC)
\everycr=\toks32
\minrowclearance=\skip69
\rownum=\count303
)
(/usr/local/texlive/2024/texmf-dist/tex/latex/booktabs/booktabs.sty
Package: booktabs 2020/01/12 v1.61803398 Publication quality tables
\heavyrulewidth=\dimen264
\lightrulewidth=\dimen265
\cmidrulewidth=\dimen266
\belowrulesep=\dimen267
\belowbottomsep=\dimen268
\aboverulesep=\dimen269
\abovetopsep=\dimen270
\cmidrulesep=\dimen271
\cmidrulekern=\dimen272
\defaultaddspace=\dimen273
\@cmidla=\count304
\@cmidlb=\count305
\@aboverulesep=\dimen274
\@belowrulesep=\dimen275
\@thisruleclass=\count306
\@lastruleclass=\count307
\@thisrulewidth=\dimen276
))
(./sphinxlatexnumfig.sty
Package: sphinxlatexnumfig 2024/07/31 v8.1.0 numbering
) (./sphinxlatexlists.sty
Package: sphinxlatexlists 2021/12/20 lists
\spx@lineitemlabel=\toks33
)
\c@sphinxscope=\count308
 (./sphinxlatexindbibtoc.sty
Package: sphinxlatexindbibtoc 2021/01/27 index, bib., toc

(/usr/local/texlive/2024/texmf-dist/tex/latex/base/makeidx.sty
Package: makeidx 2021/10/04 v1.0m Standard LaTeX package
))
(./sphinxlatexstylepage.sty
Package: sphinxlatexstylepage 2021/01/27 page styling

(/usr/local/texlive/2024/texmf-dist/tex/latex/parskip/parskip.sty
Package: parskip 2021-03-14 v2.0h non-zero parskip adjustments

(/usr/local/texlive/2024/texmf-dist/tex/latex/etoolbox/etoolbox.sty
Package: etoolbox 2020/10/05 v2.5k e-TeX tools for LaTeX (JAW)
\etb@tempcnta=\count309
))
(/usr/local/texlive/2024/texmf-dist/tex/latex/fancyhdr/fancyhdr.sty
Package: fancyhdr 2022/11/09 v4.1 Extensive control of page headers and footers

\f@nch@headwidth=\skip70
\f@nch@O@elh=\skip71
\f@nch@O@erh=\skip72
\f@nch@O@olh=\skip73
\f@nch@O@orh=\skip74
\f@nch@O@elf=\skip75
\f@nch@O@erf=\skip76
\f@nch@O@olf=\skip77
\f@nch@O@orf=\skip78
))
(./sphinxlatexstyleheadings.sty
Package: sphinxlatexstyleheadings 2023/02/11 headings

(/usr/local/texlive/2024/texmf-dist/tex/latex/titlesec/titlesec.sty
Package: titlesec 2023/10/27 v2.16 Sectioning titles
\ttl@box=\box119
\beforetitleunit=\skip79
\aftertitleunit=\skip80
\ttl@plus=\dimen277
\ttl@minus=\dimen278
\ttl@toksa=\toks34
\titlewidth=\dimen279
\titlewidthlast=\dimen280
\titlewidthfirst=\dimen281
))
(./sphinxlatexstyletext.sty
Package: sphinxlatexstyletext 2024/07/28 v8.1.0 text styling
) (./sphinxlatexobjects.sty
Package: sphinxlatexobjects 2023/07/23 documentation environments
\sphinxsignaturesep=\skip81
\sphinxsignaturelistskip=\skip82
\py@argswidth=\skip83
\lineblockindentation=\skip84
\DUlineblockindent=\skip85
))
(/usr/local/texlive/2024/texmf-dist/tex/latex/geometry/geometry.sty
Package: geometry 2020/01/02 v5.9 Page Geometry

(/usr/local/texlive/2024/texmf-dist/tex/generic/iftex/ifvtex.sty
Package: ifvtex 2019/10/25 v1.7 ifvtex legacy package. Use iftex instead.

(/usr/local/texlive/2024/texmf-dist/tex/generic/iftex/iftex.sty
Package: iftex 2022/02/03 v1.0f TeX engine tests
))
\Gm@cnth=\count310
\Gm@cntv=\count311
\c@Gm@tempcnt=\count312
\Gm@bindingoffset=\dimen282
\Gm@wd@mp=\dimen283
\Gm@odd@mp=\dimen284
\Gm@even@mp=\dimen285
\Gm@layoutwidth=\dimen286
\Gm@layoutheight=\dimen287
\Gm@layouthoffset=\dimen288
\Gm@layoutvoffset=\dimen289
\Gm@dimlist=\toks35
)
(/usr/local/texlive/2024/texmf-dist/tex/latex/hyperref/hyperref.sty
Package: hyperref 2024-01-20 v7.01h Hypertext links for LaTeX

(/usr/local/texlive/2024/texmf-dist/tex/generic/kvdefinekeys/kvdefinekeys.sty
Package: kvdefinekeys 2019-12-19 v1.6 Define keys (HO)
)
(/usr/local/texlive/2024/texmf-dist/tex/generic/pdfescape/pdfescape.sty
Package: pdfescape 2019/12/09 v1.15 Implements pdfTeX's escape features (HO)

(/usr/local/texlive/2024/texmf-dist/tex/generic/pdftexcmds/pdftexcmds.sty
Package: pdftexcmds 2020-06-27 v0.33 Utility functions of pdfTeX for LuaTeX (HO
)

(/usr/local/texlive/2024/texmf-dist/tex/generic/infwarerr/infwarerr.sty
Package: infwarerr 2019/12/03 v1.5 Providing info/warning/error messages (HO)
)
Package pdftexcmds Info: \pdf@primitive is available.
Package pdftexcmds Info: \pdf@ifprimitive is available.
Package pdftexcmds Info: \pdfdraftmode found.
))
(/usr/local/texlive/2024/texmf-dist/tex/latex/hycolor/hycolor.sty
Package: hycolor 2020-01-27 v1.10 Color options for hyperref/bookmark (HO)
)
(/usr/local/texlive/2024/texmf-dist/tex/latex/auxhook/auxhook.sty
Package: auxhook 2019-12-17 v1.6 Hooks for auxiliary files (HO)
)
(/usr/local/texlive/2024/texmf-dist/tex/latex/hyperref/nameref.sty
Package: nameref 2023-11-26 v2.56 Cross-referencing by name of section

(/usr/local/texlive/2024/texmf-dist/tex/latex/refcount/refcount.sty
Package: refcount 2019/12/15 v3.6 Data extraction from label references (HO)
)
(/usr/local/texlive/2024/texmf-dist/tex/generic/gettitlestring/gettitlestring.s
ty
Package: gettitlestring 2019/12/15 v1.6 Cleanup title references (HO)
)
\c@section@level=\count313
)
\@linkdim=\dimen290
\Hy@linkcounter=\count314
\Hy@pagecounter=\count315
 (/usr/local/texlive/2024/texmf-dist/tex/latex/hyperref/pd1enc.def
File: pd1enc.def 2024-01-20 v7.01h Hyperref: PDFDocEncoding definition (HO)
Now handling font encoding PD1 ...
... no UTF-8 mapping file for font encoding PD1
)
(/usr/local/texlive/2024/texmf-dist/tex/generic/intcalc/intcalc.sty
Package: intcalc 2019/12/15 v1.3 Expandable calculations with integers (HO)
)
\Hy@SavedSpaceFactor=\count316

(/usr/local/texlive/2024/texmf-dist/tex/latex/hyperref/puenc.def
File: puenc.def 2024-01-20 v7.01h Hyperref: PDF Unicode definition (HO)
Now handling font encoding PU ...
... no UTF-8 mapping file for font encoding PU
)
Package hyperref Info: Option `unicode' set `true' on input line 4062.
Package hyperref Info: Option `colorlinks' set `true' on input line 4062.
Package hyperref Info: Option `breaklinks' set `true' on input line 4062.
Package hyperref Info: Hyper figures OFF on input line 4179.
Package hyperref Info: Link nesting OFF on input line 4184.
Package hyperref Info: Hyper index ON on input line 4187.
Package hyperref Info: Plain pages OFF on input line 4194.
Package hyperref Info: Backreferencing OFF on input line 4199.
Package hyperref Info: Implicit mode ON; LaTeX internals redefined.
Package hyperref Info: Bookmarks ON on input line 4446.
\c@Hy@tempcnt=\count317

(/usr/local/texlive/2024/texmf-dist/tex/latex/url/url.sty
\Urlmuskip=\muskip17
Package: url 2013/09/16  ver 3.4  Verb mode for urls, etc.
)
LaTeX Info: Redefining \url on input line 4784.
\XeTeXLinkMargin=\dimen291

(/usr/local/texlive/2024/texmf-dist/tex/generic/bitset/bitset.sty
Package: bitset 2019/12/09 v1.3 Handle bit-vector datatype (HO)

(/usr/local/texlive/2024/texmf-dist/tex/generic/bigintcalc/bigintcalc.sty
Package: bigintcalc 2019/12/15 v1.5 Expandable calculations on big integers (HO
)
))
\Fld@menulength=\count318
\Field@Width=\dimen292
\Fld@charsize=\dimen293
Package hyperref Info: Hyper figures OFF on input line 6063.
Package hyperref Info: Link nesting OFF on input line 6068.
Package hyperref Info: Hyper index ON on input line 6071.
Package hyperref Info: backreferencing OFF on input line 6078.
Package hyperref Info: Link coloring ON on input line 6081.
Package hyperref Info: Link coloring with OCG OFF on input line 6088.
Package hyperref Info: PDF/A mode OFF on input line 6093.

(/usr/local/texlive/2024/texmf-dist/tex/latex/base/atbegshi-ltx.sty
Package: atbegshi-ltx 2021/01/10 v1.0c Emulation of the original atbegshi
package with kernel methods
)
\Hy@abspage=\count319
\c@Item=\count320
\c@Hfootnote=\count321
)
Package hyperref Info: Driver (autodetected): hpdftex.

(/usr/local/texlive/2024/texmf-dist/tex/latex/hyperref/hpdftex.def
File: hpdftex.def 2024-01-20 v7.01h Hyperref driver for pdfTeX

(/usr/local/texlive/2024/texmf-dist/tex/latex/base/atveryend-ltx.sty
Package: atveryend-ltx 2020/08/19 v1.0a Emulation of the original atveryend pac
kage
with kernel methods
)
\Fld@listcount=\count322
\c@bookmark@seq@number=\count323

(/usr/local/texlive/2024/texmf-dist/tex/latex/rerunfilecheck/rerunfilecheck.sty
Package: rerunfilecheck 2022-07-10 v1.10 Rerun checks for auxiliary files (HO)

(/usr/local/texlive/2024/texmf-dist/tex/generic/uniquecounter/uniquecounter.sty
Package: uniquecounter 2019/12/15 v1.4 Provide unlimited unique counter (HO)
)
Package uniquecounter Info: New unique counter `rerunfilecheck' on input line 2
85.
)
\Hy@SectionHShift=\skip86
) (/usr/local/texlive/2024/texmf-dist/tex/latex/oberdiek/hypcap.sty
Package: hypcap 2016/05/16 v1.12 Adjusting the anchors of captions (HO)

(/usr/local/texlive/2024/texmf-dist/tex/latex/letltxmacro/letltxmacro.sty
Package: letltxmacro 2019/12/03 v1.6 Let assignment for LaTeX macros (HO)
))
(./sphinxmessages.sty
Package: sphinxmessages 2019/01/04 v2.0 Localized LaTeX macros (Sphinx team)
)
\@indexfile=\write4
\openout4 = `nucleardatapy.idx'.


Writing index file nucleardatapy.idx
LaTeX Font Info:    Trying to load font information for T1+qtm on input line 72
.
(/usr/local/texlive/2024/texmf-dist/tex/latex/tex-gyre/t1qtm.fd
File: t1qtm.fd 2009/09/25 v1.2 font definition file for T1/qtm
)
(/usr/local/texlive/2024/texmf-dist/tex/latex/l3backend/l3backend-pdftex.def
File: l3backend-pdftex.def 2024-02-20 L3 backend support: PDF output (pdfTeX)
\l__color_backend_stack_int=\count324
\l__pdf_internal_box=\box120
)
(./nucleardatapy.aux)
\openout1 = `nucleardatapy.aux'.

LaTeX Font Info:    Checking defaults for OML/cmm/m/it on input line 72.
LaTeX Font Info:    ... okay on input line 72.
LaTeX Font Info:    Checking defaults for OMS/cmsy/m/n on input line 72.
LaTeX Font Info:    ... okay on input line 72.
LaTeX Font Info:    Checking defaults for OT1/cmr/m/n on input line 72.
LaTeX Font Info:    ... okay on input line 72.
LaTeX Font Info:    Checking defaults for T1/cmr/m/n on input line 72.
LaTeX Font Info:    ... okay on input line 72.
LaTeX Font Info:    Checking defaults for TS1/cmr/m/n on input line 72.
LaTeX Font Info:    ... okay on input line 72.
LaTeX Font Info:    Checking defaults for OMX/cmex/m/n on input line 72.
LaTeX Font Info:    ... okay on input line 72.
LaTeX Font Info:    Checking defaults for U/cmr/m/n on input line 72.
LaTeX Font Info:    ... okay on input line 72.
LaTeX Font Info:    Checking defaults for PD1/pdf/m/n on input line 72.
LaTeX Font Info:    ... okay on input line 72.
LaTeX Font Info:    Checking defaults for PU/pdf/m/n on input line 72.
LaTeX Font Info:    ... okay on input line 72.

(/usr/local/texlive/2024/texmf-dist/tex/context/base/mkii/supp-pdf.mkii
[Loading MPS to PDF converter (version 2006.09.02).]
\scratchcounter=\count325
\scratchdimen=\dimen294
\scratchbox=\box121
\nofMPsegments=\count326
\nofMParguments=\count327
\everyMPshowfont=\toks36
\MPscratchCnt=\count328
\MPscratchDim=\dimen295
\MPnumerator=\count329
\makeMPintoPDFobject=\count330
\everyMPtoPDFconversion=\toks37
) (/usr/local/texlive/2024/texmf-dist/tex/latex/epstopdf-pkg/epstopdf-base.sty
Package: epstopdf-base 2020-01-24 v2.11 Base part for package epstopdf
Package epstopdf-base Info: Redefining graphics rule for `.eps' on input line 4
85.

(/usr/local/texlive/2024/texmf-dist/tex/latex/latexconfig/epstopdf-sys.cfg
File: epstopdf-sys.cfg 2010/07/13 v1.3 Configuration of (r)epstopdf for TeX Liv
e
))
(/usr/local/texlive/2024/texmf-dist/tex/latex/fontawesome5/fontawesome5.sty
(/usr/local/texlive/2024/texmf-dist/tex/latex/l3kernel/expl3.sty
Package: expl3 2024-02-20 L3 programming layer (loader) 
)
Package: fontawesome5 2022/05/02 v5.15.4 Font Awesome 5

(/usr/local/texlive/2024/texmf-dist/tex/latex/l3packages/l3keys2e/l3keys2e.sty
Package: l3keys2e 2024-02-18 LaTeX2e option processing using LaTeX3 keys
) (/usr/local/texlive/2024/texmf-dist/tex/latex/l3packages/xparse/xparse.sty
Package: xparse 2024-02-18 L3 Experimental document command parser
)
(/usr/local/texlive/2024/texmf-dist/tex/latex/fontawesome5/fontawesome5-generic
-helper.sty
Package: fontawesome5-generic-helper 2022/05/02 v5.15.4 non-uTeX helper for fon
tawesome5

(/usr/local/texlive/2024/texmf-dist/tex/latex/fontawesome5/fontawesome5-mapping
.def)))
\c@literalblock=\count331

*geometry* driver: auto-detecting
*geometry* detected driver: pdftex
*geometry* verbose mode - [ preamble ] result:
* driver: pdftex
* paper: letterpaper
* layout: <same size as paper>
* layoutoffset:(h,v)=(0.0pt,0.0pt)
* modes: twoside 
* h-part:(L,W,R)=(72.26999pt, 469.75502pt, 72.26999pt)
* v-part:(T,H,B)=(72.26999pt, 650.43001pt, 72.26999pt)
* \paperwidth=614.295pt
* \paperheight=794.96999pt
* \textwidth=469.75502pt
* \textheight=650.43001pt
* \oddsidemargin=0.0pt
* \evensidemargin=0.0pt
* \topmargin=-37.0pt
* \headheight=12.0pt
* \headsep=25.0pt
* \topskip=10.0pt
* \footskip=30.0pt
* \marginparwidth=36.135pt
* \marginparsep=11.0pt
* \columnsep=10.0pt
* \skip\footins=9.0pt plus 4.0pt minus 2.0pt
* \hoffset=0.0pt
* \voffset=0.0pt
* \mag=1000
* \@twocolumnfalse
* \@twosidetrue
* \@mparswitchtrue
* \@reversemarginfalse
* (1in=72.27pt=25.4mm, 1cm=28.453pt)

Package hyperref Info: Link coloring ON on input line 72.
(./nucleardatapy.out) (./nucleardatapy.out)
\@outlinefile=\write5
\openout5 = `nucleardatapy.out'.

Package hyperref Info: Option `pageanchor' set `false' on input line 80.
LaTeX Font Info:    Trying to load font information for T1+qhv on input line 80
.

(/usr/local/texlive/2024/texmf-dist/tex/latex/tex-gyre/t1qhv.fd
File: t1qhv.fd 2009/09/25 v1.2 font definition file for T1/qhv
)<<ot1.cmap>><<oml.cmap>><<oms.cmap>><<omx.cmap>>
LaTeX Font Info:    Trying to load font information for U+msa on input line 80.


(/usr/local/texlive/2024/texmf-dist/tex/latex/amsfonts/umsa.fd
File: umsa.fd 2013/01/14 v3.01 AMS symbols A
)
LaTeX Font Info:    Trying to load font information for U+msb on input line 80.


(/usr/local/texlive/2024/texmf-dist/tex/latex/amsfonts/umsb.fd
File: umsb.fd 2013/01/14 v3.01 AMS symbols B
) [1

{/usr/local/texlive/2024/texmf-var/fonts/map/pdftex/updmap/pdftex.map}{/usr/loc
al/texlive/2024/texmf-dist/fonts/enc/dvips/tex-gyre/q-ec.enc}] [2


] (./nucleardatapy.toc)
\tf@toc=\write6
\openout6 = `nucleardatapy.toc'.


[1

] [2

]
LaTeX Font Info:    Trying to load font information for U+fontawesomefree1 on i
nput line 103.

(/usr/local/texlive/2024/texmf-dist/tex/latex/fontawesome5/ufontawesomefree1.fd
) [1{/usr/local/texlive/2024/texmf-dist/fonts/enc/dvips/fontawesome5/fa5free1.e
nc}] [2

]
Chapter 1.
LaTeX Font Info:    Trying to load font information for T1+txtt on input line 1
22.
(/usr/local/texlive/2024/texmf-dist/tex/latex/txfonts/t1txtt.fd
File: t1txtt.fd 2000/12/15 v3.1
)
LaTeX Font Info:    Font shape `T1/txtt/b/n' in size <10> not available
(Font)              Font shape `T1/txtt/bx/n' tried instead on input line 123.
 [3]
LaTeX Font Info:    Trying to load font information for TS1+txtt on input line 
190.

(/usr/local/texlive/2024/texmf-dist/tex/latex/txfonts/ts1txtt.fd
File: ts1txtt.fd 2000/12/15 v3.1
)
LaTeX Font Info:    Font shape `T1/txtt/m/it' in size <10> not available
(Font)              Font shape `T1/txtt/m/sl' tried instead on input line 220.
 [4] [5]
[6

]
Chapter 2.
LaTeX Font Info:    Trying to load font information for TS1+qtm on input line 3
19.
(/usr/local/texlive/2024/texmf-dist/tex/latex/tex-gyre/ts1qtm.fd
File: ts1qtm.fd 2009/09/25 v1.2 font definition file for TS1/qtm
) [7{/usr/local/texlive/2024/texmf-dist/fonts/enc/dvips/tex-gyre/q-ts1.enc}] [8
]
Underfull \hbox (badness 10000) in paragraph at lines 762--764
[]\T1/qtm/m/n/10 Here are a set of fig-ures which are pro-duced with the Python
 sam-ple: /sam-
 []

<plot_SetupEOSFFG.png, id=273, 462.528pt x 346.896pt>
File: plot_SetupEOSFFG.png Graphic file (type png)
<use plot_SetupEOSFFG.png>
Package pdftex.def Info: plot_SetupEOSFFG.png  used on input line 769.
(pdftex.def)             Requested size: 323.76738pt x 242.82553pt.
[9 <./plot_SetupEOSFFG.png>]
Underfull \hbox (badness 6157) in paragraph at lines 789--791
\T1/qtm/m/n/10 NM-1', `2012-AFDMC-NM-2', `2012-AFDMC-NM-3', `2012-AFDMC-NM-4', 
`2012-AFDMC-NM-5',
 []


Underfull \hbox (badness 10000) in paragraph at lines 789--791
\T1/qtm/m/n/10 `2016-MBPT-AM', `2018-QMC-NM', `2019-MBPT-AM-L59', `2019-MBPT-AM
-L69', `2020-MBPT-
 []


Underfull \hbox (badness 10000) in paragraph at lines 789--791
\T1/qtm/m/n/10 NSC97e', `2024-BHF-AM-2BF-NSC97f', `2024-BHF-AM-2BF-SSCV14', `20
24-BHF-AM-23BF-Av8p',
 []


Underfull \hbox (badness 10000) in paragraph at lines 789--791
\T1/qtm/m/n/10 `2024-BHF-AM-23BF-Av18', `2024-BHF-AM-23BF-BONN', `2024-BHF-AM-2
3BF-CDBONN', `2024-
 []


Underfull \hbox (badness 5787) in paragraph at lines 789--791
\T1/qtm/m/n/10 AM-23BF-NSC97d', `2024-BHF-AM-23BF-NSC97e', `2024-BHF-AM-23BF-NS
C97f', `2024-BHF-AM-
 []

[10]
Underfull \hbox (badness 6157) in paragraph at lines 855--860
\T1/qtm/m/n/10 NM-2', `2012-AFDMC-NM-3', `2012-AFDMC-NM-4', `2012-AFDMC-NM-5', 
`2012-AFDMC-NM-6',
 []


Underfull \hbox (badness 6001) in paragraph at lines 855--860
\T1/qtm/m/n/10 NM', `2013-QMC-NM', `2014-AFQMC-NM', `2016-QMC-NM', `2016-MBPT-A
M', `2018-QMC-NM',
 []


Underfull \hbox (badness 5607) in paragraph at lines 855--860
\T1/qtm/m/n/10 AM-23BF-BONN', `2024-BHF-AM-23BF-CDBONN', `2024-BHF-AM-23BF-NSC9
7a', `2024-BHF-AM-
 []


Underfull \hbox (badness 10000) in paragraph at lines 888--890
[]\T1/qtm/m/n/10 Here are a set of fig-ures which are pro-duced with the Python
 sam-ple: /sam-
 []

<plot_SetupEOSMicro_e2a_NM_VAR.png, id=295, 462.528pt x 346.896pt>
File: plot_SetupEOSMicro_e2a_NM_VAR.png Graphic file (type png)
<use plot_SetupEOSMicro_e2a_NM_VAR.png>
Package pdftex.def Info: plot_SetupEOSMicro_e2a_NM_VAR.png  used on input line 
895.
(pdftex.def)             Requested size: 323.76738pt x 242.82553pt.
<plot_SetupEOSMicro_e2a_NM_AFDMC.png, id=296, 462.528pt x 346.896pt>
File: plot_SetupEOSMicro_e2a_NM_AFDMC.png Graphic file (type png)
<use plot_SetupEOSMicro_e2a_NM_AFDMC.png>
Package pdftex.def Info: plot_SetupEOSMicro_e2a_NM_AFDMC.png  used on input lin
e 902.
(pdftex.def)             Requested size: 323.76738pt x 242.82553pt.
<plot_SetupEOSMicro_e2a_NM_BHF.png, id=297, 462.528pt x 346.896pt>
File: plot_SetupEOSMicro_e2a_NM_BHF.png Graphic file (type png)
<use plot_SetupEOSMicro_e2a_NM_BHF.png>
Package pdftex.def Info: plot_SetupEOSMicro_e2a_NM_BHF.png  used on input line 
909.
(pdftex.def)             Requested size: 323.76738pt x 242.82553pt.
<plot_SetupEOSMicro_e2a_NM_QMC.png, id=298, 462.528pt x 346.896pt>
File: plot_SetupEOSMicro_e2a_NM_QMC.png Graphic file (type png)
<use plot_SetupEOSMicro_e2a_NM_QMC.png>
Package pdftex.def Info: plot_SetupEOSMicro_e2a_NM_QMC.png  used on input line 
916.
(pdftex.def)             Requested size: 323.76738pt x 242.82553pt.
<plot_SetupEOSMicro_e2a_NM_MBPT.png, id=299, 462.528pt x 346.896pt>
File: plot_SetupEOSMicro_e2a_NM_MBPT.png Graphic file (type png)
<use plot_SetupEOSMicro_e2a_NM_MBPT.png>
Package pdftex.def Info: plot_SetupEOSMicro_e2a_NM_MBPT.png  used on input line
 923.
(pdftex.def)             Requested size: 323.76738pt x 242.82553pt.
<plot_SetupEOSMicro_gap_NM.png, id=300, 462.528pt x 346.896pt>
File: plot_SetupEOSMicro_gap_NM.png Graphic file (type png)
<use plot_SetupEOSMicro_gap_NM.png>
Package pdftex.def Info: plot_SetupEOSMicro_gap_NM.png  used on input line 930.

(pdftex.def)             Requested size: 323.76738pt x 242.82553pt.
[11 <./plot_SetupEOSMicro_e2a_NM_VAR.png>] [12 <./plot_SetupEOSMicro_e2a_NM_AFD
MC.png> <./plot_SetupEOSMicro_e2a_NM_BHF.png>] [13 <./plot_SetupEOSMicro_e2a_NM
_QMC.png> <./plot_SetupEOSMicro_e2a_NM_MBPT.png>] [14 <./plot_SetupEOSMicro_gap
_NM.png>]
<plot_SetupEOSMicroBand_NM.png, id=339, 462.528pt x 346.896pt>
File: plot_SetupEOSMicroBand_NM.png Graphic file (type png)
<use plot_SetupEOSMicroBand_NM.png>
Package pdftex.def Info: plot_SetupEOSMicroBand_NM.png  used on input line 1068
.
(pdftex.def)             Requested size: 323.76738pt x 242.82553pt.
<plot_SetupEOSMicroBand_SM.png, id=340, 462.528pt x 346.896pt>
File: plot_SetupEOSMicroBand_SM.png Graphic file (type png)
<use plot_SetupEOSMicroBand_SM.png>
Package pdftex.def Info: plot_SetupEOSMicroBand_SM.png  used on input line 1075
.
(pdftex.def)             Requested size: 323.76738pt x 242.82553pt.
<plot_SetupEOSMicroBand_Esym.png, id=341, 462.528pt x 346.896pt>
File: plot_SetupEOSMicroBand_Esym.png Graphic file (type png)
<use plot_SetupEOSMicroBand_Esym.png>
Package pdftex.def Info: plot_SetupEOSMicroBand_Esym.png  used on input line 10
82.
(pdftex.def)             Requested size: 323.76738pt x 242.82553pt.
 [15 <./plot_SetupEOSMicroBand_NM.png>] [16 <./plot_SetupEOSMicroBand_SM.png> <
./plot_SetupEOSMicroBand_Esym.png>]
Underfull \hbox (badness 10000) in paragraph at lines 1185--1187
[]\T1/qtm/m/n/10 Here are a set of fig-ures which are pro-duced with the Python
 sam-ple: /sam-
 []

<plot_SetupEOSMicroLP0_SM.png, id=364, 462.528pt x 346.896pt>
File: plot_SetupEOSMicroLP0_SM.png Graphic file (type png)
<use plot_SetupEOSMicroLP0_SM.png>
Package pdftex.def Info: plot_SetupEOSMicroLP0_SM.png  used on input line 1192.

(pdftex.def)             Requested size: 323.76738pt x 242.82553pt.
<plot_SetupEOSMicroLP1_SM.png, id=365, 462.528pt x 346.896pt>
File: plot_SetupEOSMicroLP1_SM.png Graphic file (type png)
<use plot_SetupEOSMicroLP1_SM.png>
Package pdftex.def Info: plot_SetupEOSMicroLP1_SM.png  used on input line 1200.

(pdftex.def)             Requested size: 323.76738pt x 242.82553pt.
[17 <./plot_SetupEOSMicroLP0_SM.png>] [18 <./plot_SetupEOSMicroLP1_SM.png>]
Underfull \hbox (badness 10000) in paragraph at lines 1389--1391
[]\T1/qtm/m/n/10 Here are a set of fig-ures which are pro-duced with the Python
 sam-ple: /sam-
 []

<plot_SetupEOSPheno-NLRH-E-NM.png, id=387, 462.528pt x 346.896pt>
File: plot_SetupEOSPheno-NLRH-E-NM.png Graphic file (type png)
<use plot_SetupEOSPheno-NLRH-E-NM.png>
Package pdftex.def Info: plot_SetupEOSPheno-NLRH-E-NM.png  used on input line 1
396.
(pdftex.def)             Requested size: 323.76738pt x 242.82553pt.
<plot_SetupEOSPheno-NLRH-E-SM.png, id=388, 462.528pt x 346.896pt>
File: plot_SetupEOSPheno-NLRH-E-SM.png Graphic file (type png)
<use plot_SetupEOSPheno-NLRH-E-SM.png>
Package pdftex.def Info: plot_SetupEOSPheno-NLRH-E-SM.png  used on input line 1
403.
(pdftex.def)             Requested size: 323.76738pt x 242.82553pt.
<plot_SetupEOSPheno-DDRH-E-NM.png, id=389, 462.528pt x 346.896pt>
File: plot_SetupEOSPheno-DDRH-E-NM.png Graphic file (type png)
<use plot_SetupEOSPheno-DDRH-E-NM.png>
Package pdftex.def Info: plot_SetupEOSPheno-DDRH-E-NM.png  used on input line 1
410.
(pdftex.def)             Requested size: 323.76738pt x 242.82553pt.
<plot_SetupEOSPheno-DDRH-E-SM.png, id=390, 462.528pt x 346.896pt>
File: plot_SetupEOSPheno-DDRH-E-SM.png Graphic file (type png)
<use plot_SetupEOSPheno-DDRH-E-SM.png>
Package pdftex.def Info: plot_SetupEOSPheno-DDRH-E-SM.png  used on input line 1
417.
(pdftex.def)             Requested size: 323.76738pt x 242.82553pt.
<plot_SetupEOSPheno-DDRHF-E-NM.png, id=391, 462.528pt x 346.896pt>
File: plot_SetupEOSPheno-DDRHF-E-NM.png Graphic file (type png)
<use plot_SetupEOSPheno-DDRHF-E-NM.png>
Package pdftex.def Info: plot_SetupEOSPheno-DDRHF-E-NM.png  used on input line 
1424.
(pdftex.def)             Requested size: 323.76738pt x 242.82553pt.
<plot_SetupEOSPheno-DDRHF-E-SM.png, id=392, 462.528pt x 346.896pt>
File: plot_SetupEOSPheno-DDRHF-E-SM.png Graphic file (type png)
<use plot_SetupEOSPheno-DDRHF-E-SM.png>
Package pdftex.def Info: plot_SetupEOSPheno-DDRHF-E-SM.png  used on input line 
1431.
(pdftex.def)             Requested size: 323.76738pt x 242.82553pt.
<plot_SetupEOSPheno-Skyrme-E-NM.png, id=393, 462.528pt x 346.896pt>
File: plot_SetupEOSPheno-Skyrme-E-NM.png Graphic file (type png)
<use plot_SetupEOSPheno-Skyrme-E-NM.png>
Package pdftex.def Info: plot_SetupEOSPheno-Skyrme-E-NM.png  used on input line
 1438.
(pdftex.def)             Requested size: 323.76738pt x 242.82553pt.
<plot_SetupEOSPheno-Skyrme-E-SM.png, id=394, 462.528pt x 346.896pt>
File: plot_SetupEOSPheno-Skyrme-E-SM.png Graphic file (type png)
<use plot_SetupEOSPheno-Skyrme-E-SM.png>
Package pdftex.def Info: plot_SetupEOSPheno-Skyrme-E-SM.png  used on input line
 1445.
(pdftex.def)             Requested size: 323.76738pt x 242.82553pt.
<plot_EOSNEP.png, id=395, 462.528pt x 346.896pt>
File: plot_EOSNEP.png Graphic file (type png)
<use plot_EOSNEP.png>
Package pdftex.def Info: plot_EOSNEP.png  used on input line 1452.
(pdftex.def)             Requested size: 323.76738pt x 242.82553pt.
[19 <./plot_SetupEOSPheno-NLRH-E-NM.png>] [20 <./plot_SetupEOSPheno-NLRH-E-SM.p
ng> <./plot_SetupEOSPheno-DDRH-E-NM.png>] [21 <./plot_SetupEOSPheno-DDRH-E-SM.p
ng> <./plot_SetupEOSPheno-DDRHF-E-NM.png>] [22 <./plot_SetupEOSPheno-DDRHF-E-SM
.png> <./plot_SetupEOSPheno-Skyrme-E-NM.png>] [23 <./plot_SetupEOSPheno-Skyrme-
E-SM.png> <./plot_EOSNEP.png>]
Underfull \hbox (badness 10000) in paragraph at lines 1534--1536
[]\T1/qtm/m/n/10 Here are a set of fig-ures which are pro-duced with the Python
 sam-ple: /sam-
 []

<plot_SetupEOSAM.png, id=436, 462.528pt x 346.896pt>
File: plot_SetupEOSAM.png Graphic file (type png)
<use plot_SetupEOSAM.png>
Package pdftex.def Info: plot_SetupEOSAM.png  used on input line 1541.
(pdftex.def)             Requested size: 323.76738pt x 242.82553pt.
[24] [25 <./plot_SetupEOSAM.png>]
Underfull \hbox (badness 10000) in paragraph at lines 1623--1625
[]\T1/qtm/m/n/10 Here are a set of fig-ures which are pro-duced with the Python
 sam-ple: /sam-
 []

<plot_SetupEOSBeta_xp.png, id=455, 462.528pt x 346.896pt>
File: plot_SetupEOSBeta_xp.png Graphic file (type png)
<use plot_SetupEOSBeta_xp.png>
Package pdftex.def Info: plot_SetupEOSBeta_xp.png  used on input line 1630.
(pdftex.def)             Requested size: 323.76738pt x 242.82553pt.
<plot_SetupEOSBeta_xe.png, id=456, 462.528pt x 346.896pt>
File: plot_SetupEOSBeta_xe.png Graphic file (type png)
<use plot_SetupEOSBeta_xe.png>
Package pdftex.def Info: plot_SetupEOSBeta_xe.png  used on input line 1637.
(pdftex.def)             Requested size: 323.76738pt x 242.82553pt.
<plot_SetupEOSBeta_xmu.png, id=457, 462.528pt x 346.896pt>
File: plot_SetupEOSBeta_xmu.png Graphic file (type png)
<use plot_SetupEOSBeta_xmu.png>
Package pdftex.def Info: plot_SetupEOSBeta_xmu.png  used on input line 1644.
(pdftex.def)             Requested size: 323.76738pt x 242.82553pt.
[26 <./plot_SetupEOSBeta_xp.png>] [27 <./plot_SetupEOSBeta_xe.png> <./plot_Setu
pEOSBeta_xmu.png>]
<plot_SetupEOSHIC.png, id=479, 462.528pt x 346.896pt>
File: plot_SetupEOSHIC.png Graphic file (type png)
<use plot_SetupEOSHIC.png>
Package pdftex.def Info: plot_SetupEOSHIC.png  used on input line 1744.
(pdftex.def)             Requested size: 323.76738pt x 242.82553pt.
 [28 <./plot_SetupEOSHIC.png>]
<plot_SetupEOSEsym_-200.png, id=492, 462.528pt x 346.896pt>
File: plot_SetupEOSEsym_-200.png Graphic file (type png)
<use plot_SetupEOSEsym_-200.png>
Package pdftex.def Info: plot_SetupEOSEsym_-200.png  used on input line 1835.
(pdftex.def)             Requested size: 323.76738pt x 242.82553pt.
<plot_SetupEOSEsym_0.png, id=493, 462.528pt x 346.896pt>
File: plot_SetupEOSEsym_0.png Graphic file (type png)
<use plot_SetupEOSEsym_0.png>
Package pdftex.def Info: plot_SetupEOSEsym_0.png  used on input line 1842.
(pdftex.def)             Requested size: 323.76738pt x 242.82553pt.
<plot_SetupEOSEsym_200.png, id=494, 462.528pt x 346.896pt>
File: plot_SetupEOSEsym_200.png Graphic file (type png)
<use plot_SetupEOSEsym_200.png>
Package pdftex.def Info: plot_SetupEOSEsym_200.png  used on input line 1849.
(pdftex.def)             Requested size: 323.76738pt x 242.82553pt.
 [29 <./plot_SetupEOSEsym_-200.png>] [30 <./plot_SetupEOSEsym_0.png> <./plot_Se
tupEOSEsym_200.png>] [31]
LaTeX Font Info:    Font shape `TS1/txtt/m/it' in size <10> not available
(Font)              Font shape `TS1/txtt/m/sl' tried instead on input line 1.

Underfull \hbox (badness 10000) in paragraph at lines 2321--2323
[]\T1/qtm/m/n/10 Here are a set of fig-ures which are pro-duced with the Python
 sam-ple: /sam-
 []

[32{/usr/local/texlive/2024/texmf-dist/fonts/enc/dvips/base/8r.enc}]
<plot_SetupNucBEExp_AME_2020.png, id=547, 462.528pt x 346.896pt>
File: plot_SetupNucBEExp_AME_2020.png Graphic file (type png)
<use plot_SetupNucBEExp_AME_2020.png>
Package pdftex.def Info: plot_SetupNucBEExp_AME_2020.png  used on input line 23
28.
(pdftex.def)             Requested size: 323.76738pt x 242.82553pt.
<plot_SetupNucBEExp_AME_2020_year.png, id=548, 462.528pt x 346.896pt>
File: plot_SetupNucBEExp_AME_2020_year.png Graphic file (type png)
<use plot_SetupNucBEExp_AME_2020_year.png>
Package pdftex.def Info: plot_SetupNucBEExp_AME_2020_year.png  used on input li
ne 2335.
(pdftex.def)             Requested size: 323.76738pt x 242.82553pt.
 [33 <./plot_SetupNucBEExp_AME_2020.png>] [34 <./plot_SetupNucBEExp_AME_2020_ye
ar.png>]
Underfull \hbox (badness 10000) in paragraph at lines 2518--2520
[]\T1/qtm/m/n/10 Here are a set of fig-ures which are pro-duced with the Python
 sam-ple: /sam-
 []

<plot_SetupNucBETheo_Zref20.png, id=570, 462.528pt x 346.896pt>
File: plot_SetupNucBETheo_Zref20.png Graphic file (type png)
<use plot_SetupNucBETheo_Zref20.png>
Package pdftex.def Info: plot_SetupNucBETheo_Zref20.png  used on input line 252
5.
(pdftex.def)             Requested size: 323.76738pt x 242.82553pt.
<plot_SetupNucBETheo_Zref50.png, id=571, 462.528pt x 346.896pt>
File: plot_SetupNucBETheo_Zref50.png Graphic file (type png)
<use plot_SetupNucBETheo_Zref50.png>
Package pdftex.def Info: plot_SetupNucBETheo_Zref50.png  used on input line 253
2.
(pdftex.def)             Requested size: 323.76738pt x 242.82553pt.
[35 <./plot_SetupNucBETheo_Zref20.png>]
<plot_SetupNucRchExp.png, id=586, 462.528pt x 346.896pt>
File: plot_SetupNucRchExp.png Graphic file (type png)
<use plot_SetupNucRchExp.png>
Package pdftex.def Info: plot_SetupNucRchExp.png  used on input line 2761.
(pdftex.def)             Requested size: 323.76738pt x 242.82553pt.
 [36 <./plot_SetupNucBETheo_Zref50.png>] [37 <./plot_SetupNucRchExp.png>]
<plot_SetupNucISGMRExp.png, id=616, 462.528pt x 346.896pt>
File: plot_SetupNucISGMRExp.png Graphic file (type png)
<use plot_SetupNucISGMRExp.png>
Package pdftex.def Info: plot_SetupNucISGMRExp.png  used on input line 2986.
(pdftex.def)             Requested size: 323.76738pt x 242.82553pt.
 [38 <./plot_SetupNucISGMRExp.png>] [39]
<plot_SetupCrust.png, id=652, 462.528pt x 346.896pt>
File: plot_SetupCrust.png Graphic file (type png)
<use plot_SetupCrust.png>
Package pdftex.def Info: plot_SetupCrust.png  used on input line 3395.
(pdftex.def)             Requested size: 323.76738pt x 242.82553pt.

[40] [41 <./plot_SetupCrust.png>]
<plot_SetupAstroMasses.png, id=685, 462.528pt x 346.896pt>
File: plot_SetupAstroMasses.png Graphic file (type png)
<use plot_SetupAstroMasses.png>
Package pdftex.def Info: plot_SetupAstroMasses.png  used on input line 3655.
(pdftex.def)             Requested size: 323.76738pt x 242.82553pt.
 [42 <./plot_SetupAstroMasses.png>] [43]
<plot_SetupAstroMtot.png, id=713, 462.528pt x 346.896pt>
File: plot_SetupAstroMtot.png Graphic file (type png)
<use plot_SetupAstroMtot.png>
Package pdftex.def Info: plot_SetupAstroMtot.png  used on input line 3915.
(pdftex.def)             Requested size: 323.76738pt x 242.82553pt.

[44 <./plot_SetupAstroMtot.png>]
<plot_SetupAstroMtov.png, id=724, 462.528pt x 346.896pt>
File: plot_SetupAstroMtov.png Graphic file (type png)
<use plot_SetupAstroMtov.png>
Package pdftex.def Info: plot_SetupAstroMtov.png  used on input line 3975.
(pdftex.def)             Requested size: 323.76738pt x 242.82553pt.
 [45 <./plot_SetupAstroMtov.png>]
<plot_SetupAstroGW.png, id=738, 462.528pt x 346.896pt>
File: plot_SetupAstroGW.png Graphic file (type png)
<use plot_SetupAstroGW.png>
Package pdftex.def Info: plot_SetupAstroGW.png  used on input line 4223.
(pdftex.def)             Requested size: 323.76738pt x 242.82553pt.
 [46] [47 <./plot_SetupAstroGW.png>]
Underfull \hbox (badness 10000) in paragraph at lines 4467--4469
[]\T1/qtm/m/n/10 Here are a set of fig-ures which are pro-duced with the Python
 sam-ple: /sam-
 []

<plot_SetupCorEsymLsym.png, id=766, 462.528pt x 346.896pt>
File: plot_SetupCorEsymLsym.png Graphic file (type png)
<use plot_SetupCorEsymLsym.png>
Package pdftex.def Info: plot_SetupCorEsymLsym.png  used on input line 4474.
(pdftex.def)             Requested size: 323.76738pt x 242.82553pt.
[48 <./plot_SetupCorEsymLsym.png>]
Chapter 3.
[49

] [50

] [51


] (./nucleardatapy.ind [52


]
Underfull \hbox (badness 10000) in paragraph at lines 9--11
[]\T1/txtt/m/n/10 A_bound \T1/qtm/m/n/10 (\T1/qtm/m/it/10 nu-cle-ar-dat-apy.set
up_crust.SetupCrust at-
 []


Overfull \hbox (28.28242pt too wide) in paragraph at lines 11--13
[]\T1/txtt/m/n/10 alpha \T1/qtm/m/n/10 (\T1/qtm/m/it/10 nu-cle-ar-dat-apy.setup
_CorEsymLsym.SetupCorEsymLsym
 []


Underfull \hbox (badness 10000) in paragraph at lines 14--16
[]\T1/txtt/m/n/10 astro_gw_source() \T1/qtm/m/n/10 (\T1/qtm/m/it/10 in mod-ule 
nu-cle-ar-dat-
 []


Underfull \hbox (badness 10000) in paragraph at lines 16--18
[]\T1/txtt/m/n/10 astro_masses() \T1/qtm/m/n/10 (\T1/qtm/m/it/10 in mod-ule nu-
cle-ar-dat-
 []


Underfull \hbox (badness 10000) in paragraph at lines 18--20
[]\T1/txtt/m/n/10 astro_masses_source() \T1/qtm/m/n/10 (\T1/qtm/m/it/10 in mod-
ule nu-cle-ar-dat-
 []


Underfull \hbox (badness 10000) in paragraph at lines 20--22
[]\T1/txtt/m/n/10 astro_mtot() \T1/qtm/m/n/10 (\T1/qtm/m/it/10 in mod-ule nu-cl
e-ar-dat-
 []


Underfull \hbox (badness 10000) in paragraph at lines 22--24
[]\T1/txtt/m/n/10 astro_mtot_source() \T1/qtm/m/n/10 (\T1/qtm/m/it/10 in mod-ul
e nu-cle-ar-dat-
 []


Underfull \hbox (badness 10000) in paragraph at lines 27--29
[]\T1/txtt/m/n/10 constraint \T1/qtm/m/n/10 (\T1/qtm/m/it/10 nu-cle-ar-dat-
 []


Underfull \hbox (badness 10000) in paragraph at lines 27--29
\T1/qtm/m/it/10 apy.setup_CorEsymLsym.SetupCorEsymLsym
 []


Underfull \hbox (badness 10000) in paragraph at lines 29--31
[]\T1/txtt/m/n/10 constraint \T1/qtm/m/n/10 (\T1/qtm/m/it/10 nu-cle-ar-dat-
 []


Underfull \hbox (badness 10000) in paragraph at lines 39--40
[]\T1/txtt/m/n/10 den \T1/qtm/m/n/10 (\T1/qtm/m/it/10 nu-cle-ar-dat-apy.setup_e
os_ffg.SetupEOSFFG at-
 []


Overfull \hbox (31.16246pt too wide) in paragraph at lines 40--42
[]\T1/txtt/m/n/10 den \T1/qtm/m/n/10 (\T1/qtm/m/it/10 nu-cle-ar-dat-apy.setup_e
os_micro_band.SetupEOSMicroBand
 []


Underfull \hbox (badness 10000) in paragraph at lines 43--45
[]\T1/txtt/m/n/10 den_cgs \T1/qtm/m/n/10 (\T1/qtm/m/it/10 nu-cle-ar-dat-apy.set
up_crust.SetupCrust at-
 []


Overfull \hbox (15.95241pt too wide) in paragraph at lines 51--53
[]\T1/txtt/m/n/10 diff() \T1/qtm/m/n/10 (\T1/qtm/m/it/10 nu-cle-ar-dat-apy.setu
p_nuc_be_theo.SetupNucBETheo
 []


Underfull \hbox (badness 10000) in paragraph at lines 53--55
[]\T1/txtt/m/n/10 diff_exp() \T1/qtm/m/n/10 (\T1/qtm/m/it/10 nu-cle-ar-dat-
 []


Underfull \hbox (badness 10000) in paragraph at lines 53--55
\T1/qtm/m/it/10 apy.setup_nuc_be_theo.SetupNucBETheo
 []


Underfull \hbox (badness 10000) in paragraph at lines 55--57
[]\T1/txtt/m/n/10 dist_nbNuc \T1/qtm/m/n/10 (\T1/qtm/m/it/10 nu-cle-ar-dat-
 []


Underfull \hbox (badness 10000) in paragraph at lines 55--57
\T1/qtm/m/it/10 apy.setup_nuc_be_exp.SetupNucBEExp at-
 []


Underfull \hbox (badness 10000) in paragraph at lines 57--59
[]\T1/txtt/m/n/10 dist_year \T1/qtm/m/n/10 (\T1/qtm/m/it/10 nu-cle-ar-dat-
 []


Underfull \hbox (badness 10000) in paragraph at lines 57--59
\T1/qtm/m/it/10 apy.setup_nuc_be_exp.SetupNucBEExp at-
 []


Overfull \hbox (8.26242pt too wide) in paragraph at lines 59--61
[]\T1/txtt/m/n/10 drip() \T1/qtm/m/n/10 (\T1/qtm/m/it/10 nu-cle-ar-dat-apy.setu
p_nuc_be_exp.SetupNucBEExp
 []


Overfull \hbox (15.95241pt too wide) in paragraph at lines 61--63
[]\T1/txtt/m/n/10 drip() \T1/qtm/m/n/10 (\T1/qtm/m/it/10 nu-cle-ar-dat-apy.setu
p_nuc_be_theo.SetupNucBETheo
 []


Underfull \hbox (badness 10000) in paragraph at lines 66--68
[]\T1/txtt/m/n/10 e2a_int \T1/qtm/m/n/10 (\T1/qtm/m/it/10 nu-cle-ar-dat-apy.set
up_crust.SetupCrust at-
 []


Underfull \hbox (badness 10000) in paragraph at lines 68--70
[]\T1/txtt/m/n/10 e2a_int \T1/qtm/m/n/10 (\T1/qtm/m/it/10 nu-cle-ar-dat-apy.set
up_eos_ffg.SetupEOSFFG
 []


Underfull \hbox (badness 10000) in paragraph at lines 70--72
[]\T1/txtt/m/n/10 e2a_int2 \T1/qtm/m/n/10 (\T1/qtm/m/it/10 nu-cle-ar-dat-apy.se
tup_crust.SetupCrust at-
 []


Underfull \hbox (badness 7851) in paragraph at lines 72--74
[]\T1/txtt/m/n/10 e2a_int_g \T1/qtm/m/n/10 (\T1/qtm/m/it/10 nu-cle-ar-dat-apy.s
etup_crust.SetupCrust at-
 []


Underfull \hbox (badness 10000) in paragraph at lines 74--76
[]\T1/txtt/m/n/10 e2a_rm \T1/qtm/m/n/10 (\T1/qtm/m/it/10 nu-cle-ar-dat-apy.setu
p_crust.SetupCrust at-
 []


Underfull \hbox (badness 10000) in paragraph at lines 76--78
[]\T1/txtt/m/n/10 e2v_int \T1/qtm/m/n/10 (\T1/qtm/m/it/10 nu-cle-ar-dat-apy.set
up_eos_ffg.SetupEOSFFG
 []


Overfull \hbox (39.37242pt too wide) in paragraph at lines 78--80
[]\T1/txtt/m/n/10 E_unit \T1/qtm/m/n/10 (\T1/qtm/m/it/10 nu-cle-ar-dat-apy.setu
p_nuc_isgmr_exp.SetupNucISGMRExp
 []


Underfull \hbox (badness 10000) in paragraph at lines 80--82
[]\T1/txtt/m/n/10 eF_n \T1/qtm/m/n/10 (\T1/qtm/m/it/10 nu-cle-ar-dat-apy.setup_
eos_ffg.SetupEOSFFG
 []


Underfull \hbox (badness 10000) in paragraph at lines 83--85
[]\T1/txtt/m/n/10 eF_p \T1/qtm/m/n/10 (\T1/qtm/m/it/10 nu-cle-ar-dat-apy.setup_
eos_ffg.SetupEOSFFG
 []

[53

]
Underfull \hbox (badness 10000) in paragraph at lines 88--90
[]\T1/txtt/m/n/10 eos_hic_constraints() \T1/qtm/m/n/10 (\T1/qtm/m/it/10 in mod-
ule nu-cle-ar-dat-
 []


Underfull \hbox (badness 10000) in paragraph at lines 90--92
[]\T1/txtt/m/n/10 eos_micro_LP_models() \T1/qtm/m/n/10 (\T1/qtm/m/it/10 in mod-
ule nu-cle-ar-dat-
 []


Underfull \hbox (badness 10000) in paragraph at lines 92--94
[]\T1/txtt/m/n/10 eos_micro_models() \T1/qtm/m/n/10 (\T1/qtm/m/it/10 in mod-ule
 nu-cle-ar-dat-
 []


Underfull \hbox (badness 10000) in paragraph at lines 98--100
[]\T1/txtt/m/n/10 eos_pheno_models() \T1/qtm/m/n/10 (\T1/qtm/m/it/10 in mod-ule
 nu-cle-ar-dat-
 []


Underfull \hbox (badness 10000) in paragraph at lines 100--102
[]\T1/txtt/m/n/10 eos_pheno_params() \T1/qtm/m/n/10 (\T1/qtm/m/it/10 in mod-ule
 nu-cle-ar-dat-
 []


Overfull \hbox (23.09242pt too wide) in paragraph at lines 102--104
[]\T1/txtt/m/n/10 Esym \T1/qtm/m/n/10 (\T1/qtm/m/it/10 nu-cle-ar-dat-apy.setup_
CorEsymLsym.SetupCorEsymLsym
 []


Underfull \hbox (badness 10000) in paragraph at lines 104--106
[]\T1/txtt/m/n/10 esym \T1/qtm/m/n/10 (\T1/qtm/m/it/10 nu-cle-ar-dat-apy.setup_
eos_ffg.SetupEOSFFG
 []


Underfull \hbox (badness 10000) in paragraph at lines 110--112
[]\T1/txtt/m/n/10 esym_e2a_max \T1/qtm/m/n/10 (\T1/qtm/m/it/10 nu-cle-ar-dat-
 []


Underfull \hbox (badness 10000) in paragraph at lines 112--114
[]\T1/txtt/m/n/10 esym_e2a_min \T1/qtm/m/n/10 (\T1/qtm/m/it/10 nu-cle-ar-dat-
 []


Underfull \hbox (badness 10000) in paragraph at lines 114--116
[]\T1/txtt/m/n/10 Esym_err \T1/qtm/m/n/10 (\T1/qtm/m/it/10 nu-cle-ar-dat-
 []


Underfull \hbox (badness 10000) in paragraph at lines 114--116
\T1/qtm/m/it/10 apy.setup_CorEsymLsym.SetupCorEsymLsym
 []


Underfull \hbox (badness 10000) in paragraph at lines 116--118
[]\T1/txtt/m/n/10 Esym_max \T1/qtm/m/n/10 (\T1/qtm/m/it/10 nu-cle-ar-dat-
 []


Underfull \hbox (badness 10000) in paragraph at lines 116--118
\T1/qtm/m/it/10 apy.setup_CorEsymLsym.SetupCorEsymLsym
 []


Underfull \hbox (badness 10000) in paragraph at lines 118--120
[]\T1/txtt/m/n/10 Esym_min \T1/qtm/m/n/10 (\T1/qtm/m/it/10 nu-cle-ar-dat-
 []


Underfull \hbox (badness 10000) in paragraph at lines 118--120
\T1/qtm/m/it/10 apy.setup_CorEsymLsym.SetupCorEsymLsym
 []


Overfull \hbox (3.01161pt too wide) in paragraph at lines 124--126
[]\T1/txtt/m/n/10 flagI \T1/qtm/m/n/10 (\T1/qtm/m/it/10 nu-cle-ar-dat-apy.setup
_nuc_be_exp.SetupNucBEExp
 []


Underfull \hbox (badness 10000) in paragraph at lines 126--128
[]\T1/txtt/m/n/10 flagInterp \T1/qtm/m/n/10 (\T1/qtm/m/it/10 nu-cle-ar-dat-
 []


Underfull \hbox (badness 10000) in paragraph at lines 126--128
\T1/qtm/m/it/10 apy.setup_nuc_be_exp.SetupNucBEExp at-
 []


Underfull \hbox (badness 10000) in paragraph at lines 131--133
[]\T1/txtt/m/n/10 I_bound \T1/qtm/m/n/10 (\T1/qtm/m/it/10 nu-cle-ar-dat-apy.set
up_crust.SetupCrust at-
 []


Underfull \hbox (badness 10000) in paragraph at lines 133--135
[]\T1/txtt/m/n/10 init_self() \T1/qtm/m/n/10 (\T1/qtm/m/it/10 nu-cle-ar-dat-
 []


Underfull \hbox (badness 10000) in paragraph at lines 133--135
\T1/qtm/m/it/10 apy.setup_eos_am.SetupEOSAM method\T1/qtm/m/n/10 ),
 []


Underfull \hbox (badness 10000) in paragraph at lines 135--137
[]\T1/txtt/m/n/10 init_self() \T1/qtm/m/n/10 (\T1/qtm/m/it/10 nu-cle-ar-dat-
 []


Underfull \hbox (badness 10000) in paragraph at lines 135--137
\T1/qtm/m/it/10 apy.setup_eos_beta.SetupEOSBeta method\T1/qtm/m/n/10 ),
 []


Underfull \hbox (badness 10000) in paragraph at lines 137--139
[]\T1/txtt/m/n/10 init_self() \T1/qtm/m/n/10 (\T1/qtm/m/it/10 nu-cle-ar-dat-
 []


Underfull \hbox (badness 10000) in paragraph at lines 137--139
\T1/qtm/m/it/10 apy.setup_eos_hic.SetupEOSHIC method\T1/qtm/m/n/10 ),
 []


Underfull \hbox (badness 10000) in paragraph at lines 139--141
[]\T1/txtt/m/n/10 init_self() \T1/qtm/m/n/10 (\T1/qtm/m/it/10 nu-cle-ar-dat-
 []


Underfull \hbox (badness 10000) in paragraph at lines 141--143
[]\T1/txtt/m/n/10 init_self() \T1/qtm/m/n/10 (\T1/qtm/m/it/10 nu-cle-ar-dat-
 []


Overfull \hbox (7.38252pt too wide) in paragraph at lines 141--143
\T1/qtm/m/it/10 apy.setup_eos_micro_band.SetupEOSMicroBand
 []


Underfull \hbox (badness 10000) in paragraph at lines 143--145
[]\T1/txtt/m/n/10 init_self() \T1/qtm/m/n/10 (\T1/qtm/m/it/10 nu-cle-ar-dat-
 []


Underfull \hbox (badness 10000) in paragraph at lines 143--145
\T1/qtm/m/it/10 apy.setup_eos_micro_lp.SetupEOSMicroLP
 []


Underfull \hbox (badness 10000) in paragraph at lines 145--147
[]\T1/txtt/m/n/10 init_self() \T1/qtm/m/n/10 (\T1/qtm/m/it/10 nu-cle-ar-dat-
 []


Underfull \hbox (badness 10000) in paragraph at lines 145--147
\T1/qtm/m/it/10 apy.setup_eos_pheno.SetupEOSPheno
 []


Underfull \hbox (badness 10000) in paragraph at lines 147--149
[]\T1/txtt/m/n/10 init_self() \T1/qtm/m/n/10 (\T1/qtm/m/it/10 nu-cle-ar-dat-
 []


Underfull \hbox (badness 10000) in paragraph at lines 147--149
\T1/qtm/m/it/10 apy.setup_nuc_be_theo.SetupNucBETheo
 []


Underfull \hbox (badness 10000) in paragraph at lines 152--153
[]\T1/txtt/m/n/10 kf \T1/qtm/m/n/10 (\T1/qtm/m/it/10 nu-cle-ar-dat-apy.setup_eo
s_ffg.SetupEOSFFG at-
 []


Underfull \hbox (badness 10000) in paragraph at lines 154--156
[]\T1/txtt/m/n/10 kf_n \T1/qtm/m/n/10 (\T1/qtm/m/it/10 nu-cle-ar-dat-apy.setup_
eos_ffg.SetupEOSFFG
 []


Underfull \hbox (badness 10000) in paragraph at lines 157--159
[]\T1/txtt/m/n/10 kf_p \T1/qtm/m/n/10 (\T1/qtm/m/it/10 nu-cle-ar-dat-apy.setup_
eos_ffg.SetupEOSFFG
 []


Overfull \hbox (15.92241pt too wide) in paragraph at lines 164--166
[]\T1/txtt/m/n/10 label \T1/qtm/m/n/10 (\T1/qtm/m/it/10 nu-cle-ar-dat-apy.setup
_astro_masses.SetupAstroMasses
 []


Underfull \hbox (badness 5817) in paragraph at lines 166--168
[]\T1/txtt/m/n/10 label \T1/qtm/m/n/10 (\T1/qtm/m/it/10 nu-cle-ar-dat-apy.setup
_astro_mtot.SetupAstroMtot
 []


Overfull \hbox (28.28242pt too wide) in paragraph at lines 168--170
[]\T1/txtt/m/n/10 label \T1/qtm/m/n/10 (\T1/qtm/m/it/10 nu-cle-ar-dat-apy.setup
_CorEsymLsym.SetupCorEsymLsym
 []


Overfull \hbox (3.01244pt too wide) in paragraph at lines 174--176
[]\T1/txtt/m/n/10 label \T1/qtm/m/n/10 (\T1/qtm/m/it/10 nu-cle-ar-dat-apy.setup
_nuc_be_exp.SetupNucBEExp
 []


Overfull \hbox (34.12244pt too wide) in paragraph at lines 176--178
[]\T1/txtt/m/n/10 label \T1/qtm/m/n/10 (\T1/qtm/m/it/10 nu-cle-ar-dat-apy.setup
_nuc_isgmr_exp.SetupNucISGMRExp
 []


Overfull \hbox (9.3824pt too wide) in paragraph at lines 178--180
[]\T1/txtt/m/n/10 label \T1/qtm/m/n/10 (\T1/qtm/m/it/10 nu-cle-ar-dat-apy.setup
_nuc_rch_exp.SetupNucRchExp
 []


Underfull \hbox (badness 10000) in paragraph at lines 180--182
[]\T1/txtt/m/n/10 lambda_sig_do \T1/qtm/m/n/10 (\T1/qtm/m/it/10 nu-cle-ar-dat-
 []


Underfull \hbox (badness 10000) in paragraph at lines 180--182
\T1/qtm/m/it/10 apy.setup_astro_gw.SetupAstroGW at-tribute\T1/qtm/m/n/10 ),
 []


Underfull \hbox (badness 10000) in paragraph at lines 182--184
[]\T1/txtt/m/n/10 lambda_sig_up \T1/qtm/m/n/10 (\T1/qtm/m/it/10 nu-cle-ar-dat-
 []


Underfull \hbox (badness 10000) in paragraph at lines 182--184
\T1/qtm/m/it/10 apy.setup_astro_gw.SetupAstroGW at-tribute\T1/qtm/m/n/10 ),
 []

[54]
Underfull \hbox (badness 10000) in paragraph at lines 184--186
[]\T1/txtt/m/n/10 latexCite \T1/qtm/m/n/10 (\T1/qtm/m/it/10 nu-cle-ar-dat-
 []


Underfull \hbox (badness 10000) in paragraph at lines 184--186
\T1/qtm/m/it/10 apy.setup_astro_gw.SetupAstroGW at-tribute\T1/qtm/m/n/10 ),
 []


Underfull \hbox (badness 10000) in paragraph at lines 186--188
[]\T1/txtt/m/n/10 latexCite \T1/qtm/m/n/10 (\T1/qtm/m/it/10 nu-cle-ar-dat-
 []


Underfull \hbox (badness 10000) in paragraph at lines 186--188
\T1/qtm/m/it/10 apy.setup_astro_masses.SetupAstroMasses
 []


Underfull \hbox (badness 10000) in paragraph at lines 188--190
[]\T1/txtt/m/n/10 latexCite \T1/qtm/m/n/10 (\T1/qtm/m/it/10 nu-cle-ar-dat-
 []


Underfull \hbox (badness 10000) in paragraph at lines 188--190
\T1/qtm/m/it/10 apy.setup_astro_mtot.SetupAstroMtot at-
 []


Overfull \hbox (23.09242pt too wide) in paragraph at lines 190--192
[]\T1/txtt/m/n/10 Lsym \T1/qtm/m/n/10 (\T1/qtm/m/it/10 nu-cle-ar-dat-apy.setup_
CorEsymLsym.SetupCorEsymLsym
 []


Underfull \hbox (badness 10000) in paragraph at lines 192--194
[]\T1/txtt/m/n/10 Lsym_err \T1/qtm/m/n/10 (\T1/qtm/m/it/10 nu-cle-ar-dat-
 []


Underfull \hbox (badness 10000) in paragraph at lines 192--194
\T1/qtm/m/it/10 apy.setup_CorEsymLsym.SetupCorEsymLsym
 []


Underfull \hbox (badness 10000) in paragraph at lines 194--196
[]\T1/txtt/m/n/10 Lsym_max \T1/qtm/m/n/10 (\T1/qtm/m/it/10 nu-cle-ar-dat-
 []


Underfull \hbox (badness 10000) in paragraph at lines 194--196
\T1/qtm/m/it/10 apy.setup_CorEsymLsym.SetupCorEsymLsym
 []


Underfull \hbox (badness 10000) in paragraph at lines 196--198
[]\T1/txtt/m/n/10 Lsym_min \T1/qtm/m/n/10 (\T1/qtm/m/it/10 nu-cle-ar-dat-
 []


Underfull \hbox (badness 10000) in paragraph at lines 196--198
\T1/qtm/m/it/10 apy.setup_CorEsymLsym.SetupCorEsymLsym
 []


Overfull \hbox (10.67242pt too wide) in paragraph at lines 201--203
[]\T1/txtt/m/n/10 mass \T1/qtm/m/n/10 (\T1/qtm/m/it/10 nu-cle-ar-dat-apy.setup_
astro_masses.SetupAstroMasses
 []


Overfull \hbox (46.91241pt too wide) in paragraph at lines 203--205
[]\T1/txtt/m/n/10 matter \T1/qtm/m/n/10 (\T1/qtm/m/it/10 nu-cle-ar-dat-apy.setu
p_eos_micro_band.SetupEOSMicroBand
 []


Underfull \hbox (badness 7649) in paragraph at lines 205--207
[]\T1/txtt/m/n/10 model \T1/qtm/m/n/10 (\T1/qtm/m/it/10 nu-cle-ar-dat-apy.setup
_eos_am.SetupEOSAM at-
 []


Overfull \hbox (20.00243pt too wide) in paragraph at lines 211--213
[]\T1/txtt/m/n/10 model \T1/qtm/m/n/10 (\T1/qtm/m/it/10 nu-cle-ar-dat-apy.setup
_eos_micro_lp.SetupEOSMicroLP
 []


Overfull \hbox (46.91241pt too wide) in paragraph at lines 215--217
[]\T1/txtt/m/n/10 models \T1/qtm/m/n/10 (\T1/qtm/m/it/10 nu-cle-ar-dat-apy.setu
p_eos_micro_band.SetupEOSMicroBand
 []


Underfull \hbox (badness 10000) in paragraph at lines 217--218
[]\T1/txtt/m/n/10 models_crust() \T1/qtm/m/n/10 (\T1/qtm/m/it/10 in mod-ule nu-
cle-ar-dat-
 []


Underfull \hbox (badness 10000) in paragraph at lines 239--241
[]\T1/txtt/m/n/10 mtot \T1/qtm/m/n/10 (\T1/qtm/m/it/10 nu-cle-ar-dat-apy.setup_
astro_mtot.SetupAstroMtot
 []


Underfull \hbox (badness 10000) in paragraph at lines 247--249
[]\T1/txtt/m/n/10 N_bound \T1/qtm/m/n/10 (\T1/qtm/m/it/10 nu-cle-ar-dat-apy.set
up_crust.SetupCrust at-
 []


Overfull \hbox (8.26242pt too wide) in paragraph at lines 251--253
[]\T1/txtt/m/n/10 nbLine \T1/qtm/m/n/10 (\T1/qtm/m/it/10 nu-cle-ar-dat-apy.setu
p_nuc_be_exp.SetupNucBEExp
 []


Overfull \hbox (3.01244pt too wide) in paragraph at lines 253--255
[]\T1/txtt/m/n/10 nbNuc \T1/qtm/m/n/10 (\T1/qtm/m/it/10 nu-cle-ar-dat-apy.setup
_nuc_be_exp.SetupNucBEExp
 []


Overfull \hbox (36.41245pt too wide) in paragraph at lines 255--257
[]\T1/txtt/m/n/10 nden \T1/qtm/m/n/10 (\T1/qtm/m/it/10 nu-cle-ar-dat-apy.setup_
eos_micro_band.SetupEOSMicroBand
 []


Overfull \hbox (10.67242pt too wide) in paragraph at lines 259--261
[]\T1/txtt/m/n/10 note \T1/qtm/m/n/10 (\T1/qtm/m/it/10 nu-cle-ar-dat-apy.setup_
astro_masses.SetupAstroMasses
 []


Underfull \hbox (badness 10000) in paragraph at lines 261--263
[]\T1/txtt/m/n/10 note \T1/qtm/m/n/10 (\T1/qtm/m/it/10 nu-cle-ar-dat-apy.setup_
astro_mtot.SetupAstroMtot
 []


Overfull \hbox (23.03244pt too wide) in paragraph at lines 263--265
[]\T1/txtt/m/n/10 note \T1/qtm/m/n/10 (\T1/qtm/m/it/10 nu-cle-ar-dat-apy.setup_
CorEsymLsym.SetupCorEsymLsym
 []


Underfull \hbox (badness 10000) in paragraph at lines 265--267
[]\T1/txtt/m/n/10 note \T1/qtm/m/n/10 (\T1/qtm/m/it/10 nu-cle-ar-dat-apy.setup_
eos_ffg.SetupEOSFFG
 []


Underfull \hbox (badness 10000) in paragraph at lines 267--269
[]\T1/txtt/m/n/10 note \T1/qtm/m/n/10 (\T1/qtm/m/it/10 nu-cle-ar-dat-apy.setup_
eos_pheno.SetupEOSPheno
 []


Overfull \hbox (28.87245pt too wide) in paragraph at lines 271--273
[]\T1/txtt/m/n/10 note \T1/qtm/m/n/10 (\T1/qtm/m/it/10 nu-cle-ar-dat-apy.setup_
nuc_isgmr_exp.SetupNucISGMRExp
 []


Overfull \hbox (4.13242pt too wide) in paragraph at lines 273--275
[]\T1/txtt/m/n/10 note \T1/qtm/m/n/10 (\T1/qtm/m/it/10 nu-cle-ar-dat-apy.setup_
nuc_rch_exp.SetupNucRchExp
 []


Underfull \hbox (badness 10000) in paragraph at lines 275--277
[]\T1/txtt/m/n/10 nuc_be_exp_tables() \T1/qtm/m/n/10 (\T1/qtm/m/it/10 in mod-ul
e nu-cle-ar-dat-
 []


Underfull \hbox (badness 10000) in paragraph at lines 277--279
[]\T1/txtt/m/n/10 nuc_be_exp_versions() \T1/qtm/m/n/10 (\T1/qtm/m/it/10 in mod-
ule nu-cle-ar-dat-
 []


Underfull \hbox (badness 10000) in paragraph at lines 279--281
[]\T1/txtt/m/n/10 nuc_be_theo_tables() \T1/qtm/m/n/10 (\T1/qtm/m/it/10 in mod-u
le nu-cle-ar-dat-
 []


Underfull \hbox (badness 10000) in paragraph at lines 281--283
[]\T1/txtt/m/n/10 nuc_isgmr_exp_tables() \T1/qtm/m/n/10 (\T1/qtm/m/it/10 in mod
-ule nu-cle-ar-dat-
 []

[55]
Underfull \hbox (badness 10000) in paragraph at lines 283--285
[]\T1/txtt/m/n/10 nuc_rch_exp_tables() \T1/qtm/m/n/10 (\T1/qtm/m/it/10 in mod-u
le nu-cle-ar-dat-
 []


Overfull \hbox (28.87163pt too wide) in paragraph at lines 287--289
[]\T1/txtt/m/n/10 nucA \T1/qtm/m/n/10 (\T1/qtm/m/it/10 nu-cle-ar-dat-apy.setup_
nuc_isgmr_exp.SetupNucISGMRExp
 []


Overfull \hbox (4.13159pt too wide) in paragraph at lines 289--291
[]\T1/txtt/m/n/10 nucA \T1/qtm/m/n/10 (\T1/qtm/m/it/10 nu-cle-ar-dat-apy.setup_
nuc_rch_exp.SetupNucRchExp
 []


Overfull \hbox (3.01161pt too wide) in paragraph at lines 291--293
[]\T1/txtt/m/n/10 nucBE \T1/qtm/m/n/10 (\T1/qtm/m/it/10 nu-cle-ar-dat-apy.setup
_nuc_be_exp.SetupNucBEExp
 []


Underfull \hbox (badness 10000) in paragraph at lines 293--295
[]\T1/txtt/m/n/10 nucBE_err \T1/qtm/m/n/10 (\T1/qtm/m/it/10 nu-cle-ar-dat-
 []


Underfull \hbox (badness 10000) in paragraph at lines 293--295
\T1/qtm/m/it/10 apy.setup_nuc_be_exp.SetupNucBEExp at-
 []


Overfull \hbox (3.01161pt too wide) in paragraph at lines 295--297
[]\T1/txtt/m/n/10 nucHT \T1/qtm/m/n/10 (\T1/qtm/m/it/10 nu-cle-ar-dat-apy.setup
_nuc_be_exp.SetupNucBEExp
 []


Underfull \hbox (badness 10000) in paragraph at lines 337--339
[]\T1/txtt/m/n/10 nucM12Mm1_cent \T1/qtm/m/n/10 (\T1/qtm/m/it/10 nu-cle-ar-dat-

 []


Underfull \hbox (badness 10000) in paragraph at lines 337--339
\T1/qtm/m/it/10 apy.setup_nuc_isgmr_exp.SetupNucISGMRExp
 []


Underfull \hbox (badness 10000) in paragraph at lines 339--341
[]\T1/txtt/m/n/10 nucM12Mm1_errm \T1/qtm/m/n/10 (\T1/qtm/m/it/10 nu-cle-ar-dat-

 []


Underfull \hbox (badness 10000) in paragraph at lines 339--341
\T1/qtm/m/it/10 apy.setup_nuc_isgmr_exp.SetupNucISGMRExp
 []


Underfull \hbox (badness 10000) in paragraph at lines 341--343
[]\T1/txtt/m/n/10 nucM12Mm1_errp \T1/qtm/m/n/10 (\T1/qtm/m/it/10 nu-cle-ar-dat-

 []


Underfull \hbox (badness 10000) in paragraph at lines 341--343
\T1/qtm/m/it/10 apy.setup_nuc_isgmr_exp.SetupNucISGMRExp
 []


Overfull \hbox (4.13159pt too wide) in paragraph at lines 345--347
[]\T1/txtt/m/n/10 nucN \T1/qtm/m/n/10 (\T1/qtm/m/it/10 nu-cle-ar-dat-apy.setup_
nuc_rch_exp.SetupNucRchExp
 []


Overfull \hbox (14.63239pt too wide) in paragraph at lines 347--349
[]\T1/txtt/m/n/10 nucRch \T1/qtm/m/n/10 (\T1/qtm/m/it/10 nu-cle-ar-dat-apy.setu
p_nuc_rch_exp.SetupNucRchExp
 []


Underfull \hbox (badness 10000) in paragraph at lines 349--351
[]\T1/txtt/m/n/10 nucRch_err \T1/qtm/m/n/10 (\T1/qtm/m/it/10 nu-cle-ar-dat-
 []


Underfull \hbox (badness 10000) in paragraph at lines 349--351
\T1/qtm/m/it/10 apy.setup_nuc_rch_exp.SetupNucRchExp
 []


Overfull \hbox (13.5124pt too wide) in paragraph at lines 351--353
[]\T1/txtt/m/n/10 nucStbl \T1/qtm/m/n/10 (\T1/qtm/m/it/10 nu-cle-ar-dat-apy.set
up_nuc_be_exp.SetupNucBEExp
 []


Overfull \hbox (13.5124pt too wide) in paragraph at lines 353--355
[]\T1/txtt/m/n/10 nucSymb \T1/qtm/m/n/10 (\T1/qtm/m/it/10 nu-cle-ar-dat-apy.set
up_nuc_be_exp.SetupNucBEExp
 []


Overfull \hbox (19.88237pt too wide) in paragraph at lines 355--357
[]\T1/txtt/m/n/10 nucSymb \T1/qtm/m/n/10 (\T1/qtm/m/it/10 nu-cle-ar-dat-apy.set
up_nuc_rch_exp.SetupNucRchExp
 []


Underfull \hbox (badness 10000) in paragraph at lines 357--359
[]\T1/txtt/m/n/10 nucSymbol \T1/qtm/m/n/10 (\T1/qtm/m/it/10 nu-cle-ar-dat-
 []


Underfull \hbox (badness 10000) in paragraph at lines 357--359
\T1/qtm/m/it/10 apy.setup_nuc_isgmr_exp.SetupNucISGMRExp
 []


Overfull \hbox (13.5124pt too wide) in paragraph at lines 359--361
[]\T1/txtt/m/n/10 nucYear \T1/qtm/m/n/10 (\T1/qtm/m/it/10 nu-cle-ar-dat-apy.set
up_nuc_be_exp.SetupNucBEExp
 []


Overfull \hbox (28.87163pt too wide) in paragraph at lines 363--365
[]\T1/txtt/m/n/10 nucZ \T1/qtm/m/n/10 (\T1/qtm/m/it/10 nu-cle-ar-dat-apy.setup_
nuc_isgmr_exp.SetupNucISGMRExp
 []


Overfull \hbox (4.13159pt too wide) in paragraph at lines 365--367
[]\T1/txtt/m/n/10 nucZ \T1/qtm/m/n/10 (\T1/qtm/m/it/10 nu-cle-ar-dat-apy.setup_
nuc_rch_exp.SetupNucRchExp
 []


Underfull \hbox (badness 10000) in paragraph at lines 372--373
[]\T1/txtt/m/n/10 pre \T1/qtm/m/n/10 (\T1/qtm/m/it/10 nu-cle-ar-dat-apy.setup_e
os_ffg.SetupEOSFFG at-
 []


Underfull \hbox (badness 10000) in paragraph at lines 373--375
[]\T1/txtt/m/n/10 print_outputs() \T1/qtm/m/n/10 (\T1/qtm/m/it/10 nu-cle-ar-dat
-
 []


Underfull \hbox (badness 10000) in paragraph at lines 373--375
\T1/qtm/m/it/10 apy.setup_astro_gw.SetupAstroGW method\T1/qtm/m/n/10 ),
 []


Underfull \hbox (badness 10000) in paragraph at lines 375--377
[]\T1/txtt/m/n/10 print_outputs() \T1/qtm/m/n/10 (\T1/qtm/m/it/10 nu-cle-ar-dat
-
 []


Underfull \hbox (badness 10000) in paragraph at lines 375--377
\T1/qtm/m/it/10 apy.setup_astro_gw.SetupAstroGWAverage
 []


Underfull \hbox (badness 10000) in paragraph at lines 377--379
[]\T1/txtt/m/n/10 print_outputs() \T1/qtm/m/n/10 (\T1/qtm/m/it/10 nu-cle-ar-dat
-
 []


Underfull \hbox (badness 10000) in paragraph at lines 377--379
\T1/qtm/m/it/10 apy.setup_astro_masses.SetupAstroMasses
 []


Underfull \hbox (badness 10000) in paragraph at lines 379--381
[]\T1/txtt/m/n/10 print_outputs() \T1/qtm/m/n/10 (\T1/qtm/m/it/10 nu-cle-ar-dat
-
 []


Overfull \hbox (13.46246pt too wide) in paragraph at lines 379--381
\T1/qtm/m/it/10 apy.setup_astro_masses.SetupAstroMassesAverage
 []

[56]
Underfull \hbox (badness 10000) in paragraph at lines 381--383
[]\T1/txtt/m/n/10 print_outputs() \T1/qtm/m/n/10 (\T1/qtm/m/it/10 nu-cle-ar-dat
-
 []


Underfull \hbox (badness 10000) in paragraph at lines 383--385
[]\T1/txtt/m/n/10 print_outputs() \T1/qtm/m/n/10 (\T1/qtm/m/it/10 nu-cle-ar-dat
-
 []


Underfull \hbox (badness 10000) in paragraph at lines 383--385
\T1/qtm/m/it/10 apy.setup_astro_mtot.SetupAstroMtotAverage
 []


Underfull \hbox (badness 10000) in paragraph at lines 385--387
[]\T1/txtt/m/n/10 print_outputs() \T1/qtm/m/n/10 (\T1/qtm/m/it/10 nu-cle-ar-dat
-
 []


Underfull \hbox (badness 10000) in paragraph at lines 385--387
\T1/qtm/m/it/10 apy.setup_astro_mtov.SetupAstroMtov
 []


Underfull \hbox (badness 10000) in paragraph at lines 387--389
[]\T1/txtt/m/n/10 print_outputs() \T1/qtm/m/n/10 (\T1/qtm/m/it/10 nu-cle-ar-dat
-
 []


Underfull \hbox (badness 10000) in paragraph at lines 387--389
\T1/qtm/m/it/10 apy.setup_CorEsymLsym.SetupCorEsymLsym
 []


Underfull \hbox (badness 10000) in paragraph at lines 389--391
[]\T1/txtt/m/n/10 print_outputs() \T1/qtm/m/n/10 (\T1/qtm/m/it/10 nu-cle-ar-dat
-
 []


Underfull \hbox (badness 10000) in paragraph at lines 391--393
[]\T1/txtt/m/n/10 print_outputs() \T1/qtm/m/n/10 (\T1/qtm/m/it/10 nu-cle-ar-dat
-
 []


Underfull \hbox (badness 10000) in paragraph at lines 391--393
\T1/qtm/m/it/10 apy.setup_eos_am.SetupEOSAM method\T1/qtm/m/n/10 ),
 []


Underfull \hbox (badness 10000) in paragraph at lines 393--395
[]\T1/txtt/m/n/10 print_outputs() \T1/qtm/m/n/10 (\T1/qtm/m/it/10 nu-cle-ar-dat
-
 []


Underfull \hbox (badness 10000) in paragraph at lines 393--395
\T1/qtm/m/it/10 apy.setup_eos_beta.SetupEOSBeta method\T1/qtm/m/n/10 ),
 []


Underfull \hbox (badness 10000) in paragraph at lines 395--397
[]\T1/txtt/m/n/10 print_outputs() \T1/qtm/m/n/10 (\T1/qtm/m/it/10 nu-cle-ar-dat
-
 []


Underfull \hbox (badness 10000) in paragraph at lines 395--397
\T1/qtm/m/it/10 apy.setup_eos_esym.SetupEOSEsym method\T1/qtm/m/n/10 ),
 []


Underfull \hbox (badness 10000) in paragraph at lines 397--399
[]\T1/txtt/m/n/10 print_outputs() \T1/qtm/m/n/10 (\T1/qtm/m/it/10 nu-cle-ar-dat
-
 []


Underfull \hbox (badness 10000) in paragraph at lines 397--399
\T1/qtm/m/it/10 apy.setup_eos_ffg.SetupEOSFFG method\T1/qtm/m/n/10 ),
 []


Underfull \hbox (badness 10000) in paragraph at lines 399--401
[]\T1/txtt/m/n/10 print_outputs() \T1/qtm/m/n/10 (\T1/qtm/m/it/10 nu-cle-ar-dat
-
 []


Underfull \hbox (badness 10000) in paragraph at lines 399--401
\T1/qtm/m/it/10 apy.setup_eos_hic.SetupEOSHIC method\T1/qtm/m/n/10 ),
 []


Underfull \hbox (badness 10000) in paragraph at lines 401--403
[]\T1/txtt/m/n/10 print_outputs() \T1/qtm/m/n/10 (\T1/qtm/m/it/10 nu-cle-ar-dat
-
 []


Underfull \hbox (badness 10000) in paragraph at lines 403--405
[]\T1/txtt/m/n/10 print_outputs() \T1/qtm/m/n/10 (\T1/qtm/m/it/10 nu-cle-ar-dat
-
 []


Overfull \hbox (7.38252pt too wide) in paragraph at lines 403--405
\T1/qtm/m/it/10 apy.setup_eos_micro_band.SetupEOSMicroBand
 []


Underfull \hbox (badness 10000) in paragraph at lines 405--407
[]\T1/txtt/m/n/10 print_outputs() \T1/qtm/m/n/10 (\T1/qtm/m/it/10 nu-cle-ar-dat
-
 []


Underfull \hbox (badness 10000) in paragraph at lines 405--407
\T1/qtm/m/it/10 apy.setup_eos_micro_lp.SetupEOSMicroLP
 []


Underfull \hbox (badness 10000) in paragraph at lines 407--409
[]\T1/txtt/m/n/10 print_outputs() \T1/qtm/m/n/10 (\T1/qtm/m/it/10 nu-cle-ar-dat
-
 []


Underfull \hbox (badness 10000) in paragraph at lines 407--409
\T1/qtm/m/it/10 apy.setup_eos_pheno.SetupEOSPheno
 []


Underfull \hbox (badness 10000) in paragraph at lines 409--411
[]\T1/txtt/m/n/10 print_outputs() \T1/qtm/m/n/10 (\T1/qtm/m/it/10 nu-cle-ar-dat
-
 []


Underfull \hbox (badness 10000) in paragraph at lines 409--411
\T1/qtm/m/it/10 apy.setup_nuc_be_exp.SetupNucBEExp
 []


Underfull \hbox (badness 10000) in paragraph at lines 411--413
[]\T1/txtt/m/n/10 print_outputs() \T1/qtm/m/n/10 (\T1/qtm/m/it/10 nu-cle-ar-dat
-
 []


Underfull \hbox (badness 10000) in paragraph at lines 411--413
\T1/qtm/m/it/10 apy.setup_nuc_be_theo.SetupNucBETheo
 []


Underfull \hbox (badness 10000) in paragraph at lines 413--415
[]\T1/txtt/m/n/10 print_outputs() \T1/qtm/m/n/10 (\T1/qtm/m/it/10 nu-cle-ar-dat
-
 []


Underfull \hbox (badness 10000) in paragraph at lines 413--415
\T1/qtm/m/it/10 apy.setup_nuc_isgmr_exp.SetupNucISGMRExp
 []


Underfull \hbox (badness 10000) in paragraph at lines 415--417
[]\T1/txtt/m/n/10 print_outputs() \T1/qtm/m/n/10 (\T1/qtm/m/it/10 nu-cle-ar-dat
-
 []


Underfull \hbox (badness 10000) in paragraph at lines 415--417
\T1/qtm/m/it/10 apy.setup_nuc_rch_exp.SetupNucRchExp
 []


Overfull \hbox (14.63239pt too wide) in paragraph at lines 420--422
[]\T1/txtt/m/n/10 R_unit \T1/qtm/m/n/10 (\T1/qtm/m/it/10 nu-cle-ar-dat-apy.setu
p_nuc_rch_exp.SetupNucRchExp
 []


Underfull \hbox (badness 10000) in paragraph at lines 422--424
[]\T1/txtt/m/n/10 Rch_isotopes() \T1/qtm/m/n/10 (\T1/qtm/m/it/10 nu-cle-ar-dat-

 []


Underfull \hbox (badness 10000) in paragraph at lines 422--424
\T1/qtm/m/it/10 apy.setup_nuc_rch_exp.SetupNucRchExp
 []


Underfull \hbox (badness 10000) in paragraph at lines 425--427
[]\T1/txtt/m/n/10 ref \T1/qtm/m/n/10 (\T1/qtm/m/it/10 nu-cle-ar-dat-apy.setup_a
stro_gw.SetupAstroGW
 []


Overfull \hbox (5.59244pt too wide) in paragraph at lines 427--429
[]\T1/txtt/m/n/10 ref \T1/qtm/m/n/10 (\T1/qtm/m/it/10 nu-cle-ar-dat-apy.setup_a
stro_masses.SetupAstroMasses
 []


Overfull \hbox (17.95245pt too wide) in paragraph at lines 431--433
[]\T1/txtt/m/n/10 ref \T1/qtm/m/n/10 (\T1/qtm/m/it/10 nu-cle-ar-dat-apy.setup_C
orEsymLsym.SetupCorEsymLsym
 []


Underfull \hbox (badness 10000) in paragraph at lines 433--435
[]\T1/txtt/m/n/10 ref \T1/qtm/m/n/10 (\T1/qtm/m/it/10 nu-cle-ar-dat-apy.setup_n
uc_be_exp.SetupNucBEExp
 []


Overfull \hbox (23.79247pt too wide) in paragraph at lines 435--437
[]\T1/txtt/m/n/10 ref \T1/qtm/m/n/10 (\T1/qtm/m/it/10 nu-cle-ar-dat-apy.setup_n
uc_isgmr_exp.SetupNucISGMRExp
 []


Underfull \hbox (badness 10000) in paragraph at lines 443--445
[]\T1/txtt/m/n/10 select() \T1/qtm/m/n/10 (\T1/qtm/m/it/10 nu-cle-ar-dat-
 []


Underfull \hbox (badness 10000) in paragraph at lines 443--445
\T1/qtm/m/it/10 apy.setup_nuc_be_exp.SetupNucBEExp
 []


Underfull \hbox (badness 10000) in paragraph at lines 445--447
[]\T1/txtt/m/n/10 select_year() \T1/qtm/m/n/10 (\T1/qtm/m/it/10 nu-cle-ar-dat-
 []


Underfull \hbox (badness 10000) in paragraph at lines 445--447
\T1/qtm/m/it/10 apy.setup_nuc_be_exp.SetupNucBEExp
 []


Underfull \hbox (badness 10000) in paragraph at lines 448--450
[]\T1/txtt/m/n/10 SetupAstroGWAverage \T1/qtm/m/n/10 (\T1/qtm/m/it/10 class in 
nu-cle-ar-dat-
 []


Underfull \hbox (badness 10000) in paragraph at lines 450--452
[]\T1/txtt/m/n/10 SetupAstroMasses \T1/qtm/m/n/10 (\T1/qtm/m/it/10 class in nu-
cle-ar-dat-
 []


Underfull \hbox (badness 10000) in paragraph at lines 452--454
[]\T1/txtt/m/n/10 SetupAstroMassesAverage \T1/qtm/m/n/10 (\T1/qtm/m/it/10 class
 in nu-cle-ar-dat-
 []


Underfull \hbox (badness 10000) in paragraph at lines 454--456
[]\T1/txtt/m/n/10 SetupAstroMtot \T1/qtm/m/n/10 (\T1/qtm/m/it/10 class in nu-cl
e-ar-dat-
 []


Underfull \hbox (badness 10000) in paragraph at lines 456--458
[]\T1/txtt/m/n/10 SetupAstroMtotAverage \T1/qtm/m/n/10 (\T1/qtm/m/it/10 class i
n nu-cle-ar-dat-
 []


Underfull \hbox (badness 10000) in paragraph at lines 458--460
[]\T1/txtt/m/n/10 SetupAstroMtov \T1/qtm/m/n/10 (\T1/qtm/m/it/10 class in nu-cl
e-ar-dat-
 []


Underfull \hbox (badness 10000) in paragraph at lines 460--462
[]\T1/txtt/m/n/10 SetupCorEsymLsym \T1/qtm/m/n/10 (\T1/qtm/m/it/10 class in nu-
cle-ar-dat-
 []

[57]
Underfull \hbox (badness 10000) in paragraph at lines 468--469
[]\T1/txtt/m/n/10 SetupEOSMicro \T1/qtm/m/n/10 (\T1/qtm/m/it/10 class in nu-cle
-ar-dat-
 []


Underfull \hbox (badness 10000) in paragraph at lines 469--471
[]\T1/txtt/m/n/10 SetupEOSMicroBand \T1/qtm/m/n/10 (\T1/qtm/m/it/10 class in nu
-cle-ar-dat-
 []


Underfull \hbox (badness 10000) in paragraph at lines 471--473
[]\T1/txtt/m/n/10 SetupEOSMicroLP \T1/qtm/m/n/10 (\T1/qtm/m/it/10 class in nu-c
le-ar-dat-
 []


Underfull \hbox (badness 10000) in paragraph at lines 473--474
[]\T1/txtt/m/n/10 SetupEOSPheno \T1/qtm/m/n/10 (\T1/qtm/m/it/10 class in nu-cle
-ar-dat-
 []


Underfull \hbox (badness 10000) in paragraph at lines 474--476
[]\T1/txtt/m/n/10 SetupNucBEExp \T1/qtm/m/n/10 (\T1/qtm/m/it/10 class in nu-cle
-ar-dat-
 []


Underfull \hbox (badness 10000) in paragraph at lines 476--478
[]\T1/txtt/m/n/10 SetupNucBETheo \T1/qtm/m/n/10 (\T1/qtm/m/it/10 class in nu-cl
e-ar-dat-
 []


Underfull \hbox (badness 10000) in paragraph at lines 478--480
[]\T1/txtt/m/n/10 SetupNucISGMRExp \T1/qtm/m/n/10 (\T1/qtm/m/it/10 class in nu-
cle-ar-dat-
 []


Underfull \hbox (badness 10000) in paragraph at lines 480--482
[]\T1/txtt/m/n/10 SetupNucRchExp \T1/qtm/m/n/10 (\T1/qtm/m/it/10 class in nu-cl
e-ar-dat-
 []


Overfull \hbox (21.1724pt too wide) in paragraph at lines 482--484
[]\T1/txtt/m/n/10 sig_do \T1/qtm/m/n/10 (\T1/qtm/m/it/10 nu-cle-ar-dat-apy.setu
p_astro_masses.SetupAstroMasses
 []


Overfull \hbox (21.1724pt too wide) in paragraph at lines 486--488
[]\T1/txtt/m/n/10 sig_up \T1/qtm/m/n/10 (\T1/qtm/m/it/10 nu-cle-ar-dat-apy.setu
p_astro_masses.SetupAstroMasses
 []


Overfull \hbox (34.12244pt too wide) in paragraph at lines 493--495
[]\T1/txtt/m/n/10 table \T1/qtm/m/n/10 (\T1/qtm/m/it/10 nu-cle-ar-dat-apy.setup
_nuc_isgmr_exp.SetupNucISGMRExp
 []


Underfull \hbox (badness 10000) in paragraph at lines 499--501
[]\T1/txtt/m/n/10 xn_bound \T1/qtm/m/n/10 (\T1/qtm/m/it/10 nu-cle-ar-dat-apy.se
tup_crust.SetupCrust at-
 []


Underfull \hbox (badness 10000) in paragraph at lines 502--504
[]\T1/txtt/m/n/10 xp_bound \T1/qtm/m/n/10 (\T1/qtm/m/it/10 nu-cle-ar-dat-apy.se
tup_crust.SetupCrust at-
 []


Underfull \hbox (badness 7851) in paragraph at lines 504--506
[]\T1/txtt/m/n/10 xpn_bound \T1/qtm/m/n/10 (\T1/qtm/m/it/10 nu-cle-ar-dat-apy.s
etup_crust.SetupCrust at-
 []


Underfull \hbox (badness 10000) in paragraph at lines 510--512
[]\T1/txtt/m/n/10 Z_bound \T1/qtm/m/n/10 (\T1/qtm/m/it/10 nu-cle-ar-dat-apy.set
up_crust.SetupCrust at-
 []

[58

]) (./nucleardatapy.aux)
 ***********
LaTeX2e <2023-11-01> patch level 1
L3 programming layer <2024-02-20>
 ***********
Package rerunfilecheck Info: File `nucleardatapy.out' has not changed.
(rerunfilecheck)             Checksum: B688F2A5C4768097E117642751F172EB;4229.
 ) 
Here is how much of TeX's memory you used:
 20984 strings out of 474116
 393820 string characters out of 5743682
 1945187 words of memory out of 5000000
 42555 multiletter control sequences out of 15000+600000
 613350 words of font info for 84 fonts, out of 8000000 for 9000
 1142 hyphenation exceptions out of 8191
 72i,12n,83p,3937b,750s stack positions out of 10000i,1000n,20000p,200000b,200000s
</usr/local/texlive/2024/texmf-dist/fonts/type1/public/fontawesome5/FontAweso
me5Free-Solid.pfb></usr/local/texlive/2024/texmf-dist/fonts/type1/public/tex-gy
re/qhvb.pfb></usr/local/texlive/2024/texmf-dist/fonts/type1/public/tex-gyre/qhv
bi.pfb></usr/local/texlive/2024/texmf-dist/fonts/type1/public/tex-gyre/qhvr.pfb
></usr/local/texlive/2024/texmf-dist/fonts/type1/public/tex-gyre/qtmb.pfb></usr
/local/texlive/2024/texmf-dist/fonts/type1/public/tex-gyre/qtmr.pfb></usr/local
/texlive/2024/texmf-dist/fonts/type1/public/tex-gyre/qtmri.pfb></usr/local/texl
ive/2024/texmf-dist/fonts/type1/public/txfonts/t1xbtt.pfb></usr/local/texlive/2
024/texmf-dist/fonts/type1/public/txfonts/t1xtt.pfb></usr/local/texlive/2024/te
xmf-dist/fonts/type1/public/txfonts/t1xtt.pfb></usr/local/texlive/2024/texmf-di
st/fonts/type1/public/txfonts/tcxtt.pfb></usr/local/texlive/2024/texmf-dist/fon
ts/type1/urw/times/utmr8a.pfb>
Output written on nucleardatapy.pdf (62 pages, 2155419 bytes).
PDF statistics:
 1237 PDF objects out of 1440 (max. 8388607)
 1057 compressed objects within 11 object streams
 377 named destinations out of 1000 (max. 500000)
 514 words of extra memory for PDF output out of 10000 (max. 10000000)

