This is pdfTeX, Version 3.141592653-2.6-1.40.26 (TeX Live 2024/MacPorts 2024.70613_0) (preloaded format=pdflatex 2024.6.13)  18 JUL 2024 18:43
entering extended mode
 restricted \write18 enabled.
 %&-line parsing enabled.
**nucleardatapy.tex
(./nucleardatapy.tex
LaTeX2e <2023-11-01> patch level 1
L3 programming layer <2024-02-20>
(./sphinxmanual.cls
Document Class: sphinxmanual 2019/12/01 v2.3.0 Document class (Sphinx manual)
(/opt/local/share/texmf-texlive/tex/latex/base/report.cls
Document Class: report 2023/05/17 v1.4n Standard LaTeX document class
(/opt/local/share/texmf-texlive/tex/latex/base/size10.clo
File: size10.clo 2023/05/17 v1.4n Standard LaTeX file (size option)
)
\c@part=\count188
\c@chapter=\count189
\c@section=\count190
\c@subsection=\count191
\c@subsubsection=\count192
\c@paragraph=\count193
\c@subparagraph=\count194
\c@figure=\count195
\c@table=\count196
\abovecaptionskip=\skip48
\belowcaptionskip=\skip49
\bibindent=\dimen140
)
LaTeX Info: Redefining \and on input line 35.
)
(/opt/local/share/texmf-texlive/tex/latex/base/inputenc.sty
Package: inputenc 2021/02/14 v1.3d Input encoding file
\inpenc@prehook=\toks17
\inpenc@posthook=\toks18
)
   defining Unicode char U+00A0 (decimal 160)
   defining Unicode char U+2500 (decimal 9472)
   defining Unicode char U+2502 (decimal 9474)
   defining Unicode char U+2514 (decimal 9492)
   defining Unicode char U+251C (decimal 9500)
   defining Unicode char U+2572 (decimal 9586)

(/opt/local/share/texmf-texlive/tex/latex/cmap/cmap.sty
Package: cmap 2021/02/06 v1.0j CMap support: searchable PDF
)
(/opt/local/share/texmf-texlive/tex/latex/base/fontenc.sty
Package: fontenc 2021/04/29 v2.0v Standard LaTeX package
<<t1.cmap>>)
(/opt/local/share/texmf-texlive/tex/latex/amsmath/amsmath.sty
Package: amsmath 2023/05/13 v2.17o AMS math features
\@mathmargin=\skip50

For additional information on amsmath, use the `?' option.
(/opt/local/share/texmf-texlive/tex/latex/amsmath/amstext.sty
Package: amstext 2021/08/26 v2.01 AMS text

(/opt/local/share/texmf-texlive/tex/latex/amsmath/amsgen.sty
File: amsgen.sty 1999/11/30 v2.0 generic functions
\@emptytoks=\toks19
\ex@=\dimen141
))
(/opt/local/share/texmf-texlive/tex/latex/amsmath/amsbsy.sty
Package: amsbsy 1999/11/29 v1.2d Bold Symbols
\pmbraise@=\dimen142
)
(/opt/local/share/texmf-texlive/tex/latex/amsmath/amsopn.sty
Package: amsopn 2022/04/08 v2.04 operator names
)
\inf@bad=\count197
LaTeX Info: Redefining \frac on input line 234.
\uproot@=\count198
\leftroot@=\count199
LaTeX Info: Redefining \overline on input line 399.
LaTeX Info: Redefining \colon on input line 410.
\classnum@=\count266
\DOTSCASE@=\count267
LaTeX Info: Redefining \ldots on input line 496.
LaTeX Info: Redefining \dots on input line 499.
LaTeX Info: Redefining \cdots on input line 620.
\Mathstrutbox@=\box51
\strutbox@=\box52
LaTeX Info: Redefining \big on input line 722.
LaTeX Info: Redefining \Big on input line 723.
LaTeX Info: Redefining \bigg on input line 724.
LaTeX Info: Redefining \Bigg on input line 725.
\big@size=\dimen143
LaTeX Font Info:    Redeclaring font encoding OML on input line 743.
LaTeX Font Info:    Redeclaring font encoding OMS on input line 744.
\macc@depth=\count268
LaTeX Info: Redefining \bmod on input line 905.
LaTeX Info: Redefining \pmod on input line 910.
LaTeX Info: Redefining \smash on input line 940.
LaTeX Info: Redefining \relbar on input line 970.
LaTeX Info: Redefining \Relbar on input line 971.
\c@MaxMatrixCols=\count269
\dotsspace@=\muskip16
\c@parentequation=\count270
\dspbrk@lvl=\count271
\tag@help=\toks20
\row@=\count272
\column@=\count273
\maxfields@=\count274
\andhelp@=\toks21
\eqnshift@=\dimen144
\alignsep@=\dimen145
\tagshift@=\dimen146
\tagwidth@=\dimen147
\totwidth@=\dimen148
\lineht@=\dimen149
\@envbody=\toks22
\multlinegap=\skip51
\multlinetaggap=\skip52
\mathdisplay@stack=\toks23
LaTeX Info: Redefining \[ on input line 2953.
LaTeX Info: Redefining \] on input line 2954.
)
(/opt/local/share/texmf-texlive/tex/latex/amsfonts/amssymb.sty
Package: amssymb 2013/01/14 v3.01 AMS font symbols

(/opt/local/share/texmf-texlive/tex/latex/amsfonts/amsfonts.sty
Package: amsfonts 2013/01/14 v3.01 Basic AMSFonts support
\symAMSa=\mathgroup4
\symAMSb=\mathgroup5
LaTeX Font Info:    Redeclaring math symbol \hbar on input line 98.
LaTeX Font Info:    Overwriting math alphabet `\mathfrak' in version `bold'
(Font)                  U/euf/m/n --> U/euf/b/n on input line 106.
))
(/opt/local/share/texmf-texlive/tex/generic/babel/babel.sty
Package: babel 2024/02/07 v24.2 The Babel package
\babel@savecnt=\count275
\U@D=\dimen150
\l@unhyphenated=\language5

(/opt/local/share/texmf-texlive/tex/generic/babel/txtbabel.def)
\bbl@readstream=\read2
\bbl@dirlevel=\count276

(/opt/local/share/texmf-texlive/tex/generic/babel-english/english.ldf
Language: english 2017/06/06 v3.3r English support from the babel system
Package babel Info: Hyphen rules for 'british' set to \l@english
(babel)             (\language0). Reported on input line 82.
Package babel Info: Hyphen rules for 'UKenglish' set to \l@english
(babel)             (\language0). Reported on input line 83.
Package babel Info: Hyphen rules for 'canadian' set to \l@english
(babel)             (\language0). Reported on input line 102.
Package babel Info: Hyphen rules for 'australian' set to \l@english
(babel)             (\language0). Reported on input line 105.
Package babel Info: Hyphen rules for 'newzealand' set to \l@english
(babel)             (\language0). Reported on input line 108.
))
(/opt/local/share/texmf-texlive/tex/generic/babel/locale/en/babel-english.tex
Package babel Info: Importing font and identification data for english
(babel)             from babel-en.ini. Reported on input line 11.
)
(/opt/local/share/texmf-texlive/tex/latex/tex-gyre/tgtermes.sty
Package: tgtermes 2009/09/27 v1.2 TeX Gyre Termes as default roman family

(/opt/local/share/texmf-texlive/tex/latex/kvoptions/kvoptions.sty
Package: kvoptions 2022-06-15 v3.15 Key value format for package options (HO)

(/opt/local/share/texmf-texlive/tex/latex/graphics/keyval.sty
Package: keyval 2022/05/29 v1.15 key=value parser (DPC)
\KV@toks@=\toks24
)
(/opt/local/share/texmf-texlive/tex/generic/ltxcmds/ltxcmds.sty
Package: ltxcmds 2023-12-04 v1.26 LaTeX kernel commands for general use (HO)
)
(/opt/local/share/texmf-texlive/tex/latex/kvsetkeys/kvsetkeys.sty
Package: kvsetkeys 2022-10-05 v1.19 Key value parser (HO)
)))
(/opt/local/share/texmf-texlive/tex/latex/tex-gyre/tgheros.sty
Package: tgheros 2009/09/27 v1.2 TeX Gyre Heros as default sans serif family
)
(/opt/local/share/texmf-texlive/tex/latex/fncychap/fncychap.sty
Package: fncychap 2007/07/30 v1.34 LaTeX package (Revised chapters)
\RW=\skip53
\mylen=\skip54
\myhi=\skip55
\px=\skip56
\py=\skip57
\pyy=\skip58
\pxx=\skip59
\c@AlphaCnt=\count277
\c@AlphaDecCnt=\count278
) (./sphinx.sty
Package: sphinx 2021/01/27 v4.0.0 LaTeX package (Sphinx markup)

(/opt/local/share/texmf-texlive/tex/latex/xcolor/xcolor.sty
Package: xcolor 2023/11/15 v3.01 LaTeX color extensions (UK)

(/opt/local/share/texmf-texlive/tex/latex/graphics-cfg/color.cfg
File: color.cfg 2016/01/02 v1.6 sample color configuration
)
Package xcolor Info: Driver file: pdftex.def on input line 274.

(/opt/local/share/texmf-texlive/tex/latex/graphics-def/pdftex.def
File: pdftex.def 2022/09/22 v1.2b Graphics/color driver for pdftex
)
(/opt/local/share/texmf-texlive/tex/latex/graphics/mathcolor.ltx)
Package xcolor Info: Model `cmy' substituted by `cmy0' on input line 1350.
Package xcolor Info: Model `hsb' substituted by `rgb' on input line 1354.
Package xcolor Info: Model `RGB' extended on input line 1366.
Package xcolor Info: Model `HTML' substituted by `rgb' on input line 1368.
Package xcolor Info: Model `Hsb' substituted by `hsb' on input line 1369.
Package xcolor Info: Model `tHsb' substituted by `hsb' on input line 1370.
Package xcolor Info: Model `HSB' substituted by `hsb' on input line 1371.
Package xcolor Info: Model `Gray' substituted by `gray' on input line 1372.
Package xcolor Info: Model `wave' substituted by `hsb' on input line 1373.
)
\sphinxverbatimsep=\dimen151
\sphinxverbatimborder=\dimen152
\sphinxshadowsep=\dimen153
\sphinxshadowsize=\dimen154
\sphinxshadowrule=\dimen155
\spx@notice@border=\dimen156

(./sphinxoptionshyperref.sty
File: sphinxoptionshyperref.sty 2021/01/27 hyperref
) (./sphinxoptionsgeometry.sty
File: sphinxoptionsgeometry.sty 2021/01/27 geometry
)
(/opt/local/share/texmf-texlive/tex/latex/base/textcomp.sty
Package: textcomp 2020/02/02 v2.0n Standard LaTeX package
)
(/opt/local/share/texmf-texlive/tex/latex/float/float.sty
Package: float 2001/11/08 v1.3d Float enhancements (AL)
\c@float@type=\count279
\float@exts=\toks25
\float@box=\box53
\@float@everytoks=\toks26
\@floatcapt=\box54
)
(/opt/local/share/texmf-texlive/tex/latex/wrapfig/wrapfig.sty
\wrapoverhang=\dimen157
\WF@size=\dimen158
\c@WF@wrappedlines=\count280
\WF@box=\box55
\WF@everypar=\toks27
Package: wrapfig 2003/01/31  v 3.6
)
(/opt/local/share/texmf-texlive/tex/latex/capt-of/capt-of.sty
Package: capt-of 2009/12/29 v0.2 standard captions outside of floats
)
(/opt/local/share/texmf-texlive/tex/latex/tools/multicol.sty
Package: multicol 2023/03/30 v1.9f multicolumn formatting (FMi)
\c@tracingmulticols=\count281
\mult@box=\box56
\multicol@leftmargin=\dimen159
\c@unbalance=\count282
\c@collectmore=\count283
\doublecol@number=\count284
\multicoltolerance=\count285
\multicolpretolerance=\count286
\full@width=\dimen160
\page@free=\dimen161
\premulticols=\dimen162
\postmulticols=\dimen163
\multicolsep=\skip60
\multicolbaselineskip=\skip61
\partial@page=\box57
\last@line=\box58
\mc@boxedresult=\box59
\maxbalancingoverflow=\dimen164
\mult@rightbox=\box60
\mult@grightbox=\box61
\mult@firstbox=\box62
\mult@gfirstbox=\box63
\@tempa=\box64
\@tempa=\box65
\@tempa=\box66
\@tempa=\box67
\@tempa=\box68
\@tempa=\box69
\@tempa=\box70
\@tempa=\box71
\@tempa=\box72
\@tempa=\box73
\@tempa=\box74
\@tempa=\box75
\@tempa=\box76
\@tempa=\box77
\@tempa=\box78
\@tempa=\box79
\@tempa=\box80
\@tempa=\box81
\@tempa=\box82
\@tempa=\box83
\@tempa=\box84
\@tempa=\box85
\@tempa=\box86
\@tempa=\box87
\@tempa=\box88
\@tempa=\box89
\@tempa=\box90
\@tempa=\box91
\@tempa=\box92
\@tempa=\box93
\@tempa=\box94
\@tempa=\box95
\@tempa=\box96
\@tempa=\box97
\@tempa=\box98
\@tempa=\box99
\c@minrows=\count287
\c@columnbadness=\count288
\c@finalcolumnbadness=\count289
\last@try=\dimen165
\multicolovershoot=\dimen166
\multicolundershoot=\dimen167
\mult@nat@firstbox=\box100
\colbreak@box=\box101
\mc@col@check@num=\count290
)
(/opt/local/share/texmf-texlive/tex/latex/graphics/graphicx.sty
Package: graphicx 2021/09/16 v1.2d Enhanced LaTeX Graphics (DPC,SPQR)

(/opt/local/share/texmf-texlive/tex/latex/graphics/graphics.sty
Package: graphics 2022/03/10 v1.4e Standard LaTeX Graphics (DPC,SPQR)

(/opt/local/share/texmf-texlive/tex/latex/graphics/trig.sty
Package: trig 2021/08/11 v1.11 sin cos tan (DPC)
)
(/opt/local/share/texmf-texlive/tex/latex/graphics-cfg/graphics.cfg
File: graphics.cfg 2016/06/04 v1.11 sample graphics configuration
)
Package graphics Info: Driver file: pdftex.def on input line 107.
)
\Gin@req@height=\dimen168
\Gin@req@width=\dimen169
)
(./sphinxlatexgraphics.sty
File: sphinxlatexgraphics.sty 2021/01/27 graphics
\spx@image@maxheight=\dimen170
\spx@image@box=\box102
) (./sphinxlatexadmonitions.sty
File: sphinxlatexadmonitions.sty 2021/01/27 admonitions

(/opt/local/share/texmf-texlive/tex/latex/framed/framed.sty
Package: framed 2011/10/22 v 0.96: framed or shaded text with page breaks
\OuterFrameSep=\skip62
\fb@frw=\dimen171
\fb@frh=\dimen172
\FrameRule=\dimen173
\FrameSep=\dimen174
))
(./sphinxlatexliterals.sty
File: sphinxlatexliterals.sty 2021/12/06 code-blocks and parsed literals

(/opt/local/share/texmf-texlive/tex/latex/fancyvrb/fancyvrb.sty
Package: fancyvrb 2024/01/20 4.5c verbatim text (tvz,hv)
\FV@CodeLineNo=\count291
\FV@InFile=\read3
\FV@TabBox=\box103
\c@FancyVerbLine=\count292
\FV@StepNumber=\count293
\FV@OutFile=\write3
)
(/opt/local/share/texmf-texlive/tex/latex/base/alltt.sty
Package: alltt 2021/01/29 v2.0g defines alltt environment
)
(/opt/local/share/texmf-texlive/tex/latex/upquote/upquote.sty
Package: upquote 2012/04/19 v1.3 upright-quote and grave-accent glyphs in verba
tim
)
(/opt/local/share/texmf-texlive/tex/latex/needspace/needspace.sty
Package: needspace 2010/09/12 v1.3d reserve vertical space
)
\sphinxcontinuationbox=\box104
\sphinxvisiblespacebox=\box105
\sphinxVerbatim@TitleBox=\box106
\sphinxVerbatim@ContentsBox=\box107
\spx@scratchbox=\box108
)
(./sphinxlatexshadowbox.sty
File: sphinxlatexshadowbox.sty 2021/01/27 sphinxShadowBox
) (./sphinxlatexcontainers.sty
File: sphinxlatexcontainers.sty 2021/05/03 containers
)
(./sphinxhighlight.sty
Package: sphinxhighlight 2016/05/29 stylesheet for highlighting with pygments
) (./sphinxlatextables.sty
File: sphinxlatextables.sty 2021/01/27 tables

(/opt/local/share/texmf-texlive/tex/latex/tabulary/tabulary.sty
Package: tabulary 2014/06/11 v0.10 tabulary package (DPC)

(/opt/local/share/texmf-texlive/tex/latex/tools/array.sty
Package: array 2023/10/16 v2.5g Tabular extension package (FMi)
\col@sep=\dimen175
\ar@mcellbox=\box109
\extrarowheight=\dimen176
\NC@list=\toks28
\extratabsurround=\skip63
\backup@length=\skip64
\ar@cellbox=\box110
)
\TY@count=\count294
\TY@linewidth=\dimen177
\tymin=\dimen178
\tymax=\dimen179
\TY@tablewidth=\dimen180
)
(/opt/local/share/texmf-texlive/tex/latex/tools/longtable.sty
Package: longtable 2023-11-01 v4.19 Multi-page Table package (DPC)
\LTleft=\skip65
\LTright=\skip66
\LTpre=\skip67
\LTpost=\skip68
\LTchunksize=\count295
\LTcapwidth=\dimen181
\LT@head=\box111
\LT@firsthead=\box112
\LT@foot=\box113
\LT@lastfoot=\box114
\LT@gbox=\box115
\LT@cols=\count296
\LT@rows=\count297
\c@LT@tables=\count298
\c@LT@chunks=\count299
\LT@p@ftn=\toks29
)
(/opt/local/share/texmf-texlive/tex/latex/varwidth/varwidth.sty
Package: varwidth 2009/03/30 ver 0.92;  Variable-width minipages
\@vwid@box=\box116
\sift@deathcycles=\count300
\@vwid@loff=\dimen182
\@vwid@roff=\dimen183
)
\sphinx@TY@tablewidth=\dimen184
)
(./sphinxlatexnumfig.sty
File: sphinxlatexnumfig.sty 2021/01/27 numbering
) (./sphinxlatexlists.sty
File: sphinxlatexlists.sty 2021/12/20 lists
\spx@lineitemlabel=\toks30
)
\c@sphinxscope=\count301
 (./sphinxpackagefootnote.sty
Package: sphinxpackagefootnote 2022/02/12 v4.5.0 Sphinx custom footnotehyper pa
ckage (Sphinx team)
\FNH@notes=\box117
\FNH@toks=\toks31
\FNH@width=\dimen185
\c@sphinxfootnotemark=\count302
) (./sphinxlatexindbibtoc.sty
File: sphinxlatexindbibtoc.sty 2021/01/27 index, bib., toc

(/opt/local/share/texmf-texlive/tex/latex/base/makeidx.sty
Package: makeidx 2021/10/04 v1.0m Standard LaTeX package
))
(./sphinxlatexstylepage.sty
File: sphinxlatexstylepage.sty 2021/01/27 page styling

(/opt/local/share/texmf-texlive/tex/latex/parskip/parskip.sty
Rollback for package 'parskip' requested -> version 'v1'.
         This corresponds to the release introduced on 2001-04-09.

(/opt/local/share/texmf-texlive/tex/latex/parskip/parskip-2001-04-09.sty
Package: parskip 2001/04/09 non-zero parskip adjustments
))
(/opt/local/share/texmf-texlive/tex/latex/fancyhdr/fancyhdr.sty
Package: fancyhdr 2022/11/09 v4.1 Extensive control of page headers and footers

\f@nch@headwidth=\skip69
\f@nch@O@elh=\skip70
\f@nch@O@erh=\skip71
\f@nch@O@olh=\skip72
\f@nch@O@orh=\skip73
\f@nch@O@elf=\skip74
\f@nch@O@erf=\skip75
\f@nch@O@olf=\skip76
\f@nch@O@orf=\skip77
))
(./sphinxlatexstyleheadings.sty
File: sphinxlatexstyleheadings.sty 2021/01/27 headings

(/opt/local/share/texmf-texlive/tex/latex/titlesec/titlesec.sty
Package: titlesec 2023/10/27 v2.16 Sectioning titles
\ttl@box=\box118
\beforetitleunit=\skip78
\aftertitleunit=\skip79
\ttl@plus=\dimen186
\ttl@minus=\dimen187
\ttl@toksa=\toks32
\titlewidth=\dimen188
\titlewidthlast=\dimen189
\titlewidthfirst=\dimen190
))
(./sphinxlatexstyletext.sty
File: sphinxlatexstyletext.sty 2021/12/06 text styling
) (./sphinxlatexobjects.sty
File: sphinxlatexobjects.sty 2022/01/13 documentation environments
\sphinxsignaturesep=\skip80
\py@argswidth=\skip81
\lineblockindentation=\skip82
\DUlineblockindent=\skip83
))
(/opt/local/share/texmf-texlive/tex/latex/geometry/geometry.sty
Package: geometry 2020/01/02 v5.9 Page Geometry

(/opt/local/share/texmf-texlive/tex/generic/iftex/ifvtex.sty
Package: ifvtex 2019/10/25 v1.7 ifvtex legacy package. Use iftex instead.

(/opt/local/share/texmf-texlive/tex/generic/iftex/iftex.sty
Package: iftex 2022/02/03 v1.0f TeX engine tests
))
\Gm@cnth=\count303
\Gm@cntv=\count304
\c@Gm@tempcnt=\count305
\Gm@bindingoffset=\dimen191
\Gm@wd@mp=\dimen192
\Gm@odd@mp=\dimen193
\Gm@even@mp=\dimen194
\Gm@layoutwidth=\dimen195
\Gm@layoutheight=\dimen196
\Gm@layouthoffset=\dimen197
\Gm@layoutvoffset=\dimen198
\Gm@dimlist=\toks33
)
(/opt/local/share/texmf-texlive/tex/latex/hyperref/hyperref.sty
Package: hyperref 2024-01-20 v7.01h Hypertext links for LaTeX

(/opt/local/share/texmf-texlive/tex/generic/kvdefinekeys/kvdefinekeys.sty
Package: kvdefinekeys 2019-12-19 v1.6 Define keys (HO)
)
(/opt/local/share/texmf-texlive/tex/generic/pdfescape/pdfescape.sty
Package: pdfescape 2019/12/09 v1.15 Implements pdfTeX's escape features (HO)

(/opt/local/share/texmf-texlive/tex/generic/pdftexcmds/pdftexcmds.sty
Package: pdftexcmds 2020-06-27 v0.33 Utility functions of pdfTeX for LuaTeX (HO
)

(/opt/local/share/texmf-texlive/tex/generic/infwarerr/infwarerr.sty
Package: infwarerr 2019/12/03 v1.5 Providing info/warning/error messages (HO)
)
Package pdftexcmds Info: \pdf@primitive is available.
Package pdftexcmds Info: \pdf@ifprimitive is available.
Package pdftexcmds Info: \pdfdraftmode found.
))
(/opt/local/share/texmf-texlive/tex/latex/hycolor/hycolor.sty
Package: hycolor 2020-01-27 v1.10 Color options for hyperref/bookmark (HO)
)
(/opt/local/share/texmf-texlive/tex/latex/auxhook/auxhook.sty
Package: auxhook 2019-12-17 v1.6 Hooks for auxiliary files (HO)
)
(/opt/local/share/texmf-texlive/tex/latex/hyperref/nameref.sty
Package: nameref 2023-11-26 v2.56 Cross-referencing by name of section

(/opt/local/share/texmf-texlive/tex/latex/refcount/refcount.sty
Package: refcount 2019/12/15 v3.6 Data extraction from label references (HO)
)
(/opt/local/share/texmf-texlive/tex/generic/gettitlestring/gettitlestring.sty
Package: gettitlestring 2019/12/15 v1.6 Cleanup title references (HO)
)
\c@section@level=\count306
) (/opt/local/share/texmf-texlive/tex/latex/etoolbox/etoolbox.sty
Package: etoolbox 2020/10/05 v2.5k e-TeX tools for LaTeX (JAW)
\etb@tempcnta=\count307
)
\@linkdim=\dimen199
\Hy@linkcounter=\count308
\Hy@pagecounter=\count309

(/opt/local/share/texmf-texlive/tex/latex/hyperref/pd1enc.def
File: pd1enc.def 2024-01-20 v7.01h Hyperref: PDFDocEncoding definition (HO)
Now handling font encoding PD1 ...
... no UTF-8 mapping file for font encoding PD1
)
(/opt/local/share/texmf-texlive/tex/generic/intcalc/intcalc.sty
Package: intcalc 2019/12/15 v1.3 Expandable calculations with integers (HO)
)
\Hy@SavedSpaceFactor=\count310

(/opt/local/share/texmf-texlive/tex/latex/hyperref/puenc.def
File: puenc.def 2024-01-20 v7.01h Hyperref: PDF Unicode definition (HO)
Now handling font encoding PU ...
... no UTF-8 mapping file for font encoding PU
)
Package hyperref Info: Option `unicode' set `true' on input line 4062.
Package hyperref Info: Option `colorlinks' set `true' on input line 4062.
Package hyperref Info: Option `breaklinks' set `true' on input line 4062.
Package hyperref Info: Hyper figures OFF on input line 4179.
Package hyperref Info: Link nesting OFF on input line 4184.
Package hyperref Info: Hyper index ON on input line 4187.
Package hyperref Info: Plain pages OFF on input line 4194.
Package hyperref Info: Backreferencing OFF on input line 4199.
Package hyperref Info: Implicit mode ON; LaTeX internals redefined.
Package hyperref Info: Bookmarks ON on input line 4446.
\c@Hy@tempcnt=\count311

(/opt/local/share/texmf-texlive/tex/latex/url/url.sty
\Urlmuskip=\muskip17
Package: url 2013/09/16  ver 3.4  Verb mode for urls, etc.
)
LaTeX Info: Redefining \url on input line 4784.
\XeTeXLinkMargin=\dimen256

(/opt/local/share/texmf-texlive/tex/generic/bitset/bitset.sty
Package: bitset 2019/12/09 v1.3 Handle bit-vector datatype (HO)

(/opt/local/share/texmf-texlive/tex/generic/bigintcalc/bigintcalc.sty
Package: bigintcalc 2019/12/15 v1.5 Expandable calculations on big integers (HO
)
))
\Fld@menulength=\count312
\Field@Width=\dimen257
\Fld@charsize=\dimen258
Package hyperref Info: Hyper figures OFF on input line 6063.
Package hyperref Info: Link nesting OFF on input line 6068.
Package hyperref Info: Hyper index ON on input line 6071.
Package hyperref Info: backreferencing OFF on input line 6078.
Package hyperref Info: Link coloring ON on input line 6081.
Package hyperref Info: Link coloring with OCG OFF on input line 6088.
Package hyperref Info: PDF/A mode OFF on input line 6093.

(/opt/local/share/texmf-texlive/tex/latex/base/atbegshi-ltx.sty
Package: atbegshi-ltx 2021/01/10 v1.0c Emulation of the original atbegshi
package with kernel methods
)
\Hy@abspage=\count313
\c@Item=\count314
\c@Hfootnote=\count315
)
Package hyperref Info: Driver (autodetected): hpdftex.

(/opt/local/share/texmf-texlive/tex/latex/hyperref/hpdftex.def
File: hpdftex.def 2024-01-20 v7.01h Hyperref driver for pdfTeX

(/opt/local/share/texmf-texlive/tex/latex/base/atveryend-ltx.sty
Package: atveryend-ltx 2020/08/19 v1.0a Emulation of the original atveryend pac
kage
with kernel methods
)
\Fld@listcount=\count316
\c@bookmark@seq@number=\count317

(/opt/local/share/texmf-texlive/tex/latex/rerunfilecheck/rerunfilecheck.sty
Package: rerunfilecheck 2022-07-10 v1.10 Rerun checks for auxiliary files (HO)

(/opt/local/share/texmf-texlive/tex/generic/uniquecounter/uniquecounter.sty
Package: uniquecounter 2019/12/15 v1.4 Provide unlimited unique counter (HO)
)
Package uniquecounter Info: New unique counter `rerunfilecheck' on input line 2
85.
)
\Hy@SectionHShift=\skip84
)
(/opt/local/share/texmf-texlive/tex/latex/oberdiek/hypcap.sty
Package: hypcap 2016/05/16 v1.12 Adjusting the anchors of captions (HO)

(/opt/local/share/texmf-texlive/tex/latex/letltxmacro/letltxmacro.sty
Package: letltxmacro 2019/12/03 v1.6 Let assignment for LaTeX macros (HO)
))
(./sphinxmessages.sty
Package: sphinxmessages 2019/01/04 v2.0 Localized LaTeX macros (Sphinx team)
)
\@indexfile=\write4
\openout4 = `nucleardatapy.idx'.


Writing index file nucleardatapy.idx
LaTeX Font Info:    Trying to load font information for T1+qtm on input line 69
.
(/opt/local/share/texmf-texlive/tex/latex/tex-gyre/t1qtm.fd
File: t1qtm.fd 2009/09/25 v1.2 font definition file for T1/qtm
)
(/opt/local/share/texmf-texlive/tex/latex/l3backend/l3backend-pdftex.def
File: l3backend-pdftex.def 2024-02-20 L3 backend support: PDF output (pdfTeX)
\l__color_backend_stack_int=\count318
\l__pdf_internal_box=\box119
)
(./nucleardatapy.aux)
\openout1 = `nucleardatapy.aux'.

LaTeX Font Info:    Checking defaults for OML/cmm/m/it on input line 69.
LaTeX Font Info:    ... okay on input line 69.
LaTeX Font Info:    Checking defaults for OMS/cmsy/m/n on input line 69.
LaTeX Font Info:    ... okay on input line 69.
LaTeX Font Info:    Checking defaults for OT1/cmr/m/n on input line 69.
LaTeX Font Info:    ... okay on input line 69.
LaTeX Font Info:    Checking defaults for T1/cmr/m/n on input line 69.
LaTeX Font Info:    ... okay on input line 69.
LaTeX Font Info:    Checking defaults for TS1/cmr/m/n on input line 69.
LaTeX Font Info:    ... okay on input line 69.
LaTeX Font Info:    Checking defaults for OMX/cmex/m/n on input line 69.
LaTeX Font Info:    ... okay on input line 69.
LaTeX Font Info:    Checking defaults for U/cmr/m/n on input line 69.
LaTeX Font Info:    ... okay on input line 69.
LaTeX Font Info:    Checking defaults for PD1/pdf/m/n on input line 69.
LaTeX Font Info:    ... okay on input line 69.
LaTeX Font Info:    Checking defaults for PU/pdf/m/n on input line 69.
LaTeX Font Info:    ... okay on input line 69.

(/opt/local/share/texmf-texlive/tex/context/base/mkii/supp-pdf.mkii
[Loading MPS to PDF converter (version 2006.09.02).]
\scratchcounter=\count319
\scratchdimen=\dimen259
\scratchbox=\box120
\nofMPsegments=\count320
\nofMParguments=\count321
\everyMPshowfont=\toks34
\MPscratchCnt=\count322
\MPscratchDim=\dimen260
\MPnumerator=\count323
\makeMPintoPDFobject=\count324
\everyMPtoPDFconversion=\toks35
) (/opt/local/share/texmf-texlive/tex/latex/epstopdf-pkg/epstopdf-base.sty
Package: epstopdf-base 2020-01-24 v2.11 Base part for package epstopdf
Package epstopdf-base Info: Redefining graphics rule for `.eps' on input line 4
85.

(/opt/local/share/texmf-texlive/tex/latex/latexconfig/epstopdf-sys.cfg
File: epstopdf-sys.cfg 2010/07/13 v1.3 Configuration of (r)epstopdf for TeX Liv
e
))
\c@literalblock=\count325

*geometry* driver: auto-detecting
*geometry* detected driver: pdftex
*geometry* verbose mode - [ preamble ] result:
* driver: pdftex
* paper: letterpaper
* layout: <same size as paper>
* layoutoffset:(h,v)=(0.0pt,0.0pt)
* modes: twoside 
* h-part:(L,W,R)=(72.26999pt, 469.75502pt, 72.26999pt)
* v-part:(T,H,B)=(72.26999pt, 650.43001pt, 72.26999pt)
* \paperwidth=614.295pt
* \paperheight=794.96999pt
* \textwidth=469.75502pt
* \textheight=650.43001pt
* \oddsidemargin=0.0pt
* \evensidemargin=0.0pt
* \topmargin=-37.0pt
* \headheight=12.0pt
* \headsep=25.0pt
* \topskip=10.0pt
* \footskip=30.0pt
* \marginparwidth=36.135pt
* \marginparsep=11.0pt
* \columnsep=10.0pt
* \skip\footins=9.0pt plus 4.0pt minus 2.0pt
* \hoffset=0.0pt
* \voffset=0.0pt
* \mag=1000
* \@twocolumnfalse
* \@twosidetrue
* \@mparswitchtrue
* \@reversemarginfalse
* (1in=72.27pt=25.4mm, 1cm=28.453pt)

Package hyperref Info: Link coloring ON on input line 69.
(./nucleardatapy.out) (./nucleardatapy.out)
\@outlinefile=\write5
\openout5 = `nucleardatapy.out'.

Package hyperref Info: Option `pageanchor' set `false' on input line 77.
LaTeX Font Info:    Trying to load font information for T1+qhv on input line 77
.

(/opt/local/share/texmf-texlive/tex/latex/tex-gyre/t1qhv.fd
File: t1qhv.fd 2009/09/25 v1.2 font definition file for T1/qhv
)<<ot1.cmap>><<oml.cmap>><<oms.cmap>><<omx.cmap>>
LaTeX Font Info:    Trying to load font information for U+msa on input line 77.


(/opt/local/share/texmf-texlive/tex/latex/amsfonts/umsa.fd
File: umsa.fd 2013/01/14 v3.01 AMS symbols A
)
LaTeX Font Info:    Trying to load font information for U+msb on input line 77.


(/opt/local/share/texmf-texlive/tex/latex/amsfonts/umsb.fd
File: umsb.fd 2013/01/14 v3.01 AMS symbols B
) [1

{/opt/local/var/db/texmf/fonts/map/pdftex/updmap/pdftex.map}{/opt/local/share/t
exmf-texlive/fonts/enc/dvips/tex-gyre/q-ec.enc}] [2


] (./nucleardatapy.toc)
\tf@toc=\write6
\openout6 = `nucleardatapy.toc'.

 [1

] [2

] [1] [2

]
Chapter 1.
LaTeX Font Info:    Trying to load font information for T1+txtt on input line 1
19.
(/opt/local/share/texmf-texlive/tex/latex/txfonts/t1txtt.fd
File: t1txtt.fd 2000/12/15 v3.1
)
LaTeX Font Info:    Font shape `T1/txtt/b/n' in size <10> not available
(Font)              Font shape `T1/txtt/bx/n' tried instead on input line 120.
 [3]
LaTeX Font Info:    Trying to load font information for TS1+txtt on input line 
187.

(/opt/local/share/texmf-texlive/tex/latex/txfonts/ts1txtt.fd
File: ts1txtt.fd 2000/12/15 v3.1
)
LaTeX Font Info:    Font shape `T1/txtt/m/it' in size <10> not available
(Font)              Font shape `T1/txtt/m/sl' tried instead on input line 215.
 [4] [5] [6

]
Chapter 2.
LaTeX Font Info:    Trying to load font information for TS1+qtm on input line 3
05.
(/opt/local/share/texmf-texlive/tex/latex/tex-gyre/ts1qtm.fd
File: ts1qtm.fd 2009/09/25 v1.2 font definition file for TS1/qtm
) [7{/opt/local/share/texmf-texlive/fonts/enc/dvips/tex-gyre/q-ts1.enc}]
<plot_SetupMicroMatter_e2a_NM_VAR.png, id=207, 462.528pt x 346.896pt>
File: plot_SetupMicroMatter_e2a_NM_VAR.png Graphic file (type png)
<use plot_SetupMicroMatter_e2a_NM_VAR.png>
Package pdftex.def Info: plot_SetupMicroMatter_e2a_NM_VAR.png  used on input li
ne 382.
(pdftex.def)             Requested size: 323.76738pt x 242.82553pt.
<plot_SetupMicroMatter_e2a_NM_AFDMC.png, id=209, 462.528pt x 346.896pt>
File: plot_SetupMicroMatter_e2a_NM_AFDMC.png Graphic file (type png)
<use plot_SetupMicroMatter_e2a_NM_AFDMC.png>
Package pdftex.def Info: plot_SetupMicroMatter_e2a_NM_AFDMC.png  used on input 
line 389.
(pdftex.def)             Requested size: 323.76738pt x 242.82553pt.
<plot_SetupMicroMatter_e2a_NM_BHF.png, id=210, 462.528pt x 346.896pt>
File: plot_SetupMicroMatter_e2a_NM_BHF.png Graphic file (type png)
<use plot_SetupMicroMatter_e2a_NM_BHF.png>
Package pdftex.def Info: plot_SetupMicroMatter_e2a_NM_BHF.png  used on input li
ne 396.
(pdftex.def)             Requested size: 323.76738pt x 242.82553pt.
<plot_SetupMicroMatter_e2a_NM_QMC.png, id=211, 462.528pt x 346.896pt>
File: plot_SetupMicroMatter_e2a_NM_QMC.png Graphic file (type png)
<use plot_SetupMicroMatter_e2a_NM_QMC.png>
Package pdftex.def Info: plot_SetupMicroMatter_e2a_NM_QMC.png  used on input li
ne 403.
(pdftex.def)             Requested size: 323.76738pt x 242.82553pt.
<plot_SetupMicroMatter_e2a_NM_MBPT.png, id=212, 462.528pt x 346.896pt>
File: plot_SetupMicroMatter_e2a_NM_MBPT.png Graphic file (type png)
<use plot_SetupMicroMatter_e2a_NM_MBPT.png>
Package pdftex.def Info: plot_SetupMicroMatter_e2a_NM_MBPT.png  used on input l
ine 410.
(pdftex.def)             Requested size: 323.76738pt x 242.82553pt.
<plot_SetupMicroMatter_gap_NM.png, id=213, 462.528pt x 346.896pt>
File: plot_SetupMicroMatter_gap_NM.png Graphic file (type png)
<use plot_SetupMicroMatter_gap_NM.png>
Package pdftex.def Info: plot_SetupMicroMatter_gap_NM.png  used on input line 4
17.
(pdftex.def)             Requested size: 323.76738pt x 242.82553pt.
 [8 <./plot_SetupMicroMatter_e2a_NM_VAR.png>] [9 <./plot_SetupMicroMatter_e2a_N
M_AFDMC.png> <./plot_SetupMicroMatter_e2a_NM_BHF.png>] [10 <./plot_SetupMicroMa
tter_e2a_NM_QMC.png> <./plot_SetupMicroMatter_e2a_NM_MBPT.png>]
<plot_SetupMicroMatterBand_NM.png, id=240, 462.528pt x 346.896pt>
File: plot_SetupMicroMatterBand_NM.png Graphic file (type png)
<use plot_SetupMicroMatterBand_NM.png>
Package pdftex.def Info: plot_SetupMicroMatterBand_NM.png  used on input line 5
42.
(pdftex.def)             Requested size: 323.76738pt x 242.82553pt.
<plot_SetupMicroMatterBand_SM.png, id=241, 462.528pt x 346.896pt>
File: plot_SetupMicroMatterBand_SM.png Graphic file (type png)
<use plot_SetupMicroMatterBand_SM.png>
Package pdftex.def Info: plot_SetupMicroMatterBand_SM.png  used on input line 5
49.
(pdftex.def)             Requested size: 323.76738pt x 242.82553pt.
<plot_SetupMicroMatterBand_Esym.png, id=242, 462.528pt x 346.896pt>
File: plot_SetupMicroMatterBand_Esym.png Graphic file (type png)
<use plot_SetupMicroMatterBand_Esym.png>
Package pdftex.def Info: plot_SetupMicroMatterBand_Esym.png  used on input line
 556.
(pdftex.def)             Requested size: 323.76738pt x 242.82553pt.
 [11 <./plot_SetupMicroMatter_gap_NM.png>] [12 <./plot_SetupMicroMatterBand_NM.
png> <./plot_SetupMicroMatterBand_SM.png>] [13 <./plot_SetupMicroMatterBand_Esy
m.png>]
<plot_SetupMicroLP0_SM.png, id=275, 462.528pt x 346.896pt>
File: plot_SetupMicroLP0_SM.png Graphic file (type png)
<use plot_SetupMicroLP0_SM.png>
Package pdftex.def Info: plot_SetupMicroLP0_SM.png  used on input line 653.
(pdftex.def)             Requested size: 323.76738pt x 242.82553pt.
<plot_SetupMicroLP1_SM.png, id=276, 462.528pt x 346.896pt>
File: plot_SetupMicroLP1_SM.png Graphic file (type png)
<use plot_SetupMicroLP1_SM.png>
Package pdftex.def Info: plot_SetupMicroLP1_SM.png  used on input line 661.
(pdftex.def)             Requested size: 323.76738pt x 242.82553pt.
 [14 <./plot_SetupMicroLP0_SM.png>] [15 <./plot_SetupMicroLP1_SM.png>] [16]
Underfull \hbox (badness 10000) in paragraph at lines 1035--1037
[]\T1/qtm/m/n/10 Here are a set of fig-ures which are pro-duced with the Python
 sam-ple: /sam-
 []

<plot_SetupPhenoMatter-NLRH-E-NM.png, id=322, 462.528pt x 346.896pt>
File: plot_SetupPhenoMatter-NLRH-E-NM.png Graphic file (type png)
<use plot_SetupPhenoMatter-NLRH-E-NM.png>
Package pdftex.def Info: plot_SetupPhenoMatter-NLRH-E-NM.png  used on input lin
e 1042.
(pdftex.def)             Requested size: 323.76738pt x 242.82553pt.
<plot_SetupPhenoMatter-NLRH-E-SM.png, id=323, 462.528pt x 346.896pt>
File: plot_SetupPhenoMatter-NLRH-E-SM.png Graphic file (type png)
<use plot_SetupPhenoMatter-NLRH-E-SM.png>
Package pdftex.def Info: plot_SetupPhenoMatter-NLRH-E-SM.png  used on input lin
e 1049.
(pdftex.def)             Requested size: 323.76738pt x 242.82553pt.
<plot_SetupPhenoMatter-DDRH-E-NM.png, id=324, 462.528pt x 346.896pt>
File: plot_SetupPhenoMatter-DDRH-E-NM.png Graphic file (type png)
<use plot_SetupPhenoMatter-DDRH-E-NM.png>
Package pdftex.def Info: plot_SetupPhenoMatter-DDRH-E-NM.png  used on input lin
e 1056.
(pdftex.def)             Requested size: 323.76738pt x 242.82553pt.
<plot_SetupPhenoMatter-DDRH-E-SM.png, id=325, 462.528pt x 346.896pt>
File: plot_SetupPhenoMatter-DDRH-E-SM.png Graphic file (type png)
<use plot_SetupPhenoMatter-DDRH-E-SM.png>
Package pdftex.def Info: plot_SetupPhenoMatter-DDRH-E-SM.png  used on input lin
e 1063.
(pdftex.def)             Requested size: 323.76738pt x 242.82553pt.
<plot_SetupPhenoMatter-DDRHF-E-NM.png, id=326, 462.528pt x 346.896pt>
File: plot_SetupPhenoMatter-DDRHF-E-NM.png Graphic file (type png)
<use plot_SetupPhenoMatter-DDRHF-E-NM.png>
Package pdftex.def Info: plot_SetupPhenoMatter-DDRHF-E-NM.png  used on input li
ne 1070.
(pdftex.def)             Requested size: 323.76738pt x 242.82553pt.
<plot_SetupPhenoMatter-DDRHF-E-SM.png, id=327, 462.528pt x 346.896pt>
File: plot_SetupPhenoMatter-DDRHF-E-SM.png Graphic file (type png)
<use plot_SetupPhenoMatter-DDRHF-E-SM.png>
Package pdftex.def Info: plot_SetupPhenoMatter-DDRHF-E-SM.png  used on input li
ne 1077.
(pdftex.def)             Requested size: 323.76738pt x 242.82553pt.
<plot_SetupPhenoMatter-Skyrme-E-NM.png, id=328, 462.528pt x 346.896pt>
File: plot_SetupPhenoMatter-Skyrme-E-NM.png Graphic file (type png)
<use plot_SetupPhenoMatter-Skyrme-E-NM.png>
Package pdftex.def Info: plot_SetupPhenoMatter-Skyrme-E-NM.png  used on input l
ine 1084.
(pdftex.def)             Requested size: 323.76738pt x 242.82553pt.
<plot_SetupPhenoMatter-Skyrme-E-SM.png, id=329, 462.528pt x 346.896pt>
File: plot_SetupPhenoMatter-Skyrme-E-SM.png Graphic file (type png)
<use plot_SetupPhenoMatter-Skyrme-E-SM.png>
Package pdftex.def Info: plot_SetupPhenoMatter-Skyrme-E-SM.png  used on input l
ine 1091.
(pdftex.def)             Requested size: 323.76738pt x 242.82553pt.
<plot_NEP.png, id=330, 462.528pt x 346.896pt>
File: plot_NEP.png Graphic file (type png)
<use plot_NEP.png>
Package pdftex.def Info: plot_NEP.png  used on input line 1098.
(pdftex.def)             Requested size: 323.76738pt x 242.82553pt.
[17 <./plot_SetupPhenoMatter-NLRH-E-NM.png>] [18 <./plot_SetupPhenoMatter-NLRH-
E-SM.png> <./plot_SetupPhenoMatter-DDRH-E-NM.png>] [19 <./plot_SetupPhenoMatter
-DDRH-E-SM.png> <./plot_SetupPhenoMatter-DDRHF-E-NM.png>] [20 <./plot_SetupPhen
oMatter-DDRHF-E-SM.png> <./plot_SetupPhenoMatter-Skyrme-E-NM.png>] [21 <./plot_
SetupPhenoMatter-Skyrme-E-SM.png> <./plot_NEP.png>]
<plot_SetupHICMatter.png, id=375, 462.528pt x 346.896pt>
File: plot_SetupHICMatter.png Graphic file (type png)
<use plot_SetupHICMatter.png>
Package pdftex.def Info: plot_SetupHICMatter.png  used on input line 1186.
(pdftex.def)             Requested size: 323.76738pt x 242.82553pt.
 [22 <./plot_SetupHICMatter.png>]
<plot_SetupCrust.png, id=389, 462.528pt x 346.896pt>
File: plot_SetupCrust.png Graphic file (type png)
<use plot_SetupCrust.png>
Package pdftex.def Info: plot_SetupCrust.png  used on input line 1489.
(pdftex.def)             Requested size: 323.76738pt x 242.82553pt.
 [23] [24 <./plot_SetupCrust.png>] [25]
LaTeX Font Info:    Font shape `TS1/txtt/m/it' in size <10> not available
(Font)              Font shape `TS1/txtt/m/sl' tried instead on input line 1.

Underfull \hbox (badness 10000) in paragraph at lines 1921--1923
[]\T1/qtm/m/n/10 Here are a set of fig-ures which are pro-duced with the Python
 sam-ple: /sam-
 []

<plot_SetupMassesExp_AME_2020.png, id=445, 462.528pt x 346.896pt>
File: plot_SetupMassesExp_AME_2020.png Graphic file (type png)
<use plot_SetupMassesExp_AME_2020.png>
Package pdftex.def Info: plot_SetupMassesExp_AME_2020.png  used on input line 1
928.
(pdftex.def)             Requested size: 323.76738pt x 242.82553pt.
<plot_SetupMassesExp_AME_2020_year.png, id=446, 462.528pt x 346.896pt>
File: plot_SetupMassesExp_AME_2020_year.png Graphic file (type png)
<use plot_SetupMassesExp_AME_2020_year.png>
Package pdftex.def Info: plot_SetupMassesExp_AME_2020_year.png  used on input l
ine 1935.
(pdftex.def)             Requested size: 323.76738pt x 242.82553pt.
[26{/opt/local/share/texmf-texlive/fonts/enc/dvips/base/8r.enc}] [27 <./plot_Se
tupMassesExp_AME_2020.png> <./plot_SetupMassesExp_AME_2020_year.png>]
Underfull \hbox (badness 10000) in paragraph at lines 2097--2099
[]\T1/qtm/m/n/10 Here are a set of fig-ures which are pro-duced with the Python
 sam-ple: /sam-
 []

[28]
<plot_SetupMassesTheory_Zref20.png, id=476, 462.528pt x 346.896pt>
File: plot_SetupMassesTheory_Zref20.png Graphic file (type png)
<use plot_SetupMassesTheory_Zref20.png>
Package pdftex.def Info: plot_SetupMassesTheory_Zref20.png  used on input line 
2104.
(pdftex.def)             Requested size: 323.76738pt x 242.82553pt.
<plot_SetupMassesTheory_Zref50.png, id=477, 462.528pt x 346.896pt>
File: plot_SetupMassesTheory_Zref50.png Graphic file (type png)
<use plot_SetupMassesTheory_Zref50.png>
Package pdftex.def Info: plot_SetupMassesTheory_Zref50.png  used on input line 
2111.
(pdftex.def)             Requested size: 323.76738pt x 242.82553pt.
 [29 <./plot_SetupMassesTheory_Zref20.png>]
<plot_SetupRadCh.png, id=491, 462.528pt x 346.896pt>
File: plot_SetupRadCh.png Graphic file (type png)
<use plot_SetupRadCh.png>
Package pdftex.def Info: plot_SetupRadCh.png  used on input line 2318.
(pdftex.def)             Requested size: 323.76738pt x 242.82553pt.
 [30 <./plot_SetupMassesTheory_Zref50.png>] [31 <./plot_SetupRadCh.png>]
<plot_SetupISGMR.png, id=521, 462.528pt x 346.896pt>
File: plot_SetupISGMR.png Graphic file (type png)
<use plot_SetupISGMR.png>
Package pdftex.def Info: plot_SetupISGMR.png  used on input line 2523.
(pdftex.def)             Requested size: 323.76738pt x 242.82553pt.
 [32 <./plot_SetupISGMR.png>] [33]
Underfull \hbox (badness 10000) in paragraph at lines 2745--2747
[]\T1/qtm/m/n/10 Here are a set of fig-ures which are pro-duced with the Python
 sam-ple: /sam-
 []

<plot_SetupEsymLsym.png, id=557, 462.528pt x 346.896pt>
File: plot_SetupEsymLsym.png Graphic file (type png)
<use plot_SetupEsymLsym.png>
Package pdftex.def Info: plot_SetupEsymLsym.png  used on input line 2752.
(pdftex.def)             Requested size: 323.76738pt x 242.82553pt.
[34 <./plot_SetupEsymLsym.png>]
Chapter 3.
[35

] [36

] [37


] (./nucleardatapy.ind [38


]
Underfull \hbox (badness 10000) in paragraph at lines 14--16
[]\T1/txtt/m/n/10 constraint \T1/qtm/m/n/10 (\T1/qtm/m/it/10 nu-cle-ar-dat-
 []


Underfull \hbox (badness 10000) in paragraph at lines 14--16
\T1/qtm/m/it/10 apy.setup_EsymLsym.SetupEsymLsym at-
 []


Underfull \hbox (badness 10000) in paragraph at lines 16--18
[]\T1/txtt/m/n/10 constraints_EsymLsym() \T1/qtm/m/n/10 (\T1/qtm/m/it/10 in mod
-ule nu-cle-ar-dat-
 []


Overfull \hbox (52.53247pt too wide) in paragraph at lines 24--26
[]\T1/txtt/m/n/10 den \T1/qtm/m/n/10 (\T1/qtm/m/it/10 nu-cle-ar-dat-apy.setup_m
icro_matter_band.SetupMicroMatterBand
 []


Underfull \hbox (badness 10000) in paragraph at lines 26--28
[]\T1/txtt/m/n/10 den_cgs \T1/qtm/m/n/10 (\T1/qtm/m/it/10 nu-cle-ar-dat-apy.set
up_crust.SetupCrust at-
 []


Overfull \hbox (33.77242pt too wide) in paragraph at lines 29--31
[]\T1/txtt/m/n/10 diff() \T1/qtm/m/n/10 (\T1/qtm/m/it/10 nu-cle-ar-dat-apy.setu
p_masses_theory.SetupMassesTheory
 []


Underfull \hbox (badness 10000) in paragraph at lines 31--33
[]\T1/txtt/m/n/10 diff_exp() \T1/qtm/m/n/10 (\T1/qtm/m/it/10 nu-cle-ar-dat-
 []


Underfull \hbox (badness 10000) in paragraph at lines 31--33
\T1/qtm/m/it/10 apy.setup_masses_theory.SetupMassesTheory
 []


Underfull \hbox (badness 10000) in paragraph at lines 33--35
[]\T1/txtt/m/n/10 dist_nbNuc \T1/qtm/m/n/10 (\T1/qtm/m/it/10 nu-cle-ar-dat-
 []


Underfull \hbox (badness 10000) in paragraph at lines 33--35
\T1/qtm/m/it/10 apy.setup_masses_exp.SetupMassesExp at-
 []


Underfull \hbox (badness 10000) in paragraph at lines 35--37
[]\T1/txtt/m/n/10 dist_year \T1/qtm/m/n/10 (\T1/qtm/m/it/10 nu-cle-ar-dat-
 []


Underfull \hbox (badness 10000) in paragraph at lines 35--37
\T1/qtm/m/it/10 apy.setup_masses_exp.SetupMassesExp at-
 []


Overfull \hbox (9.07242pt too wide) in paragraph at lines 37--39
[]\T1/txtt/m/n/10 drip() \T1/qtm/m/n/10 (\T1/qtm/m/it/10 nu-cle-ar-dat-apy.setu
p_masses_exp.SetupMassesExp
 []


Overfull \hbox (33.77242pt too wide) in paragraph at lines 39--41
[]\T1/txtt/m/n/10 drip() \T1/qtm/m/n/10 (\T1/qtm/m/it/10 nu-cle-ar-dat-apy.setu
p_masses_theory.SetupMassesTheory
 []


Underfull \hbox (badness 10000) in paragraph at lines 44--46
[]\T1/txtt/m/n/10 e2a_int \T1/qtm/m/n/10 (\T1/qtm/m/it/10 nu-cle-ar-dat-apy.set
up_crust.SetupCrust at-
 []


Underfull \hbox (badness 10000) in paragraph at lines 46--48
[]\T1/txtt/m/n/10 e2a_int2 \T1/qtm/m/n/10 (\T1/qtm/m/it/10 nu-cle-ar-dat-apy.se
tup_crust.SetupCrust at-
 []


Underfull \hbox (badness 7851) in paragraph at lines 48--50
[]\T1/txtt/m/n/10 e2a_int_g \T1/qtm/m/n/10 (\T1/qtm/m/it/10 nu-cle-ar-dat-apy.s
etup_crust.SetupCrust at-
 []


Underfull \hbox (badness 10000) in paragraph at lines 50--52
[]\T1/txtt/m/n/10 e2a_rm \T1/qtm/m/n/10 (\T1/qtm/m/it/10 nu-cle-ar-dat-apy.setu
p_crust.SetupCrust at-
 []


Overfull \hbox (13.69246pt too wide) in paragraph at lines 54--56
[]\T1/txtt/m/n/10 Esat \T1/qtm/m/n/10 (\T1/qtm/m/it/10 nu-cle-ar-dat-apy.setup_
pheno_matter.SetupPhenoMatter
 []


Underfull \hbox (badness 10000) in paragraph at lines 56--58
[]\T1/txtt/m/n/10 Esym \T1/qtm/m/n/10 (\T1/qtm/m/it/10 nu-cle-ar-dat-apy.setup_
EsymLsym.SetupEsymLsym
 []


Underfull \hbox (badness 10000) in paragraph at lines 58--60
[]\T1/txtt/m/n/10 esym_den \T1/qtm/m/n/10 (\T1/qtm/m/it/10 nu-cle-ar-dat-
 []


Underfull \hbox (badness 10000) in paragraph at lines 58--60
\T1/qtm/m/it/10 apy.setup_pheno_matter.SetupPhenoMatter
 []


Underfull \hbox (badness 10000) in paragraph at lines 60--62
[]\T1/txtt/m/n/10 esym_e2a \T1/qtm/m/n/10 (\T1/qtm/m/it/10 nu-cle-ar-dat-
 []


Underfull \hbox (badness 10000) in paragraph at lines 60--62
\T1/qtm/m/it/10 apy.setup_pheno_matter.SetupPhenoMatter
 []


Underfull \hbox (badness 10000) in paragraph at lines 62--64
[]\T1/txtt/m/n/10 Esym_err \T1/qtm/m/n/10 (\T1/qtm/m/it/10 nu-cle-ar-dat-
 []


Underfull \hbox (badness 10000) in paragraph at lines 62--64
\T1/qtm/m/it/10 apy.setup_EsymLsym.SetupEsymLsym at-
 []


Overfull \hbox (29.61241pt too wide) in paragraph at lines 64--66
[]\T1/txtt/m/n/10 esym_kf \T1/qtm/m/n/10 (\T1/qtm/m/it/10 nu-cle-ar-dat-apy.set
up_pheno_matter.SetupPhenoMatter
 []


Underfull \hbox (badness 10000) in paragraph at lines 66--68
[]\T1/txtt/m/n/10 Esym_max \T1/qtm/m/n/10 (\T1/qtm/m/it/10 nu-cle-ar-dat-
 []


Underfull \hbox (badness 10000) in paragraph at lines 66--68
\T1/qtm/m/it/10 apy.setup_EsymLsym.SetupEsymLsym at-
 []


Underfull \hbox (badness 10000) in paragraph at lines 68--70
[]\T1/txtt/m/n/10 Esym_min \T1/qtm/m/n/10 (\T1/qtm/m/it/10 nu-cle-ar-dat-
 []


Underfull \hbox (badness 10000) in paragraph at lines 68--70
\T1/qtm/m/it/10 apy.setup_EsymLsym.SetupEsymLsym at-
 []


Overfull \hbox (3.82161pt too wide) in paragraph at lines 73--75
[]\T1/txtt/m/n/10 flagI \T1/qtm/m/n/10 (\T1/qtm/m/it/10 nu-cle-ar-dat-apy.setup
_masses_exp.SetupMassesExp
 []


Underfull \hbox (badness 10000) in paragraph at lines 75--77
[]\T1/txtt/m/n/10 flagInterp \T1/qtm/m/n/10 (\T1/qtm/m/it/10 nu-cle-ar-dat-
 []


Underfull \hbox (badness 10000) in paragraph at lines 75--77
\T1/qtm/m/it/10 apy.setup_masses_exp.SetupMassesExp at-
 []


Underfull \hbox (badness 10000) in paragraph at lines 80--82
[]\T1/txtt/m/n/10 init_self() \T1/qtm/m/n/10 (\T1/qtm/m/it/10 nu-cle-ar-dat-
 []


Underfull \hbox (badness 10000) in paragraph at lines 80--82
\T1/qtm/m/it/10 apy.setup_hic_matter.SetupHICMatter
 []


Underfull \hbox (badness 10000) in paragraph at lines 82--84
[]\T1/txtt/m/n/10 init_self() \T1/qtm/m/n/10 (\T1/qtm/m/it/10 nu-cle-ar-dat-
 []


Underfull \hbox (badness 10000) in paragraph at lines 82--84
\T1/qtm/m/it/10 apy.setup_masses_theory.SetupMassesTheory
 []

[39

]
Underfull \hbox (badness 10000) in paragraph at lines 84--86
[]\T1/txtt/m/n/10 init_self() \T1/qtm/m/n/10 (\T1/qtm/m/it/10 nu-cle-ar-dat-
 []


Underfull \hbox (badness 10000) in paragraph at lines 84--86
\T1/qtm/m/it/10 apy.setup_micro_LP.SetupMicroLP method\T1/qtm/m/n/10 ),
 []


Underfull \hbox (badness 10000) in paragraph at lines 86--88
[]\T1/txtt/m/n/10 init_self() \T1/qtm/m/n/10 (\T1/qtm/m/it/10 nu-cle-ar-dat-
 []


Underfull \hbox (badness 10000) in paragraph at lines 86--88
\T1/qtm/m/it/10 apy.setup_micro_matter.SetupMicroMatter
 []


Underfull \hbox (badness 10000) in paragraph at lines 88--90
[]\T1/txtt/m/n/10 init_self() \T1/qtm/m/n/10 (\T1/qtm/m/it/10 nu-cle-ar-dat-
 []


Overfull \hbox (28.75253pt too wide) in paragraph at lines 88--90
\T1/qtm/m/it/10 apy.setup_micro_matter_band.SetupMicroMatterBand
 []


Underfull \hbox (badness 10000) in paragraph at lines 95--96
[]\T1/txtt/m/n/10 label \T1/qtm/m/n/10 (\T1/qtm/m/it/10 nu-cle-ar-dat-apy.setup
_ISGMR.SetupISGMR
 []


Overfull \hbox (3.82243pt too wide) in paragraph at lines 96--98
[]\T1/txtt/m/n/10 label \T1/qtm/m/n/10 (\T1/qtm/m/it/10 nu-cle-ar-dat-apy.setup
_masses_exp.SetupMassesExp
 []


Overfull \hbox (18.94244pt too wide) in paragraph at lines 98--100
[]\T1/txtt/m/n/10 label \T1/qtm/m/n/10 (\T1/qtm/m/it/10 nu-cle-ar-dat-apy.setup
_pheno_matter.SetupPhenoMatter
 []


Underfull \hbox (badness 10000) in paragraph at lines 100--102
[]\T1/txtt/m/n/10 label \T1/qtm/m/n/10 (\T1/qtm/m/it/10 nu-cle-ar-dat-apy.setup
_rad_ch.SetupRadCh at-
 []


Underfull \hbox (badness 10000) in paragraph at lines 102--104
[]\T1/txtt/m/n/10 Lsym \T1/qtm/m/n/10 (\T1/qtm/m/it/10 nu-cle-ar-dat-apy.setup_
EsymLsym.SetupEsymLsym
 []


Underfull \hbox (badness 10000) in paragraph at lines 104--106
[]\T1/txtt/m/n/10 Lsym_err \T1/qtm/m/n/10 (\T1/qtm/m/it/10 nu-cle-ar-dat-
 []


Underfull \hbox (badness 10000) in paragraph at lines 104--106
\T1/qtm/m/it/10 apy.setup_EsymLsym.SetupEsymLsym at-
 []


Underfull \hbox (badness 10000) in paragraph at lines 106--108
[]\T1/txtt/m/n/10 Lsym_max \T1/qtm/m/n/10 (\T1/qtm/m/it/10 nu-cle-ar-dat-
 []


Underfull \hbox (badness 10000) in paragraph at lines 106--108
\T1/qtm/m/it/10 apy.setup_EsymLsym.SetupEsymLsym at-
 []


Underfull \hbox (badness 10000) in paragraph at lines 108--110
[]\T1/txtt/m/n/10 Lsym_min \T1/qtm/m/n/10 (\T1/qtm/m/it/10 nu-cle-ar-dat-
 []


Underfull \hbox (badness 10000) in paragraph at lines 108--110
\T1/qtm/m/it/10 apy.setup_EsymLsym.SetupEsymLsym at-
 []


Overfull \hbox (68.28242pt too wide) in paragraph at lines 113--115
[]\T1/txtt/m/n/10 matter \T1/qtm/m/n/10 (\T1/qtm/m/it/10 nu-cle-ar-dat-apy.setu
p_micro_matter_band.SetupMicroMatterBand
 []


Overfull \hbox (16.22244pt too wide) in paragraph at lines 117--119
[]\T1/txtt/m/n/10 model \T1/qtm/m/n/10 (\T1/qtm/m/it/10 nu-cle-ar-dat-apy.setup
_micro_matter.SetupMicroMatter
 []


Overfull \hbox (18.94244pt too wide) in paragraph at lines 119--121
[]\T1/txtt/m/n/10 model \T1/qtm/m/n/10 (\T1/qtm/m/it/10 nu-cle-ar-dat-apy.setup
_pheno_matter.SetupPhenoMatter
 []


Overfull \hbox (68.28242pt too wide) in paragraph at lines 121--123
[]\T1/txtt/m/n/10 models \T1/qtm/m/n/10 (\T1/qtm/m/it/10 nu-cle-ar-dat-apy.setu
p_micro_matter_band.SetupMicroMatterBand
 []


Underfull \hbox (badness 10000) in paragraph at lines 123--124
[]\T1/txtt/m/n/10 models_crust() \T1/qtm/m/n/10 (\T1/qtm/m/it/10 in mod-ule nu-
cle-ar-dat-
 []


Underfull \hbox (badness 10000) in paragraph at lines 124--126
[]\T1/txtt/m/n/10 models_micro_LP() \T1/qtm/m/n/10 (\T1/qtm/m/it/10 in mod-ule 
nu-cle-ar-dat-
 []


Underfull \hbox (badness 10000) in paragraph at lines 126--128
[]\T1/txtt/m/n/10 models_micro_matter() \T1/qtm/m/n/10 (\T1/qtm/m/it/10 in mod-
ule nu-cle-ar-dat-
 []


Underfull \hbox (badness 10000) in paragraph at lines 128--130
[]\T1/txtt/m/n/10 models_pheno_matter() \T1/qtm/m/n/10 (\T1/qtm/m/it/10 in mod-
ule nu-cle-ar-dat-
 []


Underfull \hbox (badness 10000) in paragraph at lines 149--151
[]\T1/txtt/m/n/10 N_bound \T1/qtm/m/n/10 (\T1/qtm/m/it/10 nu-cle-ar-dat-apy.set
up_crust.SetupCrust at-
 []


Overfull \hbox (9.07242pt too wide) in paragraph at lines 152--154
[]\T1/txtt/m/n/10 nbLine \T1/qtm/m/n/10 (\T1/qtm/m/it/10 nu-cle-ar-dat-apy.setu
p_masses_exp.SetupMassesExp
 []


Overfull \hbox (3.82243pt too wide) in paragraph at lines 154--156
[]\T1/txtt/m/n/10 nbNuc \T1/qtm/m/n/10 (\T1/qtm/m/it/10 nu-cle-ar-dat-apy.setup
_masses_exp.SetupMassesExp
 []


Overfull \hbox (57.78246pt too wide) in paragraph at lines 156--158
[]\T1/txtt/m/n/10 nden \T1/qtm/m/n/10 (\T1/qtm/m/it/10 nu-cle-ar-dat-apy.setup_
micro_matter_band.SetupMicroMatterBand
 []


Overfull \hbox (24.19243pt too wide) in paragraph at lines 158--160
[]\T1/txtt/m/n/10 nm_cs2 \T1/qtm/m/n/10 (\T1/qtm/m/it/10 nu-cle-ar-dat-apy.setu
p_pheno_matter.SetupPhenoMatter
 []


Overfull \hbox (24.19243pt too wide) in paragraph at lines 160--162
[]\T1/txtt/m/n/10 nm_den \T1/qtm/m/n/10 (\T1/qtm/m/it/10 nu-cle-ar-dat-apy.setu
p_pheno_matter.SetupPhenoMatter
 []


Overfull \hbox (24.19243pt too wide) in paragraph at lines 162--164
[]\T1/txtt/m/n/10 nm_e2a \T1/qtm/m/n/10 (\T1/qtm/m/it/10 nu-cle-ar-dat-apy.setu
p_pheno_matter.SetupPhenoMatter
 []


Overfull \hbox (24.19243pt too wide) in paragraph at lines 164--166
[]\T1/txtt/m/n/10 nm_gap \T1/qtm/m/n/10 (\T1/qtm/m/it/10 nu-cle-ar-dat-apy.setu
p_pheno_matter.SetupPhenoMatter
 []


Overfull \hbox (24.19243pt too wide) in paragraph at lines 166--168
[]\T1/txtt/m/n/10 nm_kfn \T1/qtm/m/n/10 (\T1/qtm/m/it/10 nu-cle-ar-dat-apy.setu
p_pheno_matter.SetupPhenoMatter
 []


Overfull \hbox (24.19243pt too wide) in paragraph at lines 168--170
[]\T1/txtt/m/n/10 nm_pre \T1/qtm/m/n/10 (\T1/qtm/m/it/10 nu-cle-ar-dat-apy.setu
p_pheno_matter.SetupPhenoMatter
 []


Underfull \hbox (badness 10000) in paragraph at lines 170--172
[]\T1/txtt/m/n/10 note \T1/qtm/m/n/10 (\T1/qtm/m/it/10 nu-cle-ar-dat-apy.setup_
EsymLsym.SetupEsymLsym
 []


Underfull \hbox (badness 10000) in paragraph at lines 172--173
[]\T1/txtt/m/n/10 note \T1/qtm/m/n/10 (\T1/qtm/m/it/10 nu-cle-ar-dat-apy.setup_
ISGMR.SetupISGMR at-
 []


Overfull \hbox (13.69246pt too wide) in paragraph at lines 175--177
[]\T1/txtt/m/n/10 note \T1/qtm/m/n/10 (\T1/qtm/m/it/10 nu-cle-ar-dat-apy.setup_
pheno_matter.SetupPhenoMatter
 []


Underfull \hbox (badness 10000) in paragraph at lines 177--178
[]\T1/txtt/m/n/10 note \T1/qtm/m/n/10 (\T1/qtm/m/it/10 nu-cle-ar-dat-apy.setup_
rad_ch.SetupRadCh at-
 []


Underfull \hbox (badness 10000) in paragraph at lines 178--179
[]\T1/txtt/m/n/10 nucA \T1/qtm/m/n/10 (\T1/qtm/m/it/10 nu-cle-ar-dat-apy.setup_
ISGMR.SetupISGMR at-
 []

[40]
Underfull \hbox (badness 10000) in paragraph at lines 181--182
[]\T1/txtt/m/n/10 nucA \T1/qtm/m/n/10 (\T1/qtm/m/it/10 nu-cle-ar-dat-apy.setup_
rad_ch.SetupRadCh at-
 []


Overfull \hbox (3.82161pt too wide) in paragraph at lines 182--184
[]\T1/txtt/m/n/10 nucBE \T1/qtm/m/n/10 (\T1/qtm/m/it/10 nu-cle-ar-dat-apy.setup
_masses_exp.SetupMassesExp
 []


Underfull \hbox (badness 10000) in paragraph at lines 184--186
[]\T1/txtt/m/n/10 nucBE_err \T1/qtm/m/n/10 (\T1/qtm/m/it/10 nu-cle-ar-dat-
 []


Underfull \hbox (badness 10000) in paragraph at lines 184--186
\T1/qtm/m/it/10 apy.setup_masses_exp.SetupMassesExp at-
 []


Overfull \hbox (3.82161pt too wide) in paragraph at lines 186--188
[]\T1/txtt/m/n/10 nucHT \T1/qtm/m/n/10 (\T1/qtm/m/it/10 nu-cle-ar-dat-apy.setup
_masses_exp.SetupMassesExp
 []


Underfull \hbox (badness 10000) in paragraph at lines 212--214
[]\T1/txtt/m/n/10 nucM12Mm1_cent \T1/qtm/m/n/10 (\T1/qtm/m/it/10 nu-cle-ar-dat-

 []


Underfull \hbox (badness 10000) in paragraph at lines 212--214
\T1/qtm/m/it/10 apy.setup_ISGMR.SetupISGMR at-tribute\T1/qtm/m/n/10 ),
 []


Underfull \hbox (badness 10000) in paragraph at lines 214--216
[]\T1/txtt/m/n/10 nucM12Mm1_errm \T1/qtm/m/n/10 (\T1/qtm/m/it/10 nu-cle-ar-dat-

 []


Underfull \hbox (badness 10000) in paragraph at lines 214--216
\T1/qtm/m/it/10 apy.setup_ISGMR.SetupISGMR at-tribute\T1/qtm/m/n/10 ),
 []


Underfull \hbox (badness 10000) in paragraph at lines 216--218
[]\T1/txtt/m/n/10 nucM12Mm1_errp \T1/qtm/m/n/10 (\T1/qtm/m/it/10 nu-cle-ar-dat-

 []


Underfull \hbox (badness 10000) in paragraph at lines 216--218
\T1/qtm/m/it/10 apy.setup_ISGMR.SetupISGMR at-tribute\T1/qtm/m/n/10 ),
 []


Underfull \hbox (badness 10000) in paragraph at lines 220--221
[]\T1/txtt/m/n/10 nucN \T1/qtm/m/n/10 (\T1/qtm/m/it/10 nu-cle-ar-dat-apy.setup_
rad_ch.SetupRadCh at-
 []


Underfull \hbox (badness 10000) in paragraph at lines 221--223
[]\T1/txtt/m/n/10 nucRch \T1/qtm/m/n/10 (\T1/qtm/m/it/10 nu-cle-ar-dat-apy.setu
p_rad_ch.SetupRadCh
 []


Underfull \hbox (badness 10000) in paragraph at lines 223--225
[]\T1/txtt/m/n/10 nucRch_err \T1/qtm/m/n/10 (\T1/qtm/m/it/10 nu-cle-ar-dat-apy.
setup_rad_ch.SetupRadCh
 []


Overfull \hbox (14.3224pt too wide) in paragraph at lines 225--227
[]\T1/txtt/m/n/10 nucStbl \T1/qtm/m/n/10 (\T1/qtm/m/it/10 nu-cle-ar-dat-apy.set
up_masses_exp.SetupMassesExp
 []


Overfull \hbox (14.3224pt too wide) in paragraph at lines 227--229
[]\T1/txtt/m/n/10 nucSymb \T1/qtm/m/n/10 (\T1/qtm/m/it/10 nu-cle-ar-dat-apy.set
up_masses_exp.SetupMassesExp
 []


Underfull \hbox (badness 10000) in paragraph at lines 231--233
[]\T1/txtt/m/n/10 nucSymbol \T1/qtm/m/n/10 (\T1/qtm/m/it/10 nu-cle-ar-dat-apy.s
etup_ISGMR.SetupISGMR
 []


Overfull \hbox (14.3224pt too wide) in paragraph at lines 233--235
[]\T1/txtt/m/n/10 nucYear \T1/qtm/m/n/10 (\T1/qtm/m/it/10 nu-cle-ar-dat-apy.set
up_masses_exp.SetupMassesExp
 []


Underfull \hbox (badness 10000) in paragraph at lines 235--236
[]\T1/txtt/m/n/10 nucZ \T1/qtm/m/n/10 (\T1/qtm/m/it/10 nu-cle-ar-dat-apy.setup_
ISGMR.SetupISGMR at-
 []


Underfull \hbox (badness 10000) in paragraph at lines 238--239
[]\T1/txtt/m/n/10 nucZ \T1/qtm/m/n/10 (\T1/qtm/m/it/10 nu-cle-ar-dat-apy.setup_
rad_ch.SetupRadCh at-
 []


Overfull \hbox (19.00243pt too wide) in paragraph at lines 242--244
[]\T1/txtt/m/n/10 param \T1/qtm/m/n/10 (\T1/qtm/m/it/10 nu-cle-ar-dat-apy.setup
_pheno_matter.SetupPhenoMatter
 []


Underfull \hbox (badness 10000) in paragraph at lines 244--246
[]\T1/txtt/m/n/10 params_pheno_matter() \T1/qtm/m/n/10 (\T1/qtm/m/it/10 in mod-
ule nu-cle-ar-dat-
 []


Underfull \hbox (badness 10000) in paragraph at lines 246--248
[]\T1/txtt/m/n/10 print_outputs() \T1/qtm/m/n/10 (\T1/qtm/m/it/10 nu-cle-ar-dat
-
 []


Underfull \hbox (badness 10000) in paragraph at lines 248--250
[]\T1/txtt/m/n/10 print_outputs() \T1/qtm/m/n/10 (\T1/qtm/m/it/10 nu-cle-ar-dat
-
 []


Underfull \hbox (badness 10000) in paragraph at lines 248--250
\T1/qtm/m/it/10 apy.setup_EsymLsym.SetupEsymLsym
 []


Underfull \hbox (badness 10000) in paragraph at lines 250--252
[]\T1/txtt/m/n/10 print_outputs() \T1/qtm/m/n/10 (\T1/qtm/m/it/10 nu-cle-ar-dat
-
 []


Underfull \hbox (badness 10000) in paragraph at lines 250--252
\T1/qtm/m/it/10 apy.setup_hic_matter.SetupHICMatter
 []


Underfull \hbox (badness 10000) in paragraph at lines 252--254
[]\T1/txtt/m/n/10 print_outputs() \T1/qtm/m/n/10 (\T1/qtm/m/it/10 nu-cle-ar-dat
-
 []


Underfull \hbox (badness 10000) in paragraph at lines 252--254
\T1/qtm/m/it/10 apy.setup_ISGMR.SetupISGMR method\T1/qtm/m/n/10 ),
 []


Underfull \hbox (badness 10000) in paragraph at lines 254--256
[]\T1/txtt/m/n/10 print_outputs() \T1/qtm/m/n/10 (\T1/qtm/m/it/10 nu-cle-ar-dat
-
 []


Underfull \hbox (badness 10000) in paragraph at lines 254--256
\T1/qtm/m/it/10 apy.setup_masses_exp.SetupMassesExp
 []


Underfull \hbox (badness 10000) in paragraph at lines 256--258
[]\T1/txtt/m/n/10 print_outputs() \T1/qtm/m/n/10 (\T1/qtm/m/it/10 nu-cle-ar-dat
-
 []


Underfull \hbox (badness 10000) in paragraph at lines 256--258
\T1/qtm/m/it/10 apy.setup_masses_theory.SetupMassesTheory
 []


Underfull \hbox (badness 10000) in paragraph at lines 258--260
[]\T1/txtt/m/n/10 print_outputs() \T1/qtm/m/n/10 (\T1/qtm/m/it/10 nu-cle-ar-dat
-
 []


Underfull \hbox (badness 10000) in paragraph at lines 258--260
\T1/qtm/m/it/10 apy.setup_micro_LP.SetupMicroLP method\T1/qtm/m/n/10 ),
 []


Underfull \hbox (badness 10000) in paragraph at lines 260--262
[]\T1/txtt/m/n/10 print_outputs() \T1/qtm/m/n/10 (\T1/qtm/m/it/10 nu-cle-ar-dat
-
 []


Underfull \hbox (badness 10000) in paragraph at lines 260--262
\T1/qtm/m/it/10 apy.setup_micro_matter.SetupMicroMatter
 []


Underfull \hbox (badness 10000) in paragraph at lines 262--264
[]\T1/txtt/m/n/10 print_outputs() \T1/qtm/m/n/10 (\T1/qtm/m/it/10 nu-cle-ar-dat
-
 []


Overfull \hbox (28.75253pt too wide) in paragraph at lines 262--264
\T1/qtm/m/it/10 apy.setup_micro_matter_band.SetupMicroMatterBand
 []


Underfull \hbox (badness 10000) in paragraph at lines 264--266
[]\T1/txtt/m/n/10 print_outputs() \T1/qtm/m/n/10 (\T1/qtm/m/it/10 nu-cle-ar-dat
-
 []


Underfull \hbox (badness 10000) in paragraph at lines 264--266
\T1/qtm/m/it/10 apy.setup_pheno_matter.SetupPhenoMatter
 []


Underfull \hbox (badness 10000) in paragraph at lines 266--268
[]\T1/txtt/m/n/10 print_outputs() \T1/qtm/m/n/10 (\T1/qtm/m/it/10 nu-cle-ar-dat
-
 []


Underfull \hbox (badness 10000) in paragraph at lines 266--268
\T1/qtm/m/it/10 apy.setup_rad_ch.SetupRadCh method\T1/qtm/m/n/10 ),
 []


Underfull \hbox (badness 10000) in paragraph at lines 271--273
[]\T1/txtt/m/n/10 R_unit \T1/qtm/m/n/10 (\T1/qtm/m/it/10 nu-cle-ar-dat-apy.setu
p_rad_ch.SetupRadCh
 []

[41]
Underfull \hbox (badness 10000) in paragraph at lines 273--275
[]\T1/txtt/m/n/10 RadCh_isotopes() \T1/qtm/m/n/10 (\T1/qtm/m/it/10 nu-cle-ar-da
t-
 []


Underfull \hbox (badness 10000) in paragraph at lines 273--275
\T1/qtm/m/it/10 apy.setup_rad_ch.SetupRadCh method\T1/qtm/m/n/10 ),
 []


Underfull \hbox (badness 10000) in paragraph at lines 277--278
[]\T1/txtt/m/n/10 ref \T1/qtm/m/n/10 (\T1/qtm/m/it/10 nu-cle-ar-dat-apy.setup_I
SGMR.SetupISGMR at-
 []


Underfull \hbox (badness 10000) in paragraph at lines 278--280
[]\T1/txtt/m/n/10 ref \T1/qtm/m/n/10 (\T1/qtm/m/it/10 nu-cle-ar-dat-apy.setup_m
asses_exp.SetupMassesExp
 []


Overfull \hbox (8.61247pt too wide) in paragraph at lines 280--282
[]\T1/txtt/m/n/10 ref \T1/qtm/m/n/10 (\T1/qtm/m/it/10 nu-cle-ar-dat-apy.setup_p
heno_matter.SetupPhenoMatter
 []


Underfull \hbox (badness 10000) in paragraph at lines 287--289
[]\T1/txtt/m/n/10 select() \T1/qtm/m/n/10 (\T1/qtm/m/it/10 nu-cle-ar-dat-
 []


Underfull \hbox (badness 10000) in paragraph at lines 287--289
\T1/qtm/m/it/10 apy.setup_masses_exp.SetupMassesExp
 []


Underfull \hbox (badness 10000) in paragraph at lines 289--291
[]\T1/txtt/m/n/10 select_year() \T1/qtm/m/n/10 (\T1/qtm/m/it/10 nu-cle-ar-dat-
 []


Underfull \hbox (badness 10000) in paragraph at lines 289--291
\T1/qtm/m/it/10 apy.setup_masses_exp.SetupMassesExp
 []


Underfull \hbox (badness 10000) in paragraph at lines 292--293
[]\T1/txtt/m/n/10 SetupEsymLsym \T1/qtm/m/n/10 (\T1/qtm/m/it/10 class in nu-cle
-ar-dat-
 []


Underfull \hbox (badness 10000) in paragraph at lines 293--295
[]\T1/txtt/m/n/10 SetupHICMatter \T1/qtm/m/n/10 (\T1/qtm/m/it/10 class in nu-cl
e-ar-dat-
 []


Underfull \hbox (badness 10000) in paragraph at lines 296--298
[]\T1/txtt/m/n/10 SetupMassesExp \T1/qtm/m/n/10 (\T1/qtm/m/it/10 class in nu-cl
e-ar-dat-
 []


Underfull \hbox (badness 10000) in paragraph at lines 298--300
[]\T1/txtt/m/n/10 SetupMassesTheory \T1/qtm/m/n/10 (\T1/qtm/m/it/10 class in nu
-cle-ar-dat-
 []


Underfull \hbox (badness 10000) in paragraph at lines 300--301
[]\T1/txtt/m/n/10 SetupMicroLP \T1/qtm/m/n/10 (\T1/qtm/m/it/10 class in nu-cle-
ar-dat-
 []


Underfull \hbox (badness 10000) in paragraph at lines 301--303
[]\T1/txtt/m/n/10 SetupMicroMatter \T1/qtm/m/n/10 (\T1/qtm/m/it/10 class in nu-
cle-ar-dat-
 []


Underfull \hbox (badness 10000) in paragraph at lines 303--305
[]\T1/txtt/m/n/10 SetupMicroMatterBand \T1/qtm/m/n/10 (\T1/qtm/m/it/10 class in
 nu-cle-ar-dat-
 []


Underfull \hbox (badness 10000) in paragraph at lines 305--307
[]\T1/txtt/m/n/10 SetupPhenoMatter \T1/qtm/m/n/10 (\T1/qtm/m/it/10 class in nu-
cle-ar-dat-
 []


Overfull \hbox (24.19243pt too wide) in paragraph at lines 308--310
[]\T1/txtt/m/n/10 sm_cs2 \T1/qtm/m/n/10 (\T1/qtm/m/it/10 nu-cle-ar-dat-apy.setu
p_pheno_matter.SetupPhenoMatter
 []


Overfull \hbox (24.19243pt too wide) in paragraph at lines 310--312
[]\T1/txtt/m/n/10 sm_den \T1/qtm/m/n/10 (\T1/qtm/m/it/10 nu-cle-ar-dat-apy.setu
p_pheno_matter.SetupPhenoMatter
 []


Overfull \hbox (24.19243pt too wide) in paragraph at lines 312--314
[]\T1/txtt/m/n/10 sm_e2a \T1/qtm/m/n/10 (\T1/qtm/m/it/10 nu-cle-ar-dat-apy.setu
p_pheno_matter.SetupPhenoMatter
 []


Overfull \hbox (24.19243pt too wide) in paragraph at lines 314--316
[]\T1/txtt/m/n/10 sm_gap \T1/qtm/m/n/10 (\T1/qtm/m/it/10 nu-cle-ar-dat-apy.setu
p_pheno_matter.SetupPhenoMatter
 []


Overfull \hbox (19.11244pt too wide) in paragraph at lines 316--318
[]\T1/txtt/m/n/10 sm_kf \T1/qtm/m/n/10 (\T1/qtm/m/it/10 nu-cle-ar-dat-apy.setup
_pheno_matter.SetupPhenoMatter
 []


Overfull \hbox (24.19243pt too wide) in paragraph at lines 318--320
[]\T1/txtt/m/n/10 sm_kfn \T1/qtm/m/n/10 (\T1/qtm/m/it/10 nu-cle-ar-dat-apy.setu
p_pheno_matter.SetupPhenoMatter
 []


Overfull \hbox (24.19243pt too wide) in paragraph at lines 320--322
[]\T1/txtt/m/n/10 sm_pre \T1/qtm/m/n/10 (\T1/qtm/m/it/10 nu-cle-ar-dat-apy.setu
p_pheno_matter.SetupPhenoMatter
 []


Underfull \hbox (badness 10000) in paragraph at lines 325--326
[]\T1/txtt/m/n/10 table \T1/qtm/m/n/10 (\T1/qtm/m/it/10 nu-cle-ar-dat-apy.setup
_ISGMR.SetupISGMR
 []


Underfull \hbox (badness 10000) in paragraph at lines 326--327
[]\T1/txtt/m/n/10 tables_isgmr() \T1/qtm/m/n/10 (\T1/qtm/m/it/10 in mod-ule nu-
cle-ar-dat-
 []


Underfull \hbox (badness 10000) in paragraph at lines 327--329
[]\T1/txtt/m/n/10 tables_masses_exp() \T1/qtm/m/n/10 (\T1/qtm/m/it/10 in mod-ul
e nu-cle-ar-dat-
 []


Underfull \hbox (badness 10000) in paragraph at lines 329--331
[]\T1/txtt/m/n/10 tables_masses_theory() \T1/qtm/m/n/10 (\T1/qtm/m/it/10 in mod
-ule nu-cle-ar-dat-
 []


Underfull \hbox (badness 10000) in paragraph at lines 331--333
[]\T1/txtt/m/n/10 tables_rad_ch() \T1/qtm/m/n/10 (\T1/qtm/m/it/10 in mod-ule nu
-cle-ar-dat-
 []


Underfull \hbox (badness 10000) in paragraph at lines 336--338
[]\T1/txtt/m/n/10 versions_masses_exp() \T1/qtm/m/n/10 (\T1/qtm/m/it/10 in mod-
ule nu-cle-ar-dat-
 []


Underfull \hbox (badness 10000) in paragraph at lines 342--344
[]\T1/txtt/m/n/10 xn_bound \T1/qtm/m/n/10 (\T1/qtm/m/it/10 nu-cle-ar-dat-apy.se
tup_crust.SetupCrust at-
 []


Underfull \hbox (badness 7851) in paragraph at lines 345--347
[]\T1/txtt/m/n/10 xpn_bound \T1/qtm/m/n/10 (\T1/qtm/m/it/10 nu-cle-ar-dat-apy.s
etup_crust.SetupCrust at-
 []

[42]) (./nucleardatapy.aux)
 ***********
LaTeX2e <2023-11-01> patch level 1
L3 programming layer <2024-02-20>
 ***********
Package rerunfilecheck Info: File `nucleardatapy.out' has not changed.
(rerunfilecheck)             Checksum: 5FB43249CBC4E213A9FE7407116CEA15;3276.
 ) 
Here is how much of TeX's memory you used:
 15675 strings out of 476076
 262345 string characters out of 5792957
 1944187 words of memory out of 5000000
 37155 multiletter control sequences out of 15000+600000
 613045 words of font info for 83 fonts, out of 8000000 for 9000
 15 hyphenation exceptions out of 8191
 72i,12n,79p,3869b,816s stack positions out of 10000i,1000n,20000p,200000b,200000s
</opt/local/share/texmf-texlive/fonts/type1/public/tex-gyre/qhvb.pfb></opt/lo
cal/share/texmf-texlive/fonts/type1/public/tex-gyre/qhvbi.pfb></opt/local/share
/texmf-texlive/fonts/type1/public/tex-gyre/qhvr.pfb></opt/local/share/texmf-tex
live/fonts/type1/public/tex-gyre/qtmb.pfb></opt/local/share/texmf-texlive/fonts
/type1/public/tex-gyre/qtmr.pfb></opt/local/share/texmf-texlive/fonts/type1/pub
lic/tex-gyre/qtmri.pfb></opt/local/share/texmf-texlive/fonts/type1/public/txfon
ts/t1xbtt.pfb></opt/local/share/texmf-texlive/fonts/type1/public/txfonts/t1xtt.
pfb></opt/local/share/texmf-texlive/fonts/type1/public/txfonts/t1xtt.pfb></opt/
local/share/texmf-texlive/fonts/type1/public/txfonts/tcxtt.pfb></opt/local/shar
e/texmf-texlive/fonts/type1/urw/times/utmr8a.pfb>
Output written on nucleardatapy.pdf (46 pages, 1476509 bytes).
PDF statistics:
 887 PDF objects out of 1000 (max. 8388607)
 752 compressed objects within 8 object streams
 261 named destinations out of 1000 (max. 500000)
 390 words of extra memory for PDF output out of 10000 (max. 10000000)

