Traceback (most recent call last):
  File "/opt/hostedtoolcache/Python/3.12.10/x64/lib/python3.12/site-packages/jupyter_cache/executors/utils.py", line 58, in single_nb_execution
    executenb(
  File "/opt/hostedtoolcache/Python/3.12.10/x64/lib/python3.12/site-packages/nbclient/client.py", line 1319, in execute
    return NotebookClient(nb=nb, resources=resources, km=km, **kwargs).execute()
           ^^^^^^^^^^^^^^^^^^^^^^^^^^^^^^^^^^^^^^^^^^^^^^^^^^^^^^^^^^^^^^^^^^^^^
  File "/opt/hostedtoolcache/Python/3.12.10/x64/lib/python3.12/site-packages/jupyter_core/utils/__init__.py", line 165, in wrapped
    return loop.run_until_complete(inner)
           ^^^^^^^^^^^^^^^^^^^^^^^^^^^^^^
  File "/opt/hostedtoolcache/Python/3.12.10/x64/lib/python3.12/asyncio/base_events.py", line 691, in run_until_complete
    return future.result()
           ^^^^^^^^^^^^^^^
  File "/opt/hostedtoolcache/Python/3.12.10/x64/lib/python3.12/site-packages/nbclient/client.py", line 709, in async_execute
    await self.async_execute_cell(
  File "/opt/hostedtoolcache/Python/3.12.10/x64/lib/python3.12/site-packages/nbclient/client.py", line 1062, in async_execute_cell
    await self._check_raise_for_error(cell, cell_index, exec_reply)
  File "/opt/hostedtoolcache/Python/3.12.10/x64/lib/python3.12/site-packages/nbclient/client.py", line 918, in _check_raise_for_error
    raise CellExecutionError.from_cell_and_msg(cell, exec_reply_content)
nbclient.exceptions.CellExecutionError: An error occurred while executing the following cell:
------------------
for source in sources:
    obss = nuda.astro.mr_obss( source = source )
    print(f'source: {source}, obss: {obss}')
    for obs in obss:
        mr = nuda.astro.setupMR( source = source, obs = obs )
        mr.print_output()
    mrav = nuda.astro.setupMRAverage( source = source )
    mrav.print_output()
------------------

----- stdout -----
source: J0030+0451, obss: [1, 2, 3, 4]
- Print output:
   source:   J0030+0451
   obs: 1
   mass: 1.44  in Mo
   sigma(mass): 0.15 0.14  in Mo
   rad: 13.02  in km
   sigma(mass): 1.24 1.06  in km
   compactness: 0.163
   sigma(comp): 0.008 0.009
   latexCite: 
   ref:     M.C. Miller, F.K. Lamb, A.J. Dittmann, aet al., ApJL 887, L24 (2019).
   label:   J0030 Miller 2019
   note:    write notes about this observation.
- Print output:
   source:   J0030+0451
   obs: 2
   mass: 1.34  in Mo
   sigma(mass): 0.15 0.16  in Mo
   rad: 12.71  in km
   sigma(mass): 1.14 1.19  in km
   compactness: 0.156
   sigma(comp): 0.008 0.01
   latexCite: 
   ref:     T.E. Riley, A.L. Watts, S. Bogdanov, P.S. Ray, et al., ApJ 887, L21 (2019).
   label:   J0030 Riley 2019
   note:    write notes about this observation.
- Print output:
   source:   J0030+0451
   obs: 3
   mass: 1.7  in Mo
   sigma(mass): 0.18 0.19  in Mo
   rad: 14.44  in km
   sigma(mass): 0.88 1.05  in km
   compactness: 0.179
   sigma(comp): 0.011 0.022
   latexCite: 
   ref:     S. Vinciguerra, T. Salmi, A.L. Watts, D. Choudhury, et al., ApJ 961, 62 (2024).
   label:   J0030 Vinciguerra 2024a
   note:    write notes about this observation.
- Print output:
   source:   J0030+0451
   obs: 4
   mass: 1.4  in Mo
   sigma(mass): 0.13 0.12  in Mo
   rad: 11.71  in km
   sigma(mass): 0.88 0.83  in km
   compactness: 0.1773
   sigma(comp): 0.0056 0.0074
   latexCite: 
   ref:     S. Vinciguerra, T. Salmi, A.L. Watts, D. Choudhury, et al., ApJ 961, 62 (2024).
   label:   J0030 Vinciguerra 2024b
   note:    write notes about this observation.
cmax: 0.187
cmin: 0.126
- No output for source J0030+0451 (average). To get output, write 'verb_output = True' in env.py.
source: J0740+6620, obss: [1, 2, 3]
- Print output:
   source:   J0740+6620
   obs: 1
   mass: 2.08  in Mo
   sigma(mass): 0.07 0.07  in Mo
   rad: 13.7  in km
   sigma(mass): 2.6 1.5  in km
   compactness: 0.0
   sigma(comp): 1.0 1.0
   latexCite: MCMiller:2021
   ref:     M.C. Miller, F.K. Lamb, A.J. Dittmann, S. Bogdanov, et al., ApJL 918, L28 (2021).
   label:   J0740 Miller 2021
   note:    write notes about this observation.
- Print output:
   source:   J0740+6620
   obs: 2
   mass: 2.072  in Mo
   sigma(mass): 0.067 0.066  in Mo
   rad: 12.39  in km
   sigma(mass): 1.3 0.98  in km
   compactness: 0.0
   sigma(comp): 1.0 1.0
   latexCite: TERiley:2021
   ref:     T.E. Riley, A.L. Watts, P.S. Ray, S. Bogdanov, et al., ApJL 918, L27 (2021).
   label:   J0740 Riley 2021
   note:    write notes about this observation.
- Print output:
   source:   J0740+6620
   obs: 3
   mass: 2.073  in Mo
   sigma(mass): 0.069 0.069  in Mo
   rad: 12.49  in km
   sigma(mass): 1.28 0.88  in km
   compactness: 0.0
   sigma(comp): 1.0 1.0
   latexCite: TSalmi:2024
   ref:     T. Salmi, D. Choudhury, Y. Kini, T.E. Riley et al., ApJ 974, 294 (2024).
   label:   J0740 Salmi 2024
   note:    write notes about this observation.
cmax: 3.0
cmin: -3.0
- No output for source J0740+6620 (average). To get output, write 'verb_output = True' in env.py.
source: J0437-4715, obss: [1]
- Print output:
   source:   J0437-4715
   obs: 1
   mass: 1.418  in Mo
   sigma(mass): 0.037 0.037  in Mo
   rad: 11.36  in km
   sigma(mass): 0.945 0.629  in km
   compactness: 0.1847
   sigma(comp): 0.0097 0.0143
   latexCite: DChoudhury:2024
   ref:     D. Choudhury, T. Salmi, S. Vinciguerra, T.E. Riley, et al., ApJL 971, L20 (2024).
   label:   J0437 Choudhury 2024
   note:    write notes about this observation.
Obs  2  is not in the list of obs.
list of obs: [1]
-- Exit the code --
------------------

[31m---------------------------------------------------------------------------[39m
[31mNameError[39m                                 Traceback (most recent call last)
[36mCell[39m[36m [39m[32mIn[5][39m[32m, line 7[39m
[32m      5[39m     mr = nuda.astro.setupMR( source = source, obs = obs )
[32m      6[39m     mr.print_output()
[32m----> [39m[32m7[39m mrav = [43mnuda[49m[43m.[49m[43mastro[49m[43m.[49m[43msetupMRAverage[49m[43m([49m[43m [49m[43msource[49m[43m [49m[43m=[49m[43m [49m[43msource[49m[43m [49m[43m)[49m
[32m      8[39m mrav.print_output()

[36mFile [39m[32m~/work/nucleardatapy/nucleardatapy/version-0.2/nucleardatapy/astro/setup_mr.py:303[39m, in [36msetupMRAverage.__init__[39m[34m(self, source, obss)[39m
[32m    300[39m cmin = [32m30.0[39m; cmax = [32m0.0[39m;
[32m    301[39m [38;5;28;01mfor[39;00m obs [38;5;129;01min[39;00m obss:
[32m    302[39m     [38;5;66;03m# mass:[39;00m
[32m--> [39m[32m303[39m     mr = [43mnuda[49m[43m.[49m[43msetupMR[49m[43m([49m[43m [49m[43msource[49m[43m [49m[43m=[49m[43m [49m[43msource[49m[43m,[49m[43m [49m[43mobs[49m[43m [49m[43m=[49m[43m [49m[43mobs[49m[43m [49m[43m)[49m
[32m    304[39m     mlo = mr.mass - [32m3[39m*mr.mass_sig_lo
[32m    305[39m     mup = mr.mass + [32m3[39m*mr.mass_sig_up

[36mFile [39m[32m~/work/nucleardatapy/nucleardatapy/version-0.2/nucleardatapy/astro/setup_mr.py:89[39m, in [36msetupMR.__init__[39m[34m(self, source, obs)[39m
[32m     87[39m     [38;5;28mprint[39m([33m'[39m[33mlist of obs:[39m[33m'[39m,obss)
[32m     88[39m     [38;5;28mprint[39m([33m'[39m[33m-- Exit the code --[39m[33m'[39m)
[32m---> [39m[32m89[39m     [43mexit[49m()
[32m     90[39m [38;5;28mself[39m.obs = obs
[32m     91[39m [38;5;28;01mif[39;00m nuda.env.verb: [38;5;28mprint[39m([33m"[39m[33mobs:[39m[33m"[39m,obs)

[31mNameError[39m: name 'exit' is not defined

