Traceback (most recent call last):
  File "/opt/hostedtoolcache/Python/3.12.10/x64/lib/python3.12/site-packages/jupyter_core/utils/__init__.py", line 154, in wrapped
    asyncio.get_running_loop()
RuntimeError: no running event loop

During handling of the above exception, another exception occurred:

Traceback (most recent call last):
  File "/opt/hostedtoolcache/Python/3.12.10/x64/lib/python3.12/site-packages/jupyter_cache/executors/utils.py", line 58, in single_nb_execution
    executenb(
  File "/opt/hostedtoolcache/Python/3.12.10/x64/lib/python3.12/site-packages/nbclient/client.py", line 1319, in execute
    return NotebookClient(nb=nb, resources=resources, km=km, **kwargs).execute()
           ^^^^^^^^^^^^^^^^^^^^^^^^^^^^^^^^^^^^^^^^^^^^^^^^^^^^^^^^^^^^^^^^^^^^^
  File "/opt/hostedtoolcache/Python/3.12.10/x64/lib/python3.12/site-packages/jupyter_core/utils/__init__.py", line 158, in wrapped
    return loop.run_until_complete(inner)
           ^^^^^^^^^^^^^^^^^^^^^^^^^^^^^^
  File "/opt/hostedtoolcache/Python/3.12.10/x64/lib/python3.12/asyncio/base_events.py", line 691, in run_until_complete
    return future.result()
           ^^^^^^^^^^^^^^^
  File "/opt/hostedtoolcache/Python/3.12.10/x64/lib/python3.12/site-packages/nbclient/client.py", line 709, in async_execute
    await self.async_execute_cell(
  File "/opt/hostedtoolcache/Python/3.12.10/x64/lib/python3.12/site-packages/nbclient/client.py", line 1062, in async_execute_cell
    await self._check_raise_for_error(cell, cell_index, exec_reply)
  File "/opt/hostedtoolcache/Python/3.12.10/x64/lib/python3.12/site-packages/nbclient/client.py", line 918, in _check_raise_for_error
    raise CellExecutionError.from_cell_and_msg(cell, exec_reply_content)
nbclient.exceptions.CellExecutionError: An error occurred while executing the following cell:
------------------
mbs, mbs_lower = nuda.matter.micro_mbs()
print('mbs:',mbs)
matters = [ 'NM', 'SM' ]
for matter in matters:
    if matter.lower() == 'nm':
        bmodels = [ '2016-MBPT-AM', '2016-QMC-NM', '2020-MBPT-AM' ]
    elif matter.lower() == 'sm':
        bmodels = [ '2016-MBPT-AM', '2020-MBPT-AM' ]
    band = nuda.matter.setupMicroBand( bmodels, matter=matter  )
    for mb in mbs:
        models, models_lower = nuda.matter.micro_models_mb_matter( mb, matter = matter )
        nuda.fig.matter_setupMicro_E_fig( pname=None, mb = mb, models = models, band = band, matter = matter )
------------------

----- stdout -----
mbs: ['VAR', 'AFDMC', 'BHF2', 'BHF23', 'QMC', 'MBPT', 'NLEFT']

Band in NM
model ->  2016-MBPT-AM
flag_nm: True
flag_sm: True
flag_kf: False
flag_den: True
model ->  2016-QMC-NM
flag_nm: True
flag_sm: False
flag_kf: True
flag_den: False
model ->  2020-MBPT-AM
flag_nm: True
flag_sm: True
flag_kf: False
flag_den: True
model ->  2016-MBPT-AM
flag_nm: True
flag_sm: True
flag_kf: False
flag_den: True
model ->  2016-QMC-NM
flag_nm: True
flag_sm: False
flag_kf: True
flag_den: False
model ->  2020-MBPT-AM
flag_nm: True
flag_sm: True
flag_kf: False
flag_den: True
model ->  2016-MBPT-AM
flag_nm: True
flag_sm: True
flag_kf: False
flag_den: True
model ->  2016-QMC-NM
flag_nm: True
flag_sm: False
flag_kf: True
flag_den: False
model ->  2020-MBPT-AM
flag_nm: True
flag_sm: True
flag_kf: False
flag_den: True
For mb (in NM): VAR
models2: ['1981-VAR-AM-FP', '1998-VAR-AM-APR', '1998-VAR-AM-APR-fit']
------------------

[31m---------------------------------------------------------------------------[39m
[31mAttributeError[39m                            Traceback (most recent call last)
[36mCell[39m[36m [39m[32mIn[8][39m[32m, line 12[39m
[32m     10[39m [38;5;28;01mfor[39;00m mb [38;5;129;01min[39;00m mbs:
[32m     11[39m     models, models_lower = nuda.matter.micro_models_mb_matter( mb, matter = matter )
[32m---> [39m[32m12[39m     [43mnuda[49m[43m.[49m[43mfig[49m[43m.[49m[43mmatter_setupMicro_E_fig[49m( pname=[38;5;28;01mNone[39;00m, mb = mb, models = models, band = band, matter = matter )

[31mAttributeError[39m: module 'nucleardatapy.fig' has no attribute 'matter_setupMicro_E_fig'

