Traceback (most recent call last):
  File "/opt/hostedtoolcache/Python/3.12.10/x64/lib/python3.12/site-packages/jupyter_cache/executors/utils.py", line 58, in single_nb_execution
    executenb(
  File "/opt/hostedtoolcache/Python/3.12.10/x64/lib/python3.12/site-packages/nbclient/client.py", line 1319, in execute
    return NotebookClient(nb=nb, resources=resources, km=km, **kwargs).execute()
           ^^^^^^^^^^^^^^^^^^^^^^^^^^^^^^^^^^^^^^^^^^^^^^^^^^^^^^^^^^^^^^^^^^^^^
  File "/opt/hostedtoolcache/Python/3.12.10/x64/lib/python3.12/site-packages/jupyter_core/utils/__init__.py", line 165, in wrapped
    return loop.run_until_complete(inner)
           ^^^^^^^^^^^^^^^^^^^^^^^^^^^^^^
  File "/opt/hostedtoolcache/Python/3.12.10/x64/lib/python3.12/asyncio/base_events.py", line 691, in run_until_complete
    return future.result()
           ^^^^^^^^^^^^^^^
  File "/opt/hostedtoolcache/Python/3.12.10/x64/lib/python3.12/site-packages/nbclient/client.py", line 709, in async_execute
    await self.async_execute_cell(
  File "/opt/hostedtoolcache/Python/3.12.10/x64/lib/python3.12/site-packages/nbclient/client.py", line 1062, in async_execute_cell
    await self._check_raise_for_error(cell, cell_index, exec_reply)
  File "/opt/hostedtoolcache/Python/3.12.10/x64/lib/python3.12/site-packages/nbclient/client.py", line 918, in _check_raise_for_error
    raise CellExecutionError.from_cell_and_msg(cell, exec_reply_content)
nbclient.exceptions.CellExecutionError: An error occurred while executing the following cell:
------------------
pheno = nuda.matter.setupMicroGap( model = model )
pheno.print_outputs()
------------------

----- stdout -----
-> model: 2006-BHF-NM
setup_micro_gap: The model name  2006-BHF-NM  is not in the list of models.
setup_micro_gap: list of models: ['2006-BHF-NM-Av18', '2008-BCS-NM', '2008-QMC-NM-swave', '2009-DLQMC-NM', '2010-QMC-NM-AV4', '2017-MBPT-NM-GAP-EMG-450-500-N2LO', '2017-MBPT-NM-GAP-EMG-450-500-N3LO', '2017-MBPT-NM-GAP-EMG-450-700-N2LO', '2017-MBPT-NM-GAP-EMG-450-700-N3LO', '2017-MBPT-NM-GAP-EM-500-N2LO', '2017-MBPT-NM-GAP-EM-500-N3LO', '2022-AFDMC-NM']
setup_micro_gap: -- Exit the code --
------------------

[31m---------------------------------------------------------------------------[39m
[31mNameError[39m                                 Traceback (most recent call last)
[36mCell[39m[36m [39m[32mIn[5][39m[32m, line 1[39m
[32m----> [39m[32m1[39m pheno = [43mnuda[49m[43m.[49m[43mmatter[49m[43m.[49m[43msetupMicroGap[49m[43m([49m[43m [49m[43mmodel[49m[43m [49m[43m=[49m[43m [49m[43mmodel[49m[43m [49m[43m)[49m
[32m      2[39m pheno.print_outputs()

[36mFile [39m[32m~/work/nucleardatapy/nucleardatapy/version-0.2/nucleardatapy/matter/setup_micro_gap.py:91[39m, in [36msetupMicroGap.__init__[39m[34m(self, model, matter)[39m
[32m     89[39m     [38;5;28mprint[39m([33m'[39m[33msetup_micro_gap: list of models:[39m[33m'[39m,models)
[32m     90[39m     [38;5;28mprint[39m([33m'[39m[33msetup_micro_gap: -- Exit the code --[39m[33m'[39m)
[32m---> [39m[32m91[39m     [43mexit[49m()
[32m     92[39m [38;5;66;03m#[39;00m
[32m     93[39m [38;5;28;01mif[39;00m model.lower() == [33m'[39m[33m2006-bhf-nm-av18[39m[33m'[39m:
[32m     94[39m     [38;5;66;03m#[39;00m

[31mNameError[39m: name 'exit' is not defined

